2017-06-18 14:48:03,111 : kivy : Factory: 194 symbols loaded
2017-06-18 14:48:03,122 : kivy : Cache: register <kv.lang> with limit=None, timeout=None
2017-06-18 14:48:04,956 : kivy : VideoGstplayer: Using Gstreamer 1.4.4.0
2017-06-18 14:48:04,958 : kivy : Video: Provider: gstplayer
2017-06-18 14:48:05,281 : kivy : Loading MPF-MC controller
2017-06-18 14:48:05,285 : mpfmc : Mission Pinball Framework Media Controller v0.33.5
2017-06-18 14:48:05,288 : mpfmc : Mission Pinball Framework Game Engine v0.33.16
2017-06-18 14:48:05,291 : mpfmc : Machine path: /home/sysop/pinball/machines/supersonic
2017-06-18 14:48:05,293 : mpfmc : Starting clock at 60.0Hz
2017-06-18 14:48:05,396 : kivy : Text: Provider: sdl2
2017-06-18 14:48:10,057 : kivy : Window: Provider: egl_rpi
2017-06-18 14:48:10,075 : kivy : Window: Actual display size: 1920x1200
2017-06-18 14:48:10,095 : kivy : GL: Using the "OpenGL ES 2" graphics system
2017-06-18 14:48:10,112 : kivy : GL: glShaderBinary is not available
2017-06-18 14:48:10,114 : kivy : GL: Backend used <gl>
2017-06-18 14:48:10,115 : kivy : GL: OpenGL version <b'OpenGL ES 2.0'>
2017-06-18 14:48:10,116 : kivy : GL: OpenGL vendor <b'Broadcom'>
2017-06-18 14:48:10,118 : kivy : GL: OpenGL renderer <b'VideoCore IV HW'>
2017-06-18 14:48:10,119 : kivy : GL: OpenGL parsed version: 2, 0
2017-06-18 14:48:10,120 : kivy : GL: Shading version <b'OpenGL ES GLSL ES 1.00'>
2017-06-18 14:48:10,122 : kivy : GL: Texture max size <2048>
2017-06-18 14:48:10,124 : kivy : GL: Texture max units <8>
2017-06-18 14:48:10,241 : kivy : Shader: fragment shader: <b'Compiled'>
2017-06-18 14:48:10,243 : kivy : Shader: Fragment compiled successfully
2017-06-18 14:48:10,246 : kivy : Shader: vertex shader: <b'Compiled'>
2017-06-18 14:48:10,247 : kivy : Shader: Vertex compiled successfully
2017-06-18 14:48:10,268 : kivy : ImageSDL2: Load </usr/local/lib/python3.4/dist-packages/kivy/data/glsl/default.png>
2017-06-18 14:48:10,278 : kivy : Modules: Start <touchring> with config {'alpha': '0.7', 'scale': '0.3', 'show_cursor': '1'}
2017-06-18 14:48:10,282 : kivy : Atlas: Load </usr/local/lib/python3.4/dist-packages/kivy/data/images/defaulttheme.atlas>
2017-06-18 14:48:10,286 : kivy : Atlas: Need to load 1 images
2017-06-18 14:48:10,287 : kivy : Atlas: Load </usr/local/lib/python3.4/dist-packages/kivy/data/images/defaulttheme-0.png>
2017-06-18 14:48:10,290 : kivy : ImageSDL2: Load </usr/local/lib/python3.4/dist-packages/kivy/data/images/defaulttheme-0.png>
2017-06-18 14:48:10,369 : kivy : Window: virtual keyboard not allowed, single mode, not docked
2017-06-18 14:48:10,394 : mpfmc : Machine path: /home/sysop/pinball/machines/supersonic
2017-06-18 14:48:10,398 : kivy : Resource: add </home/sysop/pinball/machines/supersonic/fonts> in path list
2017-06-18 14:48:10,399 : kivy : Resource: add </home/sysop/pinball/mpf-mc/mpfmc/fonts> in path list
2017-06-18 14:48:10,401 : SoundSystem : Loading the Sound System
2017-06-18 14:48:10,531 : AudioInterface : Mix_OpenAudio error - b'Audio device already open'
2017-06-18 14:48:10,532 : SoundSystem : Could not initialize the audio interface. Audio features will not be available.
2017-06-18 14:48:10,565 : kivy : App: Loading kv </home/sysop/pinball/mpf-mc/mpfmc/core/mpfmc.kv>
2017-06-18 14:48:10,568 : kivy : App: kv </home/sysop/pinball/mpf-mc/mpfmc/core/mpfmc.kv> not found
2017-06-18 14:48:10,629 : kivy : OSC: using <multiprocessing> for socket
2017-06-18 14:48:10,685 : kivy : Base: Create provider from mouse
2017-06-18 14:48:10,688 : kivy : Base: Create provider from probesysfs,provider=mtdev
2017-06-18 14:48:10,693 : kivy : ProbeSysfs: using probesysfs!
2017-06-18 14:48:10,695 : kivy : Base: Create provider from probesysfs,provider=hidinput
2017-06-18 14:48:10,697 : kivy : ProbeSysfs: using probesysfs!
2017-06-18 14:48:10,699 : kivy : Base: Create provider from probesysfs,provider=hidinput
2017-06-18 14:48:10,701 : kivy : ProbeSysfs: using probesysfs!
2017-06-18 14:48:10,703 : kivy : Base: Start application main loop
2017-06-18 14:48:10,799 : EventManager : Event: ======'slide_dmd_blank_created'====== Args={}
2017-06-18 14:48:10,802 : EventManager : Event: ======'display_dmd_ready'====== Args={}
2017-06-18 14:48:10,843 : EventManager : Event: ======'slide_window_blank_created'====== Args={}
2017-06-18 14:48:10,845 : EventManager : Event: ======'display_window_ready'====== Args={}
2017-06-18 14:48:10,870 : EventManager : Event: ======'display_dmd_initialized'====== Args={}
2017-06-18 14:48:10,874 : EventManager : Event: ======'display_window_initialized'====== Args={}
2017-06-18 14:48:10,892 : mpfmc : ASPECT RATIO MISMATCH: The on-screen window is not the same aspect ratio as the display called 'window'. The logical display will be scaled from 1280x768 to the window size 1920x1200, and a black bar will make up the difference
2017-06-18 14:48:10,901 : EventManager : Event: ======'displays_initialized'====== Args={}
2017-06-18 14:48:10,940 : EventManager : Event: ======'init_phase_1'====== Args={}
2017-06-18 14:48:11,253 : EventManager : Event: ======'mc_ready'====== Args={}
2017-06-18 14:48:11,254 : EventManager : Event: ======'init_phase_2'====== Args={}
2017-06-18 14:48:11,259 : ModeController : Found MPF Mode folders: {'carousel': 'carousel', 'service': 'service', 'game': 'game', 'bonus': 'bonus', 'credits': 'credits', 'attract': 'attract', 'tilt': 'tilt', 'high_score': 'high_score'}
2017-06-18 14:48:11,263 : ModeController : Found Machine-specific Mode folders: {'ball_return': 'ball_return', 'spinner_1k': 'spinner_1k', 'bonus': 'bonus', 'multiplier': 'multiplier', 'attract': 'attract', 'base': 'base', 'open_gate': 'open_gate', 'toprow_lites_jet_stream': 'toprow_lites_jet_stream', 'toprow_lites_center': 'toprow_lites_center'}
2017-06-18 14:48:13,954 : EventManager : Event: ======'init_phase_3'====== Args={}
2017-06-18 14:48:13,958 : AssetManager : Registering Asset: supersonic_logo, File: Supersonic_logo.png, Default Group: default, Final Config: {'load': 'preload', 'file': '/home/sysop/pinball/machines/supersonic/images/Supersonic_logo.png'}
2017-06-18 14:48:13,960 : AssetManager : Registering Asset: supersonic_logo_dmd32, File: supersonic_logo_dmd32.png, Default Group: default, Final Config: {'load': 'preload', 'file': '/home/sysop/pinball/machines/supersonic/images/supersonic_logo_dmd32.png'}
2017-06-18 14:48:13,963 : AssetManager : Registering Asset: backglass, File: backglass.png, Default Group: default, Final Config: {'load': 'preload', 'file': '/home/sysop/pinball/machines/supersonic/images/backglass.png'}
2017-06-18 14:48:13,977 : EventManager : Event: ======'init_phase_4'====== Args={}
2017-06-18 14:48:13,980 : EventManager : Event: ======'init_phase_5'====== Args={}
2017-06-18 14:48:13,983 : kivy : ImageSDL2: Load </home/sysop/pinball/machines/supersonic/images/supersonic_logo_dmd32.png>
2017-06-18 14:48:13,984 : mpfmc : Clearing boot hold init. Holds remaining: {'assets'}
2017-06-18 14:48:14,000 : kivy : ImageSDL2: Load </home/sysop/pinball/machines/supersonic/images/Supersonic_logo.png>
2017-06-18 14:48:14,123 : EventManager : Event: ======'loading_assets'====== Args={'loaded': 1, 'remaining': 2, 'percent': 33, 'total': 3}
2017-06-18 14:48:14,124 : kivy : ImageSDL2: Load </home/sysop/pinball/machines/supersonic/images/backglass.png>
2017-06-18 14:48:14,127 : AssetManager : Loading assets: 1/3 (33%)
2017-06-18 14:48:14,494 : EventManager : Event: ======'loading_assets'====== Args={'loaded': 2, 'remaining': 1, 'percent': 67, 'total': 3}
2017-06-18 14:48:14,496 : AssetManager : Loading assets: 2/3 (67%)
2017-06-18 14:48:14,498 : EventManager : Event: ======'loading_assets'====== Args={'loaded': 3, 'remaining': 0, 'percent': 100, 'total': 3}
2017-06-18 14:48:14,499 : EventManager : Event: ======'asset_loading_complete'====== Args={}
2017-06-18 14:48:14,501 : AssetManager : Loading assets: 3/3 (100%)
2017-06-18 14:48:14,503 : mpfmc : Clearing boot hold assets. Holds remaining: set()
2017-06-18 14:48:14,505 : EventManager : Event: ======'init_done'====== Args={}
2017-06-18 14:48:14,508 : MPF-MC BCP Server : Starting up on localhost port 5050
2017-06-18 14:48:14,540 : MPF-MC BCP Server : Waiting for a connection...
2017-06-18 14:48:14,576 : kivy : GL: NPOT texture support is available
2017-06-18 14:48:14,699 : MPF-MC BCP Server : Received connection from: 127.0.0.1:33682
2017-06-18 14:48:14,727 : MPF-MC BCP Server : Received "hello?controller_version=0.33.16&controller_name=Mission%20Pinball%20Framework&version=1.1"
2017-06-18 14:48:14,789 : kivy : Shader: fragment shader: <b'Compiled'>
2017-06-18 14:48:14,792 : kivy : Shader: Fragment compiled successfully
2017-06-18 14:48:14,995 : kivy : Shader: fragment shader: <b'Compiled'>
2017-06-18 14:48:14,997 : kivy : Shader: Fragment compiled successfully
2017-06-18 14:48:15,314 : kivy : Resource: add </usr/share/fonts> in path list
2017-06-18 14:48:15,316 : kivy : Resource: add </usr/share/fonts/X11> in path list
2017-06-18 14:48:15,323 : kivy : Resource: add </usr/share/fonts/X11/encodings> in path list
2017-06-18 14:48:15,327 : kivy : Resource: add </usr/share/fonts/X11/encodings/large> in path list
2017-06-18 14:48:15,388 : kivy : Resource: add </usr/share/fonts/X11/misc> in path list
2017-06-18 14:48:15,393 : kivy : Resource: add </usr/share/fonts/X11/util> in path list
2017-06-18 14:48:15,396 : kivy : Resource: add </usr/share/fonts/cmap> in path list
2017-06-18 14:48:15,398 : kivy : Resource: add </usr/share/fonts/type1> in path list
2017-06-18 14:48:15,410 : kivy : Resource: add </usr/share/fonts/type1/gsfonts> in path list
2017-06-18 14:48:15,413 : kivy : Resource: add </usr/share/fonts/truetype> in path list
2017-06-18 14:48:15,417 : kivy : Resource: add </usr/share/fonts/truetype/droid> in path list
2017-06-18 14:48:15,419 : kivy : Resource: add </usr/share/fonts/truetype/dejavu> in path list
2017-06-18 14:48:15,423 : kivy : Resource: add </usr/share/fonts/truetype/freefont> in path list
2017-06-18 14:48:15,424 : kivy : Resource: add </usr/local/share/fonts> in path list
2017-06-18 14:48:15,427 : kivy : Resource: add </usr/local/lib/python3.4/dist-packages/kivy/data/fonts> in path list
2017-06-18 14:48:15,481 : EventManager : Event: ======'slide_dmd_parent_created'====== Args={}
2017-06-18 14:48:15,550 : EventManager : Event: ======'slide_dmd_parent_active'====== Args={}
2017-06-18 14:48:15,623 : EventManager : Event: ======'client_disconnected'====== Args={'host': '127.0.0.1', 'port': 5050}
2017-06-18 14:48:15,626 : EventManager : Event: ======'client_connected'====== Args={'host': '127.0.0.1', 'port': 33682}
2017-06-18 14:48:20,644 : MPF-MC BCP Server : Received "settings?json={"settings": [["brightness", "Brightness", 100, "brightness", 1.0, {"0.25": "25%", "0.5": "50%", "0.75": "75%", "1.0": "100% (default)"}], ["flipper_power", "Flipper power", 1000, "flipper_power", 1.0, {"1.0": "Normal (default)", "1.2": "Strong", "0.8": "Weak"}]]}"
2017-06-18 14:48:20,656 : MPF-MC BCP Server : Received "machine_variable?value=4.4.9-v7%2B&name=platform_release"
2017-06-18 14:48:20,659 : MPF-MC BCP Server : Received "machine_variable?value=armv7l&name=platform_machine"
2017-06-18 14:48:20,691 : MPF-MC BCP Server : Received "machine_variable?value=Linux&name=platform_system"
2017-06-18 14:48:20,713 : mpfmc : Setting machine_var 'platform_release' to: 4.4.9-v7+, (prior: None, change: True)
2017-06-18 14:48:20,718 : EventManager : Event: ======'machine_var_platform_release'====== Args={'change': True, 'prev_value': None, 'value': '4.4.9-v7+'}
2017-06-18 14:48:20,715 : MPF-MC BCP Server : Received "machine_variable?value=Linux-4.4.9-v7%2B-armv7l-with-debian-8.0&name=platform"
2017-06-18 14:48:20,722 : mpfmc : Setting machine_var 'platform_machine' to: armv7l, (prior: None, change: True)
2017-06-18 14:48:20,728 : MPF-MC BCP Server : Received "machine_variable?value=MPF%20v0.33.16%2C%20Config%20version%3A4%2C%20Show%20version%3A%204%2C%20BCP%20version%3A1.1&name=mpf_extended_version"
2017-06-18 14:48:20,731 : EventManager : Event: ======'machine_var_platform_machine'====== Args={'change': True, 'prev_value': None, 'value': 'armv7l'}
2017-06-18 14:48:20,735 : MPF-MC BCP Server : Received "machine_variable?value=int:830&name=player1_score"
2017-06-18 14:48:20,740 : mpfmc : Setting machine_var 'platform_system' to: Linux, (prior: None, change: True)
2017-06-18 14:48:20,744 : MPF-MC BCP Server : Received "machine_variable?value=%23884%20SMP%20Fri%20May%206%2017%3A28%3A59%20BST%202016&name=platform_version"
2017-06-18 14:48:20,746 : EventManager : Event: ======'machine_var_platform_system'====== Args={'change': True, 'prev_value': None, 'value': 'Linux'}
2017-06-18 14:48:20,750 : mpfmc : Setting machine_var 'platform' to: Linux-4.4.9-v7+-armv7l-with-debian-8.0, (prior: None, change: True)
2017-06-18 14:48:20,752 : EventManager : Event: ======'machine_var_platform'====== Args={'change': True, 'prev_value': None, 'value': 'Linux-4.4.9-v7+-armv7l-with-debian-8.0'}
2017-06-18 14:48:20,755 : mpfmc : Setting machine_var 'mpf_extended_version' to: MPF v0.33.16, Config version:4, Show version: 4, BCP version:1.1, (prior: None, change: True)
2017-06-18 14:48:20,758 : EventManager : Event: ======'machine_var_mpf_extended_version'====== Args={'change': True, 'prev_value': None, 'value': 'MPF v0.33.16, Config version:4, Show version: 4, BCP version:1.1'}
2017-06-18 14:48:20,763 : MPF-MC BCP Server : Received "machine_variable?value=MPF%20v0.33.16&name=mpf_version"
2017-06-18 14:48:20,767 : MPF-MC BCP Server : Received "machine_variable?value=3.4.2&name=python_version"
2017-06-18 14:48:20,770 : mpfmc : Setting machine_var 'player1_score' to: 830, (prior: None, change: True)
2017-06-18 14:48:20,775 : MPF-MC BCP Server : Received "machine_variable?value=FREE%20PLAY&name=credits_string"
2017-06-18 14:48:20,780 : EventManager : Event: ======'machine_var_player1_score'====== Args={'change': True, 'prev_value': None, 'value': 830}
2017-06-18 14:48:20,788 : mpfmc : Setting machine_var 'platform_version' to: #884 SMP Fri May 6 17:28:59 BST 2016, (prior: None, change: True)
2017-06-18 14:48:20,789 : MPF-MC BCP Server : Received "machine_variable?name=audits_events_game_ended&prev_value=int:74&change=int:0&value=int:74"
2017-06-18 14:48:20,793 : EventManager : Event: ======'machine_var_platform_version'====== Args={'change': True, 'prev_value': None, 'value': '#884 SMP Fri May 6 17:28:59 BST 2016'}
2017-06-18 14:48:20,796 : mpfmc : Setting machine_var 'mpf_version' to: MPF v0.33.16, (prior: None, change: True)
2017-06-18 14:48:20,800 : MPF-MC BCP Server : Received "machine_variable?name=audits_events_game_started&prev_value=int:180&change=int:0&value=int:180"
2017-06-18 14:48:20,802 : EventManager : Event: ======'machine_var_mpf_version'====== Args={'change': True, 'prev_value': None, 'value': 'MPF v0.33.16'}
2017-06-18 14:48:20,808 : MPF-MC BCP Server : Received "machine_variable?json={"name": "audits_player_score", "prev_value": {"average": 23207.948717948722, "total": 78, "top": [126890, 87170, 87130, 76960, 70060, 69570, 67620, 59640, 57710, 53080]}, "change": false, "value": {"average": 23207.948717948722, "total": 78, "top": [126890, 87170, 87130, 76960, 70060, 69570, 67620, 59640, 57710, 53080]}}"
2017-06-18 14:48:20,811 : MPF-MC BCP Server : Received "machine_variable?name=audits_shots_shot_drop_target_d&prev_value=int:91&change=int:0&value=int:91"
2017-06-18 14:48:20,814 : mpfmc : Setting machine_var 'python_version' to: 3.4.2, (prior: None, change: True)
2017-06-18 14:48:20,816 : EventManager : Event: ======'machine_var_python_version'====== Args={'change': True, 'prev_value': None, 'value': '3.4.2'}
2017-06-18 14:48:20,820 : MPF-MC BCP Server : Received "machine_variable?name=audits_shots_shot_drop_target_b&prev_value=int:820&change=int:0&value=int:820"
2017-06-18 14:48:20,824 : mpfmc : Setting machine_var 'credits_string' to: FREE PLAY, (prior: None, change: True)
2017-06-18 14:48:20,829 : MPF-MC BCP Server : Received "machine_variable?name=audits_shots_shot_top_ro_5&prev_value=int:316&change=int:0&value=int:316"
2017-06-18 14:48:20,832 : EventManager : Event: ======'machine_var_credits_string'====== Args={'change': True, 'prev_value': None, 'value': 'FREE PLAY'}
2017-06-18 14:48:20,838 : MPF-MC BCP Server : Received "machine_variable?name=audits_shots_lit_left_lane_ro_5_shot&prev_value=int:37&change=int:0&value=int:37"
2017-06-18 14:48:20,855 : MPF-MC BCP Server : Received "machine_variable?name=audits_shots_lit_left_lane_ro_3_shot&prev_value=int:9&change=int:0&value=int:9"
2017-06-18 14:48:20,910 : MPF-MC BCP Server : Received "machine_variable?name=audits_shots_shot_spinner&prev_value=int:1172&change=int:0&value=int:1172"
2017-06-18 14:48:20,957 : MPF-MC BCP Server : Received "machine_variable?name=audits_shots_lit_star_1_shot&prev_value=int:1856&change=int:0&value=int:1856"
2017-06-18 14:48:20,971 : MPF-MC BCP Server : Received "machine_variable?name=audits_shots_shot_fix_target_center&prev_value=int:29&change=int:0&value=int:29"
2017-06-18 14:48:20,976 : MPF-MC BCP Server : Received "machine_variable?name=audits_shots_lit_star_4_shot&prev_value=int:276&change=int:0&value=int:276"
2017-06-18 14:48:20,988 : MPF-MC BCP Server : Received "machine_variable?name=audits_shots_star_3_shot&prev_value=int:4&change=int:0&value=int:4"
2017-06-18 14:48:21,028 : MPF-MC BCP Server : Received "machine_variable?name=audits_shots_star_5_shot&prev_value=int:6&change=int:0&value=int:6"
2017-06-18 14:48:21,084 : MPF-MC BCP Server : Received "machine_variable?name=audits_shots_saucer_shot&prev_value=int:60&change=int:0&value=int:60"
2017-06-18 14:48:21,088 : MPF-MC BCP Server : Received "machine_variable?name=audits_shots_lit_left_lane_ro_1_shot&prev_value=int:158&change=int:0&value=int:158"
2017-06-18 14:48:21,101 : MPF-MC BCP Server : Received "machine_variable?name=audits_shots_star_2_shot&prev_value=int:16&change=int:0&value=int:16"
2017-06-18 14:48:21,118 : MPF-MC BCP Server : Received "machine_variable?name=audits_shots_lit_star_2_shot&prev_value=int:78&change=int:0&value=int:78"
2017-06-18 14:48:21,124 : MPF-MC BCP Server : Received "machine_variable?name=audits_shots_shot_top_ro_1&prev_value=int:1875&change=int:0&value=int:1875"
2017-06-18 14:48:21,146 : MPF-MC BCP Server : Received "machine_variable?name=audits_shots_star_1_shot&prev_value=int:13&change=int:0&value=int:13"
2017-06-18 14:48:21,150 : MPF-MC BCP Server : Received "machine_variable?name=audits_shots_left_lane_1_shot&prev_value=int:1&change=int:0&value=int:1"
2017-06-18 14:48:21,184 : MPF-MC BCP Server : Received "machine_variable?name=audits_shots_shot_top_ro_2&prev_value=int:122&change=int:0&value=int:122"
2017-06-18 14:48:21,197 : MPF-MC BCP Server : Received "machine_variable?name=audits_shots_lit_left_lane_ro_4_shot&prev_value=int:29&change=int:0&value=int:29"
2017-06-18 14:48:21,212 : MPF-MC BCP Server : Received "machine_variable?name=audits_shots_shot_drop_target_a&prev_value=int:287&change=int:0&value=int:287"
2017-06-18 14:48:21,245 : MPF-MC BCP Server : Received "machine_variable?name=audits_shots_shot_top_ro_3&prev_value=int:119&change=int:0&value=int:119"
2017-06-18 14:48:21,281 : MPF-MC BCP Server : Received "machine_variable?name=audits_shots_shot_top_ro_4&prev_value=int:333&change=int:0&value=int:333"
2017-06-18 14:48:21,303 : MPF-MC BCP Server : Received "machine_variable?name=audits_shots_star_4_shot&prev_value=int:8&change=int:0&value=int:8"
2017-06-18 14:48:21,362 : MPF-MC BCP Server : Received "machine_variable?name=audits_shots_shot_drop_target_e&prev_value=int:63&change=int:0&value=int:63"
2017-06-18 14:48:21,398 : MPF-MC BCP Server : Received "machine_variable?name=audits_shots_lit_star_3_shot&prev_value=int:96&change=int:0&value=int:96"
2017-06-18 14:48:21,453 : MPF-MC BCP Server : Received "machine_variable?name=audits_shots_lit_star_5_shot&prev_value=int:299&change=int:0&value=int:299"
2017-06-18 14:48:21,529 : MPF-MC BCP Server : Received "machine_variable?name=audits_shots_shot_drop_target_c&prev_value=int:60&change=int:0&value=int:60"
2017-06-18 14:48:21,546 : MPF-MC BCP Server : Received "machine_variable?name=audits_shots_lit_left_lane_ro_2_shot&prev_value=int:8&change=int:0&value=int:8"
2017-06-18 14:48:21,626 : MPF-MC BCP Server : Received "machine_variable?name=audits_switches_sw_spinner&prev_value=int:1241&change=int:0&value=int:1241"
2017-06-18 14:48:21,685 : MPF-MC BCP Server : Received "machine_variable?name=audits_switches_sw_left_bumper&prev_value=int:792&change=int:0&value=int:792"
2017-06-18 14:48:21,716 : MPF-MC BCP Server : Received "machine_variable?name=audits_switches_sw_feed_lane&prev_value=int:125&change=int:0&value=int:125"
2017-06-18 14:48:21,753 : MPF-MC BCP Server : Received "machine_variable?name=audits_switches_sw_slam_2&prev_value=int:0&change=int:0&value=int:0"
2017-06-18 14:48:21,828 : MPF-MC BCP Server : Received "machine_variable?name=audits_switches_sw_right_bumper&prev_value=int:438&change=int:0&value=int:438"
2017-06-18 14:48:21,859 : MPF-MC BCP Server : Received "machine_variable?name=audits_switches_sw_right_slingshot&prev_value=int:285&change=int:0&value=int:285"
2017-06-18 14:48:21,919 : MPF-MC BCP Server : Received "machine_variable?name=audits_switches_bt_right_flipper&prev_value=int:1761&change=int:0&value=int:1761"
2017-06-18 14:48:21,978 : MPF-MC BCP Server : Received "machine_variable?name=audits_switches_sw_star_1&prev_value=int:19&change=int:0&value=int:19"
2017-06-18 14:48:22,008 : MPF-MC BCP Server : Received "machine_variable?name=audits_switches_sw_fix_target_right_2&prev_value=int:9&change=int:0&value=int:9"
2017-06-18 14:48:22,069 : MPF-MC BCP Server : Received "machine_variable?name=audits_switches_sw_credit_button&prev_value=int:27&change=int:0&value=int:27"
2017-06-18 14:48:22,129 : MPF-MC BCP Server : Received "machine_variable?name=audits_switches_sw_top_ro_button&prev_value=int:52&change=int:0&value=int:52"
2017-06-18 14:48:22,159 : MPF-MC BCP Server : Received "machine_variable?name=audits_switches_sw_bottom_bumper&prev_value=int:366&change=int:0&value=int:366"
2017-06-18 14:48:22,219 : MPF-MC BCP Server : Received "machine_variable?name=audits_switches_sw_top_ro_3&prev_value=int:119&change=int:0&value=int:119"
2017-06-18 14:48:22,295 : MPF-MC BCP Server : Received "machine_variable?name=audits_switches_sw_left_lane_ro_button_2&prev_value=int:69&change=int:0&value=int:69"
2017-06-18 14:48:22,328 : MPF-MC BCP Server : Received "machine_variable?name=audits_switches_sw_saucer&prev_value=int:129&change=int:0&value=int:129"
2017-06-18 14:48:22,369 : MPF-MC BCP Server : Received "machine_variable?name=audits_switches_sw_left_slingshot&prev_value=int:317&change=int:0&value=int:317"
2017-06-18 14:48:22,445 : MPF-MC BCP Server : Received "machine_variable?name=audits_switches_sw_fix_target_right_1&prev_value=int:9&change=int:0&value=int:9"
2017-06-18 14:48:22,478 : MPF-MC BCP Server : Received "machine_variable?name=audits_switches_sw_drop_target_e&prev_value=int:86&change=int:0&value=int:86"
2017-06-18 14:48:22,513 : MPF-MC BCP Server : Received "machine_variable?name=audits_switches_sw_left_outlane&prev_value=int:40&change=int:0&value=int:40"
2017-06-18 14:48:22,545 : MPF-MC BCP Server : Received "machine_variable?name=audits_switches_sw_top_ro_5&prev_value=int:316&change=int:0&value=int:316"
2017-06-18 14:48:22,602 : MPF-MC BCP Server : Received "machine_variable?name=audits_switches_sw_top_ro_4&prev_value=int:333&change=int:0&value=int:333"
2017-06-18 14:48:22,679 : MPF-MC BCP Server : Received "machine_variable?name=audits_switches_sw_star_3&prev_value=int:130&change=int:0&value=int:130"
2017-06-18 14:48:22,695 : MPF-MC BCP Server : Received "machine_variable?name=audits_switches_sw_coin_3_right&prev_value=int:0&change=int:0&value=int:0"
2017-06-18 14:48:22,746 : MPF-MC BCP Server : Received "machine_variable?name=audits_switches_sw_top_ro_2&prev_value=int:200&change=int:0&value=int:200"
2017-06-18 14:48:22,778 : MPF-MC BCP Server : Received "machine_variable?name=audits_switches_bt_left_flipper&prev_value=int:1143&change=int:0&value=int:1143"
2017-06-18 14:48:22,836 : MPF-MC BCP Server : Received "machine_variable?name=audits_switches_sw_drop_target_a&prev_value=int:294&change=int:0&value=int:294"
2017-06-18 14:48:22,896 : MPF-MC BCP Server : Received "machine_variable?name=audits_switches_sw_coin_2_middle&prev_value=int:0&change=int:0&value=int:0"
2017-06-18 14:48:22,906 : MPF-MC BCP Server : Received "machine_variable?name=audits_switches_sw_star_4&prev_value=int:229&change=int:0&value=int:229"
2017-06-18 14:48:22,909 : MPF-MC BCP Server : Received "machine_variable?name=audits_switches_sw_drop_target_rebound&prev_value=int:475&change=int:0&value=int:475"
2017-06-18 14:48:22,912 : MPF-MC BCP Server : Received "machine_variable?name=audits_switches_sw_fix_target_right_3&prev_value=int:12&change=int:0&value=int:12"
2017-06-18 14:48:22,915 : MPF-MC BCP Server : Received "machine_variable?name=audits_switches_sw_left_lane_ro_button_3&prev_value=int:67&change=int:0&value=int:67"
2017-06-18 14:48:22,979 : MPF-MC BCP Server : Received "machine_variable?name=audits_switches_sw_left_lane_ro_button_4&prev_value=int:71&change=int:0&value=int:71"
2017-06-18 14:48:23,011 : MPF-MC BCP Server : Received "machine_variable?name=audits_switches_sw_drop_target_b&prev_value=int:820&change=int:0&value=int:820"
2017-06-18 14:48:23,070 : MPF-MC BCP Server : Received "machine_variable?name=audits_switches_sw_coin_1_left&prev_value=int:0&change=int:0&value=int:0"
2017-06-18 14:48:23,074 : MPF-MC BCP Server : Received "machine_variable?name=audits_switches_sw_left_lane_ro_button_1&prev_value=int:60&change=int:0&value=int:60"
2017-06-18 14:48:23,077 : MPF-MC BCP Server : Received "machine_variable?name=audits_switches_sw_fix_target_center&prev_value=int:60&change=int:0&value=int:60"
2017-06-18 14:48:23,129 : MPF-MC BCP Server : Received "machine_variable?name=audits_switches_sw_left_lane_ro_button_5&prev_value=int:72&change=int:0&value=int:72"
2017-06-18 14:48:23,133 : MPF-MC BCP Server : Received "machine_variable?name=audits_switches_sw_drop_target_c&prev_value=int:60&change=int:0&value=int:60"
2017-06-18 14:48:23,165 : MPF-MC BCP Server : Received "machine_variable?name=audits_switches_sw_outhole&prev_value=int:335&change=int:0&value=int:335"
2017-06-18 14:48:23,220 : MPF-MC BCP Server : Received "machine_variable?name=audits_switches_sw_star_2&prev_value=int:187&change=int:0&value=int:187"
2017-06-18 14:48:23,280 : MPF-MC BCP Server : Received "machine_variable?name=audits_switches_sw_drop_target_d&prev_value=int:99&change=int:0&value=int:99"
2017-06-18 14:48:23,313 : MPF-MC BCP Server : Received "machine_variable?name=audits_switches_sw_right_outlane&prev_value=int:70&change=int:0&value=int:70"
2017-06-18 14:48:23,371 : MPF-MC BCP Server : Received "machine_variable?name=audits_switches_sw_tilt&prev_value=int:0&change=int:0&value=int:0"
2017-06-18 14:48:23,446 : MPF-MC BCP Server : Received "machine_variable?name=audits_switches_sw_star_5&prev_value=int:162&change=int:0&value=int:162"
2017-06-18 14:48:23,479 : MPF-MC BCP Server : Received "machine_variable?name=audits_switches_sw_top_ro_1&prev_value=int:1965&change=int:0&value=int:1965"
2017-06-18 14:48:23,521 : MPF-MC BCP Server : Received "trigger?name=init_done"
2017-06-18 14:48:23,596 : MPF-MC BCP Server : Received "reset"
2017-06-18 14:48:23,599 : EventManager : Event: ======'init_done'====== Args={}
2017-06-18 14:48:23,606 : EventManager : Event: ======'mc_reset_phase_1'====== Args={}
2017-06-18 14:48:23,647 : EventManager : Event: ======'mc_reset_phase_2'====== Args={}
2017-06-18 14:48:23,652 : EventManager : Event: ======'mc_reset_phase_3'====== Args={}
2017-06-18 14:48:23,655 : EventManager : Event: ======'mc_reset_complete'====== Args={}
2017-06-18 14:48:23,769 : MPF-MC BCP Server : Received "mode_start?priority=int:10&name=attract"
2017-06-18 14:48:23,775 : Mode.attract : Mode Start. Priority: 10
2017-06-18 14:48:23,829 : MPF-MC BCP Server : Received "trigger?json={"settings": {"supersonic_img_slide": {"action": "play", "force": false, "slide": null, "target": null, "widgets": [{"image": "Supersonic_logo_dmd32", "fps": 10, "loops": 0, "color": [1.0, 1.0, 1.0, 1.0], "animations": null, "y": null, "allow_stretch": false, "key": null, "auto_play": true, "keep_ratio": false, "width": 0, "height": 0, "adjust_top": null, "anchor_x": null, "expire": null, "adjust_right": null, "style": null, "reset_animations_events": [], "adjust_left": null, "anchor_y": null, "z": 0, "type": "image", "x": null, "adjust_bottom": null, "start_frame": 0, "opacity": 1.0, "_default_settings": ["image", "type"]}], "show": true, "priority": null, "expire": null}}, "priority": 10, "context": "show_5", "name": "slides_play"}"
2017-06-18 14:48:23,914 : EventManager : Event: ======'slides_play'====== Args={'settings': {'supersonic_img_slide': {'action': 'play', 'expire': None, 'slide': None, 'force': False, 'show': True, 'target': None, 'widgets': [{'expire': None, 'z': 0, 'image': 'Supersonic_logo_dmd32', 'adjust_bottom': None, 'adjust_left': None, 'auto_play': True, 'keep_ratio': False, 'type': 'image', 'anchor_x': None, 'fps': 10, 'opacity': 1.0, 'style': None, 'width': 0, 'anchor_y': None, 'x': None, 'allow_stretch': False, 'adjust_right': None, 'start_frame': 0, 'animations': None, '_default_settings': ['image', 'type'], 'reset_animations_events': [], 'loops': 0, 'height': 0, 'adjust_top': None, 'key': None, 'color': [1.0, 1.0, 1.0, 1.0], 'y': None}], 'priority': None}}, 'priority': 10, 'context': 'show_5'}
2017-06-18 14:48:23,953 : EventManager : Event: ======'slide_supersonic_img_slide_created'====== Args={}
2017-06-18 14:48:23,974 : EventManager : Event: ======'slide_supersonic_img_slide_active'====== Args={}
2017-06-18 14:48:26,859 : MPF-MC BCP Server : Received "trigger?json={"settings": {"awesome_slide": {"action": "play", "force": false, "slide": null, "expire": null, "widgets": [{"color": [1.0, 1.0, 1.0, 1.0], "animations": null, "y": null, "key": null, "number_grouping": false, "min_digits": 0, "halign": "center", "adjust_top": null, "type": "text", "anchor_x": null, "expire": null, "adjust_right": null, "style": null, "valign": "middle", "reset_animations_events": [], "adjust_left": null, "bold": false, "z": 0, "anchor_y": null, "italic": false, "font_size": 15, "x": null, "adjust_bottom": null, "text": "SuperSonic !", "opacity": 1.0, "_default_settings": ["text", "type"]}], "target": null, "show": true, "priority": null, "transition": {"direction": "left", "easing": "out_quad", "duration": 1.0, "type": "push"}}}, "priority": 10, "context": "show_5", "name": "slides_play"}"
2017-06-18 14:48:26,983 : EventManager : Event: ======'slides_play'====== Args={'settings': {'awesome_slide': {'action': 'play', 'expire': None, 'slide': None, 'force': False, 'show': True, 'target': None, 'widgets': [{'expire': None, 'z': 0, 'adjust_bottom': None, 'min_digits': 0, 'adjust_left': None, 'font_size': 15, 'text': 'SuperSonic !', 'anchor_x': None, 'valign': 'middle', 'opacity': 1.0, 'style': None, 'number_grouping': False, 'type': 'text', 'halign': 'center', 'italic': False, 'anchor_y': None, 'x': None, 'adjust_right': None, 'animations': None, '_default_settings': ['text', 'type'], 'reset_animations_events': [], 'adjust_top': None, 'bold': False, 'y': None, 'color': [1.0, 1.0, 1.0, 1.0], 'key': None}], 'transition': {'easing': 'out_quad', 'duration': 1.0, 'direction': 'left', 'type': 'push'}, 'priority': None}}, 'priority': 10, 'context': 'show_5'}
2017-06-18 14:48:27,039 : EventManager : Event: ======'slide_awesome_slide_created'====== Args={}
2017-06-18 14:48:27,089 : EventManager : Event: ======'slide_awesome_slide_active'====== Args={}
2017-06-18 14:48:28,724 : MPF-MC BCP Server : Received "mode_start?priority=int:20&name=game"
2017-06-18 14:48:28,758 : MPF-MC BCP Server : Received "trigger?context=show_5&name=slides_clear"
2017-06-18 14:48:28,764 : MPF-MC BCP Server : Received "mode_stop?name=attract"
2017-06-18 14:48:28,804 : EventManager : Event: ======'game_started'====== Args={}
2017-06-18 14:48:28,807 : Mode.game : Mode Start. Priority: 20
2017-06-18 14:48:28,809 : EventManager : Event: ======'slides_clear'====== Args={'context': 'show_5'}
2017-06-18 14:48:28,812 : Mode.attract : Mode Stop.
2017-06-18 14:48:28,827 : EventManager : Event: ======'slide_supersonic_img_slide_removed'====== Args={}
2017-06-18 14:48:28,837 : EventManager : Event: ======'slide_awesome_slide_removed'====== Args={}
2017-06-18 14:48:28,854 : EventManager : Event: ======'slide_dmd_blank_active'====== Args={}
2017-06-18 14:48:28,962 : MPF-MC BCP Server : Received "player_variable?name=bonus_multiplier&prev_value=int:0&change=int:1&player_num=int:1&value=int:1"
2017-06-18 14:48:28,969 : MPF-MC BCP Server : Received "machine_variable?name=player1_score&prev_value=int:0&change=int:0&value=int:0"
2017-06-18 14:48:28,990 : MPF-MC BCP Server : Received "player_variable?name=extra_balls_lit&prev_value=int:0&change=int:0&player_num=int:1&value=int:0"
2017-06-18 14:48:29,022 : MPF-MC BCP Server : Received "player_variable?name=extra_balls&prev_value=int:0&change=int:0&player_num=int:1&value=int:0"
2017-06-18 14:48:29,053 : MPF-MC BCP Server : Received "player_variable?name=extra_balls_current_ball&prev_value=int:0&change=int:0&player_num=int:1&value=int:0"
2017-06-18 14:48:29,090 : MPF-MC BCP Server : Received "player_added?player_num=int:1"
2017-06-18 14:48:29,095 : MPF-MC BCP Server : Received "player_turn_start?player_num=int:1"
2017-06-18 14:48:29,120 : Player : Creating new player: Player 1. (player index '0')
2017-06-18 14:48:29,123 : MPF-MC BCP Server : Received "player_variable?name=ball&prev_value=int:0&change=int:1&player_num=int:1&value=int:1"
2017-06-18 14:48:29,126 : EventManager : Event: ======'player_add_success'====== Args={'player': <Player 1>, 'num': 1}
2017-06-18 14:48:29,135 : EventManager : Event: ======'player_add_success'====== Args={'player': <Player 1>, 'num': 1}
2017-06-18 14:48:29,138 : EventManager : Event: ======'player_turn_start'====== Args={'player': <Player 1>, 'number': 1}
2017-06-18 14:48:29,142 : Player : Setting 'ball' to: 1, (prior: 0, change: 1)
2017-06-18 14:48:29,146 : EventManager : Event: ======'player_ball'====== Args={'change': 1, 'player_num': 1, 'prev_value': 0, 'value': 1}
2017-06-18 14:48:29,199 : MPF-MC BCP Server : Received "player_variable?name=multiplier_2x_count&prev_value=int:0&change=int:0&player_num=int:1&value=int:0"
2017-06-18 14:48:29,210 : MPF-MC BCP Server : Received "player_variable?name=enable_top_ro_mode_2_count&prev_value=int:0&change=int:0&player_num=int:1&value=int:0"
2017-06-18 14:48:29,254 : Player : Setting 'score' to: 0, (prior: 0, change: 0)
2017-06-18 14:48:29,257 : EventManager : Event: ======'player_score'====== Args={'change': 0, 'player_num': 1, 'prev_value': 0, 'value': 0}
2017-06-18 14:48:29,268 : MPF-MC BCP Server : Received "player_variable?name=multiplier_3x_count&prev_value=int:0&change=int:0&player_num=int:1&value=int:0"
2017-06-18 14:48:29,275 : MPF-MC BCP Server : Received "player_variable?name=multiplier_5x_count&prev_value=int:0&change=int:0&player_num=int:1&value=int:0"
2017-06-18 14:48:29,290 : MPF-MC BCP Server : Received "player_variable?name=enable_top_ro_mode_3_count&prev_value=int:0&change=int:0&player_num=int:1&value=int:0"
2017-06-18 14:48:29,296 : MPF-MC BCP Server : Received "player_variable?name=enable_dropbank_mode_special_count&prev_value=int:0&change=int:0&player_num=int:1&value=int:0"
2017-06-18 14:48:29,306 : MPF-MC BCP Server : Received "player_variable?name=enable_dropbank_lit_extraball_count&prev_value=int:0&change=int:0&player_num=int:1&value=int:0"
2017-06-18 14:48:29,371 : Player : Setting 'multiplier_2x_count' to: 0, (prior: 0, change: 0)
2017-06-18 14:48:29,374 : EventManager : Event: ======'player_multiplier_2x_count'====== Args={'change': 0, 'player_num': 1, 'prev_value': 0, 'value': 0}
2017-06-18 14:48:29,377 : Player : Setting 'enable_top_ro_mode_2_count' to: 0, (prior: 0, change: 0)
2017-06-18 14:48:29,378 : EventManager : Event: ======'player_enable_top_ro_mode_2_count'====== Args={'change': 0, 'player_num': 1, 'prev_value': 0, 'value': 0}
2017-06-18 14:48:29,381 : Player : Setting 'multiplier_3x_count' to: 0, (prior: 0, change: 0)
2017-06-18 14:48:29,383 : EventManager : Event: ======'player_multiplier_3x_count'====== Args={'change': 0, 'player_num': 1, 'prev_value': 0, 'value': 0}
2017-06-18 14:48:29,386 : Player : Setting 'multiplier_5x_count' to: 0, (prior: 0, change: 0)
2017-06-18 14:48:29,388 : EventManager : Event: ======'player_multiplier_5x_count'====== Args={'change': 0, 'player_num': 1, 'prev_value': 0, 'value': 0}
2017-06-18 14:48:29,390 : Player : Setting 'enable_top_ro_mode_3_count' to: 0, (prior: 0, change: 0)
2017-06-18 14:48:29,392 : EventManager : Event: ======'player_enable_top_ro_mode_3_count'====== Args={'change': 0, 'player_num': 1, 'prev_value': 0, 'value': 0}
2017-06-18 14:48:29,395 : Player : Setting 'enable_dropbank_mode_special_count' to: 0, (prior: 0, change: 0)
2017-06-18 14:48:29,398 : EventManager : Event: ======'player_enable_dropbank_mode_special_count'====== Args={'change': 0, 'player_num': 1, 'prev_value': 0, 'value': 0}
2017-06-18 14:48:29,401 : Player : Setting 'enable_dropbank_lit_extraball_count' to: 0, (prior: 0, change: 0)
2017-06-18 14:48:29,403 : EventManager : Event: ======'player_enable_dropbank_lit_extraball_count'====== Args={'change': 0, 'player_num': 1, 'prev_value': 0, 'value': 0}
2017-06-18 14:48:29,607 : MPF-MC BCP Server : Received "mode_start?priority=int:100&name=base"
2017-06-18 14:48:29,685 : Mode.base : Mode Start. Priority: 100
2017-06-18 14:48:29,851 : MPF-MC BCP Server : Received "mode_start?priority=int:200&name=multiplier"
2017-06-18 14:48:29,898 : MPF-MC BCP Server : Received "mode_start?priority=int:200&name=open_gate"
2017-06-18 14:48:29,921 : Mode.multiplier : Mode Start. Priority: 200
2017-06-18 14:48:29,927 : Mode.open_gate : Mode Start. Priority: 200
2017-06-18 14:48:29,929 : MPF-MC BCP Server : Received "player_variable?name=star_5_state_count&prev_value=int:0&change=int:0&player_num=int:1&value=int:0"
2017-06-18 14:48:30,001 : MPF-MC BCP Server : Received "player_variable?name=star_4_state_count&prev_value=int:0&change=int:0&player_num=int:1&value=int:0"
2017-06-18 14:48:30,005 : Player : Setting 'star_5_state_count' to: 0, (prior: 0, change: 0)
2017-06-18 14:48:30,009 : MPF-MC BCP Server : Received "player_variable?name=star_1_state_count&prev_value=int:0&change=int:0&player_num=int:1&value=int:0"
2017-06-18 14:48:30,011 : EventManager : Event: ======'player_star_5_state_count'====== Args={'change': 0, 'player_num': 1, 'prev_value': 0, 'value': 0}
2017-06-18 14:48:30,018 : Player : Setting 'star_4_state_count' to: 0, (prior: 0, change: 0)
2017-06-18 14:48:30,019 : MPF-MC BCP Server : Received "player_variable?name=star_3_state_count&prev_value=int:0&change=int:0&player_num=int:1&value=int:0"
2017-06-18 14:48:30,025 : MPF-MC BCP Server : Received "player_variable?name=star_2_state_count&prev_value=int:0&change=int:0&player_num=int:1&value=int:0"
2017-06-18 14:48:30,022 : EventManager : Event: ======'player_star_4_state_count'====== Args={'change': 0, 'player_num': 1, 'prev_value': 0, 'value': 0}
2017-06-18 14:48:30,030 : Player : Setting 'star_1_state_count' to: 0, (prior: 0, change: 0)
2017-06-18 14:48:30,032 : EventManager : Event: ======'player_star_1_state_count'====== Args={'change': 0, 'player_num': 1, 'prev_value': 0, 'value': 0}
2017-06-18 14:48:30,035 : Player : Setting 'star_3_state_count' to: 0, (prior: 0, change: 0)
2017-06-18 14:48:30,037 : EventManager : Event: ======'player_star_3_state_count'====== Args={'change': 0, 'player_num': 1, 'prev_value': 0, 'value': 0}
2017-06-18 14:48:30,040 : Player : Setting 'star_2_state_count' to: 0, (prior: 0, change: 0)
2017-06-18 14:48:30,043 : EventManager : Event: ======'player_star_2_state_count'====== Args={'change': 0, 'player_num': 1, 'prev_value': 0, 'value': 0}
2017-06-18 14:48:30,084 : MPF-MC BCP Server : Received "mode_start?priority=int:200&name=toprow_lites_center"
2017-06-18 14:48:30,089 : MPF-MC BCP Server : Received "ball_start?ball=int:1&player_num=int:1"
2017-06-18 14:48:30,095 : Mode.toprow_lites_center : Mode Start. Priority: 200
2017-06-18 14:48:30,235 : MPF-MC BCP Server : Received "trigger?name=mode_base_started"
2017-06-18 14:48:30,243 : EventManager : Event: ======'mode_base_started'====== Args={}
2017-06-18 14:48:30,447 : EventManager : Event: ======'slide_widgets_created'====== Args={}
2017-06-18 14:48:30,587 : EventManager : Event: ======'slide_widgets_active'====== Args={}
2017-06-18 14:48:32,737 : MPF-MC BCP Server : Received "player_variable?name=shot_top_ro_5_default&prev_value=int:0&change=int:1&player_num=int:1&value=int:1"
2017-06-18 14:48:32,741 : MPF-MC BCP Server : Received "machine_variable?name=audits_shots_shot_top_ro_5&prev_value=int:317&change=int:0&value=int:317"
2017-06-18 14:48:32,744 : MPF-MC BCP Server : Received "player_variable?name=lit_star_5_shot_default&prev_value=int:0&change=int:1&player_num=int:1&value=int:1"
2017-06-18 14:48:32,748 : MPF-MC BCP Server : Received "machine_variable?name=audits_shots_lit_star_5_shot&prev_value=int:300&change=int:0&value=int:300"
2017-06-18 14:48:32,752 : MPF-MC BCP Server : Received "machine_variable?name=audits_switches_sw_top_ro_5&prev_value=int:317&change=int:0&value=int:317"
2017-06-18 14:48:32,757 : Player : Setting 'shot_top_ro_5_default' to: 1, (prior: 0, change: 1)
2017-06-18 14:48:32,759 : EventManager : Event: ======'player_shot_top_ro_5_default'====== Args={'change': 1, 'player_num': 1, 'prev_value': 0, 'value': 1}
2017-06-18 14:48:32,763 : Player : Setting 'lit_star_5_shot_default' to: 1, (prior: 0, change: 1)
2017-06-18 14:48:32,765 : EventManager : Event: ======'player_lit_star_5_shot_default'====== Args={'change': 1, 'player_num': 1, 'prev_value': 0, 'value': 1}
2017-06-18 14:48:32,807 : MPF-MC BCP Server : Received "player_variable?name=score&prev_value=int:0&change=int:300&player_num=int:1&value=int:300"
2017-06-18 14:48:32,810 : MPF-MC BCP Server : Received "trigger?name=sw_top_ro_5_active"
2017-06-18 14:48:32,814 : MPF-MC BCP Server : Received "player_variable?name=star_5_state_count&prev_value=int:0&change=int:1&player_num=int:1&value=int:1"
2017-06-18 14:48:32,820 : Player : Setting 'score' to: 300, (prior: 0, change: 300)
2017-06-18 14:48:32,823 : EventManager : Event: ======'player_score'====== Args={'change': 300, 'player_num': 1, 'prev_value': 0, 'value': 300}
2017-06-18 14:48:32,826 : EventManager : Event: ======'sw_top_ro_5_active'====== Args={}
2017-06-18 14:48:32,828 : Player : Setting 'star_5_state_count' to: 1, (prior: 0, change: 1)
2017-06-18 14:48:32,830 : EventManager : Event: ======'player_star_5_state_count'====== Args={'change': 1, 'player_num': 1, 'prev_value': 0, 'value': 1}
2017-06-18 14:48:34,522 : MPF-MC BCP Server : Received "player_variable?name=shot_top_ro_1_default&prev_value=int:0&change=int:1&player_num=int:1&value=int:1"
2017-06-18 14:48:34,526 : MPF-MC BCP Server : Received "machine_variable?name=audits_shots_shot_top_ro_1&prev_value=int:1876&change=int:0&value=int:1876"
2017-06-18 14:48:34,529 : MPF-MC BCP Server : Received "player_variable?name=lit_star_1_shot_default&prev_value=int:0&change=int:1&player_num=int:1&value=int:1"
2017-06-18 14:48:34,533 : Player : Setting 'shot_top_ro_1_default' to: 1, (prior: 0, change: 1)
2017-06-18 14:48:34,537 : MPF-MC BCP Server : Received "machine_variable?name=audits_shots_lit_star_1_shot&prev_value=int:1857&change=int:0&value=int:1857"
2017-06-18 14:48:34,540 : MPF-MC BCP Server : Received "machine_variable?name=audits_switches_sw_top_ro_1&prev_value=int:1966&change=int:0&value=int:1966"
2017-06-18 14:48:34,543 : EventManager : Event: ======'player_shot_top_ro_1_default'====== Args={'change': 1, 'player_num': 1, 'prev_value': 0, 'value': 1}
2017-06-18 14:48:34,546 : Player : Setting 'lit_star_1_shot_default' to: 1, (prior: 0, change: 1)
2017-06-18 14:48:34,548 : EventManager : Event: ======'player_lit_star_1_shot_default'====== Args={'change': 1, 'player_num': 1, 'prev_value': 0, 'value': 1}
2017-06-18 14:48:34,561 : MPF-MC BCP Server : Received "player_variable?name=score&prev_value=int:300&change=int:300&player_num=int:1&value=int:600"
2017-06-18 14:48:34,567 : MPF-MC BCP Server : Received "trigger?name=sw_top_ro_1_active"
2017-06-18 14:48:34,571 : MPF-MC BCP Server : Received "player_variable?name=star_1_state_count&prev_value=int:0&change=int:1&player_num=int:1&value=int:1"
2017-06-18 14:48:34,611 : Player : Setting 'score' to: 600, (prior: 300, change: 300)
2017-06-18 14:48:34,615 : EventManager : Event: ======'player_score'====== Args={'change': 300, 'player_num': 1, 'prev_value': 300, 'value': 600}
2017-06-18 14:48:34,618 : EventManager : Event: ======'sw_top_ro_1_active'====== Args={}
2017-06-18 14:48:34,621 : Player : Setting 'star_1_state_count' to: 1, (prior: 0, change: 1)
2017-06-18 14:48:34,625 : EventManager : Event: ======'player_star_1_state_count'====== Args={'change': 1, 'player_num': 1, 'prev_value': 0, 'value': 1}
2017-06-18 14:48:36,373 : MPF-MC BCP Server : Received "machine_variable?name=audits_switches_sw_left_bumper&prev_value=int:793&change=int:0&value=int:793"
2017-06-18 14:48:36,377 : MPF-MC BCP Server : Received "player_variable?name=score&prev_value=int:600&change=int:10&player_num=int:1&value=int:610"
2017-06-18 14:48:36,382 : MPF-MC BCP Server : Received "trigger?name=sw_left_bumper_active"
2017-06-18 14:48:36,388 : Player : Setting 'score' to: 610, (prior: 600, change: 10)
2017-06-18 14:48:36,392 : EventManager : Event: ======'player_score'====== Args={'change': 10, 'player_num': 1, 'prev_value': 600, 'value': 610}
2017-06-18 14:48:36,396 : EventManager : Event: ======'sw_left_bumper_active'====== Args={}
2017-06-18 14:48:37,191 : MPF-MC BCP Server : Received "player_variable?name=shot_top_ro_4_default&prev_value=int:0&change=int:1&player_num=int:1&value=int:1"
2017-06-18 14:48:37,198 : MPF-MC BCP Server : Received "machine_variable?name=audits_shots_shot_top_ro_4&prev_value=int:334&change=int:0&value=int:334"
2017-06-18 14:48:37,217 : MPF-MC BCP Server : Received "player_variable?name=lit_star_4_shot_default&prev_value=int:0&change=int:1&player_num=int:1&value=int:1"
2017-06-18 14:48:37,247 : Player : Setting 'shot_top_ro_4_default' to: 1, (prior: 0, change: 1)
2017-06-18 14:48:37,249 : MPF-MC BCP Server : Received "machine_variable?name=audits_shots_lit_star_4_shot&prev_value=int:277&change=int:0&value=int:277"
2017-06-18 14:48:37,252 : EventManager : Event: ======'player_shot_top_ro_4_default'====== Args={'change': 1, 'player_num': 1, 'prev_value': 0, 'value': 1}
2017-06-18 14:48:37,255 : MPF-MC BCP Server : Received "machine_variable?name=audits_switches_sw_top_ro_4&prev_value=int:334&change=int:0&value=int:334"
2017-06-18 14:48:37,259 : Player : Setting 'lit_star_4_shot_default' to: 1, (prior: 0, change: 1)
2017-06-18 14:48:37,266 : MPF-MC BCP Server : Received "player_variable?name=score&prev_value=int:610&change=int:300&player_num=int:1&value=int:910"
2017-06-18 14:48:37,268 : EventManager : Event: ======'player_lit_star_4_shot_default'====== Args={'change': 1, 'player_num': 1, 'prev_value': 0, 'value': 1}
2017-06-18 14:48:37,272 : MPF-MC BCP Server : Received "trigger?name=sw_top_ro_4_active"
2017-06-18 14:48:37,278 : Player : Setting 'score' to: 910, (prior: 610, change: 300)
2017-06-18 14:48:37,285 : MPF-MC BCP Server : Received "player_variable?name=star_4_state_count&prev_value=int:0&change=int:1&player_num=int:1&value=int:1"
2017-06-18 14:48:37,287 : EventManager : Event: ======'player_score'====== Args={'change': 300, 'player_num': 1, 'prev_value': 610, 'value': 910}
2017-06-18 14:48:37,296 : EventManager : Event: ======'sw_top_ro_4_active'====== Args={}
2017-06-18 14:48:37,300 : Player : Setting 'star_4_state_count' to: 1, (prior: 0, change: 1)
2017-06-18 14:48:37,303 : EventManager : Event: ======'player_star_4_state_count'====== Args={'change': 1, 'player_num': 1, 'prev_value': 0, 'value': 1}
2017-06-18 14:48:37,508 : MPF-MC BCP Server : Received "machine_variable?name=audits_shots_shot_top_ro_4&prev_value=int:335&change=int:0&value=int:335"
2017-06-18 14:48:37,591 : MPF-MC BCP Server : Received "machine_variable?name=audits_shots_lit_star_4_shot&prev_value=int:278&change=int:0&value=int:278"
2017-06-18 14:48:37,626 : MPF-MC BCP Server : Received "machine_variable?name=audits_switches_sw_top_ro_4&prev_value=int:335&change=int:0&value=int:335"
2017-06-18 14:48:37,666 : MPF-MC BCP Server : Received "player_variable?name=score&prev_value=int:910&change=int:300&player_num=int:1&value=int:1210"
2017-06-18 14:48:37,749 : Player : Setting 'score' to: 1210, (prior: 910, change: 300)
2017-06-18 14:48:37,746 : MPF-MC BCP Server : Received "trigger?name=sw_top_ro_4_active"
2017-06-18 14:48:37,752 : EventManager : Event: ======'player_score'====== Args={'change': 300, 'player_num': 1, 'prev_value': 910, 'value': 1210}
2017-06-18 14:48:37,762 : EventManager : Event: ======'sw_top_ro_4_active'====== Args={}
2017-06-18 14:48:37,769 : MPF-MC BCP Server : Received "machine_variable?name=audits_shots_shot_top_ro_4&prev_value=int:336&change=int:0&value=int:336"
2017-06-18 14:48:37,789 : MPF-MC BCP Server : Received "machine_variable?name=audits_shots_lit_star_4_shot&prev_value=int:279&change=int:0&value=int:279"
2017-06-18 14:48:37,801 : MPF-MC BCP Server : Received "machine_variable?name=audits_switches_sw_top_ro_4&prev_value=int:336&change=int:0&value=int:336"
2017-06-18 14:48:37,814 : MPF-MC BCP Server : Received "player_variable?name=score&prev_value=int:1210&change=int:300&player_num=int:1&value=int:1510"
2017-06-18 14:48:37,822 : MPF-MC BCP Server : Received "trigger?name=sw_top_ro_4_active"
2017-06-18 14:48:37,890 : MPF-MC BCP Server : Received "machine_variable?name=audits_shots_shot_top_ro_4&prev_value=int:337&change=int:0&value=int:337"
2017-06-18 14:48:37,909 : MPF-MC BCP Server : Received "machine_variable?name=audits_shots_lit_star_4_shot&prev_value=int:280&change=int:0&value=int:280"
2017-06-18 14:48:37,925 : MPF-MC BCP Server : Received "machine_variable?name=audits_switches_sw_top_ro_4&prev_value=int:337&change=int:0&value=int:337"
2017-06-18 14:48:37,945 : MPF-MC BCP Server : Received "player_variable?name=score&prev_value=int:1510&change=int:300&player_num=int:1&value=int:1810"
2017-06-18 14:48:37,972 : Player : Setting 'score' to: 1510, (prior: 1210, change: 300)
2017-06-18 14:48:37,976 : MPF-MC BCP Server : Received "trigger?name=sw_top_ro_4_active"
2017-06-18 14:48:37,978 : EventManager : Event: ======'player_score'====== Args={'change': 300, 'player_num': 1, 'prev_value': 1210, 'value': 1510}
2017-06-18 14:48:37,986 : EventManager : Event: ======'sw_top_ro_4_active'====== Args={}
2017-06-18 14:48:37,990 : Player : Setting 'score' to: 1810, (prior: 1510, change: 300)
2017-06-18 14:48:37,993 : EventManager : Event: ======'player_score'====== Args={'change': 300, 'player_num': 1, 'prev_value': 1510, 'value': 1810}
2017-06-18 14:48:37,996 : EventManager : Event: ======'sw_top_ro_4_active'====== Args={}
2017-06-18 14:48:38,933 : MPF-MC BCP Server : Received "player_variable?name=shot_spinner_default&prev_value=int:0&change=int:1&player_num=int:1&value=int:1"
2017-06-18 14:48:39,010 : MPF-MC BCP Server : Received "machine_variable?name=audits_shots_shot_spinner&prev_value=int:1173&change=int:0&value=int:1173"
2017-06-18 14:48:39,013 : Player : Setting 'shot_spinner_default' to: 1, (prior: 0, change: 1)
2017-06-18 14:48:39,017 : MPF-MC BCP Server : Received "machine_variable?name=audits_switches_sw_spinner&prev_value=int:1242&change=int:0&value=int:1242"
2017-06-18 14:48:39,019 : EventManager : Event: ======'player_shot_spinner_default'====== Args={'change': 1, 'player_num': 1, 'prev_value': 0, 'value': 1}
2017-06-18 14:48:39,024 : MPF-MC BCP Server : Received "player_variable?name=score&prev_value=int:1810&change=int:100&player_num=int:1&value=int:1910"
2017-06-18 14:48:39,044 : MPF-MC BCP Server : Received "trigger?state=unlit&name=shot_spinner_hit&profile=default"
2017-06-18 14:48:39,068 : MPF-MC BCP Server : Received "machine_variable?name=audits_shots_shot_spinner&prev_value=int:1174&change=int:0&value=int:1174"
2017-06-18 14:48:39,097 : MPF-MC BCP Server : Received "machine_variable?name=audits_switches_sw_spinner&prev_value=int:1243&change=int:0&value=int:1243"
2017-06-18 14:48:39,103 : Player : Setting 'score' to: 1910, (prior: 1810, change: 100)
2017-06-18 14:48:39,107 : EventManager : Event: ======'player_score'====== Args={'change': 100, 'player_num': 1, 'prev_value': 1810, 'value': 1910}
2017-06-18 14:48:39,109 : EventManager : Event: ======'shot_spinner_hit'====== Args={'state': 'unlit', 'profile': 'default'}
2017-06-18 14:48:39,110 : MPF-MC BCP Server : Received "player_variable?name=score&prev_value=int:1910&change=int:100&player_num=int:1&value=int:2010"
2017-06-18 14:48:39,135 : MPF-MC BCP Server : Received "trigger?state=lit&name=shot_spinner_hit&profile=default"
2017-06-18 14:48:39,155 : MPF-MC BCP Server : Received "machine_variable?name=audits_shots_shot_spinner&prev_value=int:1175&change=int:0&value=int:1175"
2017-06-18 14:48:39,162 : MPF-MC BCP Server : Received "machine_variable?name=audits_switches_sw_spinner&prev_value=int:1244&change=int:0&value=int:1244"
2017-06-18 14:48:39,181 : MPF-MC BCP Server : Received "player_variable?name=score&prev_value=int:2010&change=int:100&player_num=int:1&value=int:2110"
2017-06-18 14:48:39,188 : MPF-MC BCP Server : Received "trigger?state=lit&name=shot_spinner_hit&profile=default"
2017-06-18 14:48:39,247 : MPF-MC BCP Server : Received "machine_variable?name=audits_shots_shot_spinner&prev_value=int:1176&change=int:0&value=int:1176"
2017-06-18 14:48:39,260 : MPF-MC BCP Server : Received "machine_variable?name=audits_switches_sw_spinner&prev_value=int:1245&change=int:0&value=int:1245"
2017-06-18 14:48:39,289 : MPF-MC BCP Server : Received "player_variable?name=score&prev_value=int:2110&change=int:100&player_num=int:1&value=int:2210"
2017-06-18 14:48:39,314 : Player : Setting 'score' to: 2010, (prior: 1910, change: 100)
2017-06-18 14:48:39,317 : MPF-MC BCP Server : Received "trigger?state=lit&name=shot_spinner_hit&profile=default"
2017-06-18 14:48:39,319 : EventManager : Event: ======'player_score'====== Args={'change': 100, 'player_num': 1, 'prev_value': 1910, 'value': 2010}
2017-06-18 14:48:39,325 : EventManager : Event: ======'shot_spinner_hit'====== Args={'state': 'lit', 'profile': 'default'}
2017-06-18 14:48:39,328 : Player : Setting 'score' to: 2110, (prior: 2010, change: 100)
2017-06-18 14:48:39,330 : EventManager : Event: ======'player_score'====== Args={'change': 100, 'player_num': 1, 'prev_value': 2010, 'value': 2110}
2017-06-18 14:48:39,334 : EventManager : Event: ======'shot_spinner_hit'====== Args={'state': 'lit', 'profile': 'default'}
2017-06-18 14:48:39,337 : Player : Setting 'score' to: 2210, (prior: 2110, change: 100)
2017-06-18 14:48:39,339 : EventManager : Event: ======'player_score'====== Args={'change': 100, 'player_num': 1, 'prev_value': 2110, 'value': 2210}
2017-06-18 14:48:39,342 : EventManager : Event: ======'shot_spinner_hit'====== Args={'state': 'lit', 'profile': 'default'}
2017-06-18 14:48:39,387 : MPF-MC BCP Server : Received "machine_variable?name=audits_shots_shot_spinner&prev_value=int:1177&change=int:0&value=int:1177"
2017-06-18 14:48:39,401 : MPF-MC BCP Server : Received "machine_variable?name=audits_switches_sw_spinner&prev_value=int:1246&change=int:0&value=int:1246"
2017-06-18 14:48:39,427 : MPF-MC BCP Server : Received "player_variable?name=score&prev_value=int:2210&change=int:100&player_num=int:1&value=int:2310"
2017-06-18 14:48:39,459 : MPF-MC BCP Server : Received "trigger?state=lit&name=shot_spinner_hit&profile=default"
2017-06-18 14:48:39,571 : MPF-MC BCP Server : Received "machine_variable?name=audits_shots_shot_spinner&prev_value=int:1178&change=int:0&value=int:1178"
2017-06-18 14:48:39,612 : MPF-MC BCP Server : Received "machine_variable?name=audits_switches_sw_spinner&prev_value=int:1247&change=int:0&value=int:1247"
2017-06-18 14:48:39,615 : MPF-MC BCP Server : Received "player_variable?name=score&prev_value=int:2310&change=int:100&player_num=int:1&value=int:2410"
2017-06-18 14:48:39,618 : MPF-MC BCP Server : Received "trigger?state=lit&name=shot_spinner_hit&profile=default"
2017-06-18 14:48:39,624 : Player : Setting 'score' to: 2310, (prior: 2210, change: 100)
2017-06-18 14:48:39,626 : EventManager : Event: ======'player_score'====== Args={'change': 100, 'player_num': 1, 'prev_value': 2210, 'value': 2310}
2017-06-18 14:48:39,629 : EventManager : Event: ======'shot_spinner_hit'====== Args={'state': 'lit', 'profile': 'default'}
2017-06-18 14:48:39,632 : Player : Setting 'score' to: 2410, (prior: 2310, change: 100)
2017-06-18 14:48:39,634 : EventManager : Event: ======'player_score'====== Args={'change': 100, 'player_num': 1, 'prev_value': 2310, 'value': 2410}
2017-06-18 14:48:39,636 : EventManager : Event: ======'shot_spinner_hit'====== Args={'state': 'lit', 'profile': 'default'}
2017-06-18 14:48:43,168 : MPF-MC BCP Server : Received "machine_variable?name=audits_switches_sw_outhole&prev_value=int:336&change=int:0&value=int:336"
2017-06-18 14:48:43,629 : MPF-MC BCP Server : Received "mode_start?priority=int:300&name=bonus"
2017-06-18 14:48:43,698 : Mode.bonus : Mode Start. Priority: 300
2017-06-18 14:48:43,701 : MPF-MC BCP Server : Received "trigger?json={"settings": {"collect_bonus_slide": {"action": "play", "force": false, "slide": null, "expire": null, "widgets": [{"color": [1.0, 1.0, 1.0, 1.0], "animations": null, "y": null, "key": null, "number_grouping": false, "min_digits": 0, "halign": "center", "adjust_top": null, "type": "text", "anchor_x": null, "expire": null, "adjust_right": null, "style": null, "valign": "middle", "reset_animations_events": [], "adjust_left": null, "bold": false, "z": 0, "anchor_y": null, "italic": false, "font_size": 15, "x": null, "adjust_bottom": null, "text": "Collect bonus !", "opacity": 1.0, "_default_settings": ["text", "type"]}], "target": null, "show": true, "priority": null, "transition": {"direction": "up", "easing": "out_quad", "duration": 1.0, "type": "push"}}}, "priority": 300, "context": "show_44", "name": "slides_play"}"
2017-06-18 14:48:43,781 : EventManager : Event: ======'slides_play'====== Args={'settings': {'collect_bonus_slide': {'action': 'play', 'expire': None, 'slide': None, 'force': False, 'show': True, 'target': None, 'widgets': [{'expire': None, 'z': 0, 'adjust_bottom': None, 'min_digits': 0, 'adjust_left': None, 'font_size': 15, 'text': 'Collect bonus !', 'anchor_x': None, 'valign': 'middle', 'opacity': 1.0, 'style': None, 'number_grouping': False, 'type': 'text', 'halign': 'center', 'italic': False, 'anchor_y': None, 'x': None, 'adjust_right': None, 'animations': None, '_default_settings': ['text', 'type'], 'reset_animations_events': [], 'adjust_top': None, 'bold': False, 'y': None, 'color': [1.0, 1.0, 1.0, 1.0], 'key': None}], 'transition': {'easing': 'out_quad', 'duration': 1.0, 'direction': 'up', 'type': 'push'}, 'priority': None}}, 'priority': 300, 'context': 'show_44'}
2017-06-18 14:48:43,846 : EventManager : Event: ======'slide_collect_bonus_slide_created'====== Args={}
2017-06-18 14:48:43,896 : EventManager : Event: ======'slide_collect_bonus_slide_active'====== Args={}
2017-06-18 14:48:45,670 : MPF-MC BCP Server : Received "trigger?json={"settings": {"collect_bonus_slide": {"action": "play", "force": false, "slide": null, "expire": null, "widgets": [{"color": [1.0, 1.0, 1.0, 1.0], "animations": null, "y": null, "key": null, "number_grouping": false, "min_digits": 0, "halign": "center", "adjust_top": null, "type": "text", "anchor_x": null, "expire": null, "adjust_right": null, "style": null, "valign": "middle", "reset_animations_events": [], "adjust_left": null, "bold": false, "z": 0, "anchor_y": null, "italic": false, "font_size": 15, "x": null, "adjust_bottom": null, "text": "(current_player.bonus_score)", "opacity": 1.0, "_default_settings": ["text", "type"]}], "target": null, "show": true, "priority": null, "transition": {"direction": "up", "easing": "out_quad", "duration": 1.0, "type": "push"}}}, "priority": 300, "context": "show_45", "name": "slides_play"}"
2017-06-18 14:48:45,734 : EventManager : Event: ======'slides_play'====== Args={'settings': {'collect_bonus_slide': {'action': 'play', 'expire': None, 'slide': None, 'force': False, 'show': True, 'target': None, 'widgets': [{'expire': None, 'z': 0, 'adjust_bottom': None, 'min_digits': 0, 'adjust_left': None, 'font_size': 15, 'text': '(current_player.bonus_score)', 'anchor_x': None, 'valign': 'middle', 'opacity': 1.0, 'style': None, 'number_grouping': False, 'type': 'text', 'halign': 'center', 'italic': False, 'anchor_y': None, 'x': None, 'adjust_right': None, 'animations': None, '_default_settings': ['text', 'type'], 'reset_animations_events': [], 'adjust_top': None, 'bold': False, 'y': None, 'color': [1.0, 1.0, 1.0, 1.0], 'key': None}], 'transition': {'easing': 'out_quad', 'duration': 1.0, 'direction': 'up', 'type': 'push'}, 'priority': None}}, 'priority': 300, 'context': 'show_45'}
2017-06-18 14:48:46,665 : MPF-MC BCP Server : Received "trigger?context=show_44&name=slides_clear"
2017-06-18 14:48:46,733 : EventManager : Event: ======'slides_clear'====== Args={'context': 'show_44'}
2017-06-18 14:48:46,743 : EventManager : Event: ======'slide_collect_bonus_slide_removed'====== Args={}
2017-06-18 14:48:46,757 : EventManager : Event: ======'slide_widgets_active'====== Args={}
2017-06-18 14:48:47,666 : MPF-MC BCP Server : Received "trigger?context=show_45&name=slides_clear"
2017-06-18 14:48:47,707 : MPF-MC BCP Server : Received "mode_stop?name=bonus"
2017-06-18 14:48:47,736 : EventManager : Event: ======'slides_clear'====== Args={'context': 'show_45'}
2017-06-18 14:48:47,739 : Mode.bonus : Mode Stop.
2017-06-18 14:48:47,778 : MPF-MC BCP Server : Received "trigger?context=base&name=slides_clear"
2017-06-18 14:48:47,828 : MPF-MC BCP Server : Received "trigger?context=base&name=sounds_clear"
2017-06-18 14:48:47,863 : MPF-MC BCP Server : Received "mode_stop?name=base"
2017-06-18 14:48:47,903 : EventManager : Event: ======'slides_clear'====== Args={'context': 'base'}
2017-06-18 14:48:47,905 : MPF-MC BCP Server : Received "mode_stop?name=multiplier"
2017-06-18 14:48:47,909 : EventManager : Event: ======'sounds_clear'====== Args={'context': 'base'}
2017-06-18 14:48:47,912 : MPF-MC BCP Server : Received "mode_stop?name=open_gate"
2017-06-18 14:48:47,915 : Mode.base : Mode Stop.
2017-06-18 14:48:47,918 : MPF-MC BCP Server : Received "mode_stop?name=toprow_lites_center"
2017-06-18 14:48:47,943 : EventManager : Event: ======'slide_widgets_removed'====== Args={}
2017-06-18 14:48:47,952 : Mode.multiplier : Mode Stop.
2017-06-18 14:48:47,956 : Mode.open_gate : Mode Stop.
2017-06-18 14:48:47,961 : Mode.toprow_lites_center : Mode Stop.
2017-06-18 14:48:47,978 : EventManager : Event: ======'slide_dmd_blank_active'====== Args={}
2017-06-18 14:48:48,030 : MPF-MC BCP Server : Received "ball_end"
2017-06-18 14:48:48,047 : MPF-MC BCP Server : Received "player_variable?name=shot_top_ro_1_default&prev_value=int:1&change=int:-1&player_num=int:1&value=int:0"
2017-06-18 14:48:48,095 : MPF-MC BCP Server : Received "player_variable?name=shot_top_ro_5_default&prev_value=int:1&change=int:-1&player_num=int:1&value=int:0"
2017-06-18 14:48:48,102 : Player : Setting 'shot_top_ro_1_default' to: 0, (prior: 1, change: -1)
2017-06-18 14:48:48,108 : MPF-MC BCP Server : Received "player_variable?name=shot_spinner_default&prev_value=int:1&change=int:-1&player_num=int:1&value=int:0"
2017-06-18 14:48:48,111 : EventManager : Event: ======'player_shot_top_ro_1_default'====== Args={'change': -1, 'player_num': 1, 'prev_value': 1, 'value': 0}
2017-06-18 14:48:48,117 : MPF-MC BCP Server : Received "player_variable?name=shot_top_ro_4_default&prev_value=int:1&change=int:-1&player_num=int:1&value=int:0"
2017-06-18 14:48:48,122 : Player : Setting 'shot_top_ro_5_default' to: 0, (prior: 1, change: -1)
2017-06-18 14:48:48,128 : EventManager : Event: ======'player_shot_top_ro_5_default'====== Args={'change': -1, 'player_num': 1, 'prev_value': 1, 'value': 0}
2017-06-18 14:48:48,133 : Player : Setting 'shot_spinner_default' to: 0, (prior: 1, change: -1)
2017-06-18 14:48:48,135 : EventManager : Event: ======'player_shot_spinner_default'====== Args={'change': -1, 'player_num': 1, 'prev_value': 1, 'value': 0}
2017-06-18 14:48:48,138 : MPF-MC BCP Server : Received "machine_variable?name=player1_score&prev_value=int:0&change=int:2410&value=int:2410"
2017-06-18 14:48:48,143 : Player : Setting 'shot_top_ro_4_default' to: 0, (prior: 1, change: -1)
2017-06-18 14:48:48,148 : EventManager : Event: ======'player_shot_top_ro_4_default'====== Args={'change': -1, 'player_num': 1, 'prev_value': 1, 'value': 0}
2017-06-18 14:48:48,150 : mpfmc : Setting machine_var 'player1_score' to: 2410, (prior: 0, change: 2410)
2017-06-18 14:48:48,153 : EventManager : Event: ======'machine_var_player1_score'====== Args={'change': 2410, 'prev_value': 0, 'value': 2410}
2017-06-18 14:48:48,202 : MPF-MC BCP Server : Received "player_turn_start?player_num=int:1"
2017-06-18 14:48:48,297 : MPF-MC BCP Server : Received "player_variable?name=ball&prev_value=int:1&change=int:1&player_num=int:1&value=int:2"
2017-06-18 14:48:48,343 : Player : Setting 'ball' to: 2, (prior: 1, change: 1)
2017-06-18 14:48:48,346 : EventManager : Event: ======'player_ball'====== Args={'change': 1, 'player_num': 1, 'prev_value': 1, 'value': 2}
2017-06-18 14:48:48,684 : MPF-MC BCP Server : Received "mode_start?priority=int:100&name=base"
2017-06-18 14:48:48,768 : Mode.base : Mode Start. Priority: 100
2017-06-18 14:48:48,857 : MPF-MC BCP Server : Received "mode_start?priority=int:200&name=multiplier"
2017-06-18 14:48:48,935 : MPF-MC BCP Server : Received "mode_start?priority=int:200&name=open_gate"
2017-06-18 14:48:48,940 : Mode.multiplier : Mode Start. Priority: 200
2017-06-18 14:48:48,946 : Mode.open_gate : Mode Start. Priority: 200
2017-06-18 14:48:48,993 : MPF-MC BCP Server : Received "player_variable?name=star_5_state_count&prev_value=int:1&change=int:-1&player_num=int:1&value=int:0"
2017-06-18 14:48:49,013 : MPF-MC BCP Server : Received "player_variable?name=star_4_state_count&prev_value=int:1&change=int:-1&player_num=int:1&value=int:0"
2017-06-18 14:48:49,085 : Player : Setting 'star_5_state_count' to: 0, (prior: 1, change: -1)
2017-06-18 14:48:49,087 : MPF-MC BCP Server : Received "player_variable?name=star_1_state_count&prev_value=int:1&change=int:-1&player_num=int:1&value=int:0"
2017-06-18 14:48:49,089 : EventManager : Event: ======'player_star_5_state_count'====== Args={'change': -1, 'player_num': 1, 'prev_value': 1, 'value': 0}
2017-06-18 14:48:49,095 : Player : Setting 'star_4_state_count' to: 0, (prior: 1, change: -1)
2017-06-18 14:48:49,097 : EventManager : Event: ======'player_star_4_state_count'====== Args={'change': -1, 'player_num': 1, 'prev_value': 1, 'value': 0}
2017-06-18 14:48:49,100 : Player : Setting 'star_1_state_count' to: 0, (prior: 1, change: -1)
2017-06-18 14:48:49,102 : EventManager : Event: ======'player_star_1_state_count'====== Args={'change': -1, 'player_num': 1, 'prev_value': 1, 'value': 0}
2017-06-18 14:48:49,168 : MPF-MC BCP Server : Received "mode_start?priority=int:200&name=toprow_lites_center"
2017-06-18 14:48:49,185 : MPF-MC BCP Server : Received "ball_start?ball=int:2&player_num=int:1"
2017-06-18 14:48:49,258 : Mode.toprow_lites_center : Mode Start. Priority: 200
2017-06-18 14:48:49,270 : MPF-MC BCP Server : Received "trigger?name=mode_base_started"
2017-06-18 14:48:49,319 : EventManager : Event: ======'mode_base_started'====== Args={}
2017-06-18 14:48:49,489 : EventManager : Event: ======'slide_widgets_created'====== Args={}
2017-06-18 14:48:49,638 : EventManager : Event: ======'slide_widgets_active'====== Args={}
2017-06-18 14:48:52,323 : MPF-MC BCP Server : Received "goodbye"
2017-06-18 14:48:52,350 : kivy : Base: Leaving application in progress...
2017-06-18 14:48:52,394 : mpfmc : Stopping...
2017-06-18 14:48:52,397 : EventManager : Event: ======'shutdown'====== Args={}
2017-06-18 14:48:52,403 : mpfmc : Loop rate 11.09 Hz
