2018-11-25 13:04:52,540 : Machine : Mission Pinball Framework Core Engine v0.33.46
2018-11-25 13:04:52,543 : Machine : Command line arguments: {'create_config_cache': True, 'loglevel': 11, 'force_platform': None, 'force_assets_load': False, 'configfile': ['config'], 'mc_file_name': None, 'bcp': True, 'syslog_address': None, 'pause': False, 'logfile': 'logs/2018-11-25-13-04-52-mpf-kivypie.log', 'no_load_cache': False, 'mpfconfigfile': '/home/sysop/pinball/mpf/mpf/mpfconfig.yaml', 'consoleloglevel': 20}
2018-11-25 13:04:52,544 : Machine : MPF path: /home/sysop/pinball/mpf/mpf
2018-11-25 13:04:52,545 : Machine : Machine path: /home/sysop/pinball/machines/supersonic
2018-11-25 13:04:52,545 : Machine : Platform: linux
2018-11-25 13:04:52,546 : Machine : Python executable location: /usr/bin/python3
2018-11-25 13:04:52,547 : Machine : Python version: 3.4.2 (32-bit)
2018-11-25 13:04:57,327 : Machine : Loading cached config: /tmp/b483c2bb19bc8f7f9bf445a6d20fd2dcconfig
2018-11-25 13:04:57,481 : RASPPINBALL : Configuring raspPinball hardware.
2018-11-25 13:04:57,482 : Machine : Setting default platform to 'rasppinball'
2018-11-25 13:04:57,483 : Machine : Loading core modules...
2018-11-25 13:04:57,484 : Machine : Loading 'mpf.core.events.EventManager' core module
2018-11-25 13:04:57,599 : Machine : Loading 'mpf.core.mode_controller.ModeController' core module
2018-11-25 13:04:57,775 : Machine : Loading 'mpf.core.config_processor.ConfigProcessor' core module
2018-11-25 13:04:57,778 : Machine : Loading 'mpf.core.shot_profile_manager.ShotProfileManager' core module
2018-11-25 13:04:57,807 : Machine : Loading 'mpf.core.device_manager.DeviceManager' core module
2018-11-25 13:04:57,809 : DeviceManager : Loading the DeviceManager
2018-11-25 13:04:57,817 : Machine : Loading 'mpf.core.switch_controller.SwitchController' core module
2018-11-25 13:04:57,840 : SwitchController : Loading the SwitchController
2018-11-25 13:04:57,846 : Machine : Loading 'mpf.core.ball_controller.BallController' core module
2018-11-25 13:04:57,860 : Machine : Loading 'mpf.core.assets.AsyncioSyncAssetManager' core module
2018-11-25 13:04:57,910 : Machine : Loading 'mpf.core.show_controller.ShowController' core module
2018-11-25 13:04:57,928 : Machine : Loading 'mpf.core.bcp.bcp.Bcp' core module
2018-11-25 13:04:57,976 : Machine : Loading 'mpf.core.logic_blocks.LogicBlocks' core module
2018-11-25 13:04:57,990 : Machine : Loading 'mpf.core.service_controller.ServiceController' core module
2018-11-25 13:04:58,003 : Machine : Loading 'mpf.core.settings_controller.SettingsController' core module
2018-11-25 13:04:58,017 : Machine : Loading 'mpf.core.placeholder_manager.PlaceholderManager' core module
2018-11-25 13:04:58,029 : Machine : Loading 'mpf.core.extra_balls.ExtraBallController' core module
2018-11-25 13:04:58,047 : RASPPINBALL : Initialize raspPinball hardware.
2018-11-25 13:04:58,050 : RASPPINBALL : Connecting to /dev/ttyAMA0 at 115200bps
2018-11-25 13:04:58,057 : RASPPINBALL : SEND:!1:MI

2018-11-25 13:04:58,172 : Machine : Registering Plugin Config Players
2018-11-25 13:04:58,199 : Machine : Registering widget_player = mpfmc.config_players.plugins.widget_player:register_with_mpf
2018-11-25 13:04:58,634 : Machine : Registering track_player = mpfmc.config_players.plugins.track_player:register_with_mpf
2018-11-25 13:04:58,662 : Machine : Registering sound_player = mpfmc.config_players.plugins.sound_player:register_with_mpf
2018-11-25 13:04:58,689 : Machine : Registering slide_player = mpfmc.config_players.plugins.slide_player:register_with_mpf
2018-11-25 13:04:58,746 : Machine : Setting machine_var 'player1_score' to: 3160, (prior: 3160, change: 0)
2018-11-25 13:04:58,747 : Machine : Setting machine_var 'mpf_version' to: MPF v0.33.46, (prior: MPF v0.33.46, change: False)
2018-11-25 13:04:58,749 : Machine : Setting machine_var 'mpf_extended_version' to: MPF v0.33.46, Config version:4, Show version: 4, BCP version:1.1, (prior: MPF v0.33.46, Config version:4, Show version: 4, BCP version:1.1, change: False)
2018-11-25 13:04:58,750 : Machine : Setting machine_var 'python_version' to: 3.4.2, (prior: 3.4.2, change: False)
2018-11-25 13:04:58,757 : Machine : Setting machine_var 'platform' to: Linux-4.9.24-v7+-armv7l-with-debian-8.0, (prior: Linux-4.9.24-v7+-armv7l-with-debian-8.0, change: False)
2018-11-25 13:04:58,759 : Machine : Setting machine_var 'platform_system' to: Linux, (prior: Linux, change: False)
2018-11-25 13:04:58,760 : Machine : Setting machine_var 'platform_release' to: 4.9.24-v7+, (prior: 4.9.24-v7+, change: False)
2018-11-25 13:04:58,761 : Machine : Setting machine_var 'platform_version' to: #993 SMP Wed Apr 26 18:01:23 BST 2017, (prior: #993 SMP Wed Apr 26 18:01:23 BST 2017, change: False)
2018-11-25 13:04:58,762 : Machine : Setting machine_var 'platform_machine' to: armv7l, (prior: armv7l, change: False)
2018-11-25 13:04:58,767 : RASPPINBALL : resend frame 1:MI
2018-11-25 13:04:58,768 : RASPPINBALL : SEND:!1:MI

2018-11-25 13:04:58,770 : RASPPINBALL : PARSING:b'DBG:PROTOCOL:1:MI.\r\nSWU:1;0\r\nSWU:9;0\r\nSWU:17;0\r\nSWU:25;0\r\nSWU:33;0\r\nSWU:2;0\r\nSWU:10;0\r\nSWU:18;0\r\nSWU'
2018-11-25 13:04:58,775 : RASPPINBALL : PARSING:b':26;0\r\nSWU:34;0\r\nSWU:3;0\r\nSWU:11;0\r\nSWU:19;0\r\nSWU:27;0\r\nSWU:35;0\r\nSWU:4;0\r\nSWU:12;0\r\nSWU:20;0\r\nSWU:2'
2018-11-25 13:04:58,776 : RASPPINBALL : SWU:switches not configured
2018-11-25 13:04:58,777 : RASPPINBALL : PARSING:b'8;0\r\nSWU:36;0\r\nSWU:5;0\r\nSWU:13;0\r\nSWU:21;0\r\nSWU:29;0\r\nSWU:37;0\r\nSWU:6;0\r\nSWU:14;0\r\nSWU:22;0\r\nSWU:30;'
2018-11-25 13:04:58,778 : RASPPINBALL : SWU:switches not configured
2018-11-25 13:04:58,779 : RASPPINBALL : PARSING:b'0\r\nSWU:38;0\r\nSWU:7;0\r\nSWU:15;0\r\nSWU:23;0\r\nSWU:31;0\r\nSWU:39;0\r\nSWU:8;0\r\nSWU:16;0\r\nSWU:24;0\r\nSWU:32;0\r'
2018-11-25 13:04:58,780 : RASPPINBALL : SWU:switches not configured
2018-11-25 13:04:58,781 : RASPPINBALL : PARSING:b'\nSWU:40;0\r\nSWU:101;0\r\nSWU:102;0\r\nSWU:103;0\r\nSWU:104;0\r\nACK:1;OK\r\n'
2018-11-25 13:04:58,782 : RASPPINBALL : SWU:switches not configured
2018-11-25 13:04:58,783 : RASPPINBALL : SWU:switches not configured
2018-11-25 13:04:58,785 : DeviceManager : Loading devices...
2018-11-25 13:04:59,432 : ball_device.bd_trough : Platform Driver: None
2018-11-25 13:04:59,436 : ball_device.bd_trough : Configuring device with settings: '{'hold_coil': None, 'eject_events': {}, 'eject_coil_retry_pulse': None, 'hold_coil_release_time': 1000, 'entrance_events': {}, 'captures_from': <playfield.playfield>, 'hold_switches': [], 'entrance_count_delay': 300, 'label': '%', 'jam_switch': None, 'exit_count_delay': 500, 'eject_all_events': {}, 'eject_timeouts': [], 'hold_events': {}, 'confirm_eject_switch': None, 'entrance_switch': None, 'ball_search_order': 200, 'ball_missing_timeouts': [], 'auto_fire_on_unexpected_ball': True, 'eject_coil': <coil.co_outhole_kicker>, 'file_log': 'full', 'request_ball_events': [], 'entrance_switch_full_timeout': 0, 'target_on_unexpected_ball': None, 'ball_capacity': None, 'ball_missing_target': <playfield.playfield>, 'confirm_eject_type': 'target', 'max_eject_attempts': 0, 'ball_switches': [<switch.sw_outhole>], 'eject_targets': [<playfield.playfield>], 'console_log': 'full', 'tags': ['trough', 'home', 'drain', 'ball_add_live'], 'player_controlled_eject_event': None, 'debug': True, 'retries_before_increasing_pulse': 4, 'confirm_eject_event': None, 'mechanical_eject': False, 'eject_coil_jam_pulse': None}'
2018-11-25 13:04:59,540 : RASPDriver : Driver Settings for 32
2018-11-25 13:04:59,541 : RASPDriver : Driver Settings for 46
2018-11-25 13:04:59,543 : RASPDriver : Driver Settings for 28
2018-11-25 13:04:59,543 : RASPDriver : Driver Settings for 26
2018-11-25 13:04:59,544 : RASPDriver : Driver Settings for 42
2018-11-25 13:04:59,545 : RASPDriver : Driver Settings for 40
2018-11-25 13:04:59,547 : RASPDriver : Driver Settings for 36
2018-11-25 13:04:59,549 : RASPDriver : Driver Settings for 30
2018-11-25 13:04:59,550 : RASPDriver : Driver Settings for 44
2018-11-25 13:04:59,551 : RASPDriver : Driver Settings for 34
2018-11-25 13:04:59,552 : RASPDriver : Driver Settings for 38
2018-11-25 13:04:59,554 : RASPSwitch : Switch settings for 4
2018-11-25 13:04:59,556 : RASPSwitch : Switch settings for 30
2018-11-25 13:04:59,557 : RASPSwitch : Switch settings for 35
2018-11-25 13:04:59,558 : RASPSwitch : Switch settings for 27
2018-11-25 13:04:59,561 : RASPSwitch : Switch settings for 10
2018-11-25 13:04:59,562 : RASPSwitch : Switch settings for 5
2018-11-25 13:04:59,563 : RASPSwitch : Switch settings for 102
2018-11-25 13:04:59,564 : RASPSwitch : Switch settings for 16
2018-11-25 13:04:59,566 : RASPSwitch : Switch settings for 40
2018-11-25 13:04:59,568 : RASPSwitch : Switch settings for 24
2018-11-25 13:04:59,569 : RASPSwitch : Switch settings for 22
2018-11-25 13:04:59,570 : RASPSwitch : Switch settings for 37
2018-11-25 13:04:59,571 : RASPSwitch : Switch settings for 38
2018-11-25 13:04:59,574 : RASPSwitch : Switch settings for 13
2018-11-25 13:04:59,575 : RASPSwitch : Switch settings for 202
2018-11-25 13:04:59,576 : RASPSwitch : Switch settings for 28
2018-11-25 13:04:59,577 : RASPSwitch : Switch settings for 3
2018-11-25 13:04:59,579 : RASPSwitch : Switch settings for 39
2018-11-25 13:04:59,581 : RASPSwitch : Switch settings for 103
2018-11-25 13:04:59,582 : RASPSwitch : Switch settings for 18
2018-11-25 13:04:59,583 : RASPSwitch : Switch settings for 15
2018-11-25 13:04:59,584 : RASPSwitch : Switch settings for 34
2018-11-25 13:04:59,586 : RASPSwitch : Switch settings for 2
2018-11-25 13:04:59,588 : RASPSwitch : Switch settings for 192
2018-11-25 13:04:59,589 : RASPSwitch : Switch settings for 31
2018-11-25 13:04:59,590 : RASPSwitch : Switch settings for 23
2018-11-25 13:04:59,592 : RASPSwitch : Switch settings for 12
2018-11-25 13:04:59,593 : RASPSwitch : Switch settings for 19
2018-11-25 13:04:59,594 : RASPSwitch : Switch settings for 9
2018-11-25 13:04:59,596 : RASPSwitch : Switch settings for 7
2018-11-25 13:04:59,597 : RASPSwitch : Switch settings for 33
2018-11-25 13:04:59,599 : RASPSwitch : Switch settings for 222
2018-11-25 13:04:59,600 : RASPSwitch : Switch settings for 26
2018-11-25 13:04:59,602 : RASPSwitch : Switch settings for 1
2018-11-25 13:04:59,603 : RASPSwitch : Switch settings for 36
2018-11-25 13:04:59,605 : RASPSwitch : Switch settings for 8
2018-11-25 13:04:59,606 : RASPSwitch : Switch settings for 32
2018-11-25 13:04:59,607 : RASPSwitch : Switch settings for 21
2018-11-25 13:04:59,608 : RASPSwitch : Switch settings for 17
2018-11-25 13:04:59,609 : RASPSwitch : Switch settings for 182
2018-11-25 13:04:59,612 : RASPSwitch : Switch settings for 101
2018-11-25 13:04:59,613 : RASPSwitch : Switch settings for 11
2018-11-25 13:04:59,614 : RASPSwitch : Switch settings for 20
2018-11-25 13:04:59,615 : RASPSwitch : Switch settings for 29
2018-11-25 13:04:59,618 : RASPSwitch : Switch settings for 14
2018-11-25 13:04:59,747 : SwitchController : Registering switch handler: bt_left_flipper, <bound method ComboSwitch._switch_1_went_active of <combo_switch.both_flippers>>, state: 1, ms: 0, info: False, cb_kwargs: {}
2018-11-25 13:04:59,748 : SwitchController : Registering switch handler: bt_left_flipper, <bound method ComboSwitch._switch_1_went_inactive of <combo_switch.both_flippers>>, state: 0, ms: 0, info: False, cb_kwargs: {}
2018-11-25 13:04:59,749 : SwitchController : Registering switch handler: bt_right_flipper, <bound method ComboSwitch._switch_2_went_active of <combo_switch.both_flippers>>, state: 1, ms: 0, info: False, cb_kwargs: {}
2018-11-25 13:04:59,750 : SwitchController : Registering switch handler: bt_right_flipper, <bound method ComboSwitch._switch_2_went_inactive of <combo_switch.both_flippers>>, state: 0, ms: 0, info: False, cb_kwargs: {}
2018-11-25 13:04:59,753 : SwitchController : Registering switch handler: bt_left_flipper, <bound method TimedSwitch._activate of <timed_switch.flipper_cradle>>, state: 1, ms: 3000, info: True, cb_kwargs: {}
2018-11-25 13:04:59,754 : SwitchController : Registering switch handler: bt_left_flipper, <bound method TimedSwitch._deactivate of <timed_switch.flipper_cradle>>, state: 0, ms: 0, info: True, cb_kwargs: {}
2018-11-25 13:04:59,755 : SwitchController : Registering switch handler: bt_right_flipper, <bound method TimedSwitch._activate of <timed_switch.flipper_cradle>>, state: 1, ms: 3000, info: True, cb_kwargs: {}
2018-11-25 13:04:59,756 : SwitchController : Registering switch handler: bt_right_flipper, <bound method TimedSwitch._deactivate of <timed_switch.flipper_cradle>>, state: 0, ms: 0, info: True, cb_kwargs: {}
2018-11-25 13:04:59,770 : SwitchController : WARNING: Received duplicate switch state, which means this switch had some non-debounced state changes. This could be nothing, but if it happens a lot it could indicate noise or interference on the line. Switch: sw_drop_target_d
2018-11-25 13:04:59,776 : RASPPINBALL : resend frame 1:MI
2018-11-25 13:04:59,777 : RASPPINBALL : SEND:!1:MI

2018-11-25 13:04:59,779 : RASPPINBALL : PARSING:b'DBG:PROTOCOL:1:MI.\r\nSWU:1;0\r\nSWU:9;0\r\nSWU:17;0\r\nSWU:25;0\r\nSWU:33;0\r\nSWU:2;0\r\nSWU:10;0\r\nSWU:18;0\r\nSWU'
2018-11-25 13:04:59,781 : SwitchController : WARNING: Received duplicate switch state, which means this switch had some non-debounced state changes. This could be nothing, but if it happens a lot it could indicate noise or interference on the line. Switch: sw_coin_1_left
2018-11-25 13:04:59,787 : RASPPINBALL : PARSING:b':26;0\r\nSWU:34;0\r\nSWU:3;0\r\nSWU:11;0\r\nSWU:19;0\r\nSWU:27;0\r\nSWU:35;0\r\nSWU:4;0\r\nSWU:12;0\r\nSWU:20;0\r\nSWU:2'
2018-11-25 13:04:59,788 : SwitchController : WARNING: Received duplicate switch state, which means this switch had some non-debounced state changes. This could be nothing, but if it happens a lot it could indicate noise or interference on the line. Switch: sw_top_ro_5
2018-11-25 13:04:59,794 : RASPPINBALL : PARSING:b'8;0\r\nSWU:36;0\r\nSWU:5;0\r\nSWU:13;0\r\nSWU:21;0\r\nSWU:29;0\r\nSWU:37;0\r\nSWU:6;0\r\nSWU:14;0\r\nSWU:22;0\r\nSWU:30;'
2018-11-25 13:04:59,796 : SwitchController : WARNING: Received duplicate switch state, which means this switch had some non-debounced state changes. This could be nothing, but if it happens a lot it could indicate noise or interference on the line. Switch: sw_star_5
2018-11-25 13:04:59,802 : RASPPINBALL : PARSING:b'0\r\nSWU:38;0\r\nSWU:7;0\r\nSWU:15;0\r\nSWU:23;0\r\nSWU:31;0\r\nSWU:39;0\r\nSWU:8;0\r\nSWU:16;0\r\nSWU:24;0\r\nSWU:32;0\r'
2018-11-25 13:04:59,804 : SwitchController : WARNING: Received duplicate switch state, which means this switch had some non-debounced state changes. This could be nothing, but if it happens a lot it could indicate noise or interference on the line. Switch: sw_left_lane_ro_button_5
2018-11-25 13:04:59,810 : RASPPINBALL : PARSING:b'\nSWU:40;0\r\nSWU:101;0\r\nSWU:102;0\r\nSWU:103;0\r\nSWU:104;0\r\nACK:1;OK\r\n'
2018-11-25 13:04:59,811 : SwitchController : WARNING: Received duplicate switch state, which means this switch had some non-debounced state changes. This could be nothing, but if it happens a lot it could indicate noise or interference on the line. Switch: sw_drop_target_c
2018-11-25 13:04:59,819 : SwitchController : WARNING: Received duplicate switch state, which means this switch had some non-debounced state changes. This could be nothing, but if it happens a lot it could indicate noise or interference on the line. Switch: sw_coin_2_middle
2018-11-25 13:05:01,380 : SwitchController : WARNING: Received duplicate switch state, which means this switch had some non-debounced state changes. This could be nothing, but if it happens a lot it could indicate noise or interference on the line. Switch: sw_top_ro_4
2018-11-25 13:05:01,385 : RASPPINBALL : resend frame 1:MI
2018-11-25 13:05:01,386 : RASPPINBALL : SEND:!1:MI

2018-11-25 13:05:01,396 : RASPPINBALL : PARSING:b'DBG:PROTOCOL:1:MI.\r\nSWU:1;0\r\nSWU:9;0\r\nSWU:17;0\r\nSWU:25;0\r\nSWU:33;0\r\nSWU:2;0\r\nSWU:10;0\r\nSWU:18;0\r\nSWU'
2018-11-25 13:05:01,398 : SwitchController : WARNING: Received duplicate switch state, which means this switch had some non-debounced state changes. This could be nothing, but if it happens a lot it could indicate noise or interference on the line. Switch: sw_star_4
2018-11-25 13:05:01,406 : RASPPINBALL : PARSING:b':26;0\r\nSWU:34;0\r\nSWU:3;0\r\nSWU:11;0\r\nSWU:19;0\r\nSWU:27;0\r\nSWU:35;0\r\nSWU:4;0\r\nSWU:12;0\r\nSWU:20;0\r\nSWU:2'
2018-11-25 13:05:01,410 : SwitchController : WARNING: Received duplicate switch state, which means this switch had some non-debounced state changes. This could be nothing, but if it happens a lot it could indicate noise or interference on the line. Switch: sw_left_lane_ro_button_4
2018-11-25 13:05:01,417 : RASPPINBALL : PARSING:b'8;0\r\nSWU:36;0\r\nSWU:5;0\r\nSWU:13;0\r\nSWU:21;0\r\nSWU:29;0\r\nSWU:37;0\r\nSWU:6;0\r\nSWU:14;0\r\nSWU:22;0\r\nSWU:30;'
2018-11-25 13:05:01,418 : SwitchController : WARNING: Received duplicate switch state, which means this switch had some non-debounced state changes. This could be nothing, but if it happens a lot it could indicate noise or interference on the line. Switch: sw_drop_target_b
2018-11-25 13:05:01,425 : RASPPINBALL : PARSING:b'0\r\nSWU:38;0\r\nSWU:7;0\r\nSWU:15;0\r\nSWU:23;0\r\nSWU:31;0\r\nSWU:39;0\r\nSWU:8;0\r\nSWU:16;0\r\nSWU:24;0\r\nSWU:32;0\r'
2018-11-25 13:05:01,427 : SwitchController : WARNING: Received duplicate switch state, which means this switch had some non-debounced state changes. This could be nothing, but if it happens a lot it could indicate noise or interference on the line. Switch: sw_top_ro_button
2018-11-25 13:05:01,433 : RASPPINBALL : PARSING:b'\nSWU:40;0\r\nSWU:101;0\r\nSWU:102;0\r\nSWU:103;0\r\nSWU:104;0\r\nACK:1;OK\r\nTCK:1696\r\nDBG:T:5016067WD:0\r\n'
2018-11-25 13:05:01,434 : SwitchController : WARNING: Received duplicate switch state, which means this switch had some non-debounced state changes. This could be nothing, but if it happens a lot it could indicate noise or interference on the line. Switch: sw_top_ro_3
2018-11-25 13:05:01,447 : SwitchController : WARNING: Received duplicate switch state, which means this switch had some non-debounced state changes. This could be nothing, but if it happens a lot it could indicate noise or interference on the line. Switch: sw_star_3
2018-11-25 13:05:01,461 : SwitchController : WARNING: Received duplicate switch state, which means this switch had some non-debounced state changes. This could be nothing, but if it happens a lot it could indicate noise or interference on the line. Switch: sw_left_lane_ro_button_3
2018-11-25 13:05:01,480 : RASPPINBALL : PARSING:b'DBG:PROTOCOL:1:MI.\r\nSWU:1;0\r\nSWU:9;0\r\nSWU:17;0\r\nSWU:25;0\r\nSWU:33;0\r\nSWU:2;0\r\nSWU:10;0\r\nSWU:18;0\r\nSWU'
2018-11-25 13:05:01,482 : SwitchController : WARNING: Received duplicate switch state, which means this switch had some non-debounced state changes. This could be nothing, but if it happens a lot it could indicate noise or interference on the line. Switch: sw_drop_target_a
2018-11-25 13:05:01,489 : RASPPINBALL : PARSING:b':26;0\r\nSWU:34;0\r\nSWU:3;0\r\nSWU:11;0\r\nSWU:19;0\r\nSWU:27;0\r\nSWU:35;0\r\nSWU:4;0\r\nSWU:12;0\r\nSWU:20;0\r\nSWU:2'
2018-11-25 13:05:01,490 : SwitchController : WARNING: Received duplicate switch state, which means this switch had some non-debounced state changes. This could be nothing, but if it happens a lot it could indicate noise or interference on the line. Switch: sw_drop_target_rebound
2018-11-25 13:05:01,497 : RASPPINBALL : PARSING:b'8;0\r\nSWU:36;0\r\nSWU:5;0\r\nSWU:13;0\r\nSWU:21;0\r\nSWU:29;0\r\nSWU:37;0\r\nSWU:6;0\r\nSWU:14;0\r\nSWU:22;0\r\nSWU:30;'
2018-11-25 13:05:01,498 : SwitchController : WARNING: Received duplicate switch state, which means this switch had some non-debounced state changes. This could be nothing, but if it happens a lot it could indicate noise or interference on the line. Switch: sw_top_ro_2
2018-11-25 13:05:01,504 : RASPPINBALL : PARSING:b'0\r\nSWU:38;0\r\nSWU:7;0\r\nSWU:15;0\r\nSWU:23;0\r\nSWU:31;0\r\nSWU:39;0\r\nSWU:8;0\r\nSWU:16;0\r\nSWU:24;0\r\nSWU:32;0\r'
2018-11-25 13:05:01,506 : SwitchController : WARNING: Received duplicate switch state, which means this switch had some non-debounced state changes. This could be nothing, but if it happens a lot it could indicate noise or interference on the line. Switch: sw_star_2
2018-11-25 13:05:01,512 : RASPPINBALL : PARSING:b'\nSWU:40;0\r\nSWU:101;0\r\nSWU:102;0\r\nSWU:103;0\r\nSWU:104;0\r\nACK:1;OK\r\n'
2018-11-25 13:05:01,513 : SwitchController : WARNING: Received duplicate switch state, which means this switch had some non-debounced state changes. This could be nothing, but if it happens a lot it could indicate noise or interference on the line. Switch: sw_left_lane_ro_button_2
2018-11-25 13:05:01,521 : SwitchController : Unknown switch 6 change to state 0 on platform <Platform.raspPinball>
2018-11-25 13:05:01,527 : RASPPINBALL : resend frame 1:MI
2018-11-25 13:05:01,528 : RASPPINBALL : SEND:!1:MI

2018-11-25 13:05:01,539 : SwitchController : WARNING: Received duplicate switch state, which means this switch had some non-debounced state changes. This could be nothing, but if it happens a lot it could indicate noise or interference on the line. Switch: sw_right_outlane
2018-11-25 13:05:01,549 : SwitchController : WARNING: Received duplicate switch state, which means this switch had some non-debounced state changes. This could be nothing, but if it happens a lot it could indicate noise or interference on the line. Switch: sw_top_ro_1
2018-11-25 13:05:01,565 : RASPPINBALL : PARSING:b'DBG:PROTOCOL:1:MI.\r\nSWU:1;0\r\nSWU:9;0\r\nSWU:17;0\r\nSWU:25;0\r\nSWU:33;0\r\nSWU:2;0\r\nSWU:10;0\r\nSWU:18;0\r\nSWU'
2018-11-25 13:05:01,566 : SwitchController : WARNING: Received duplicate switch state, which means this switch had some non-debounced state changes. This could be nothing, but if it happens a lot it could indicate noise or interference on the line. Switch: sw_star_1
2018-11-25 13:05:01,573 : RASPPINBALL : PARSING:b':26;0\r\nSWU:34;0\r\nSWU:3;0\r\nSWU:11;0\r\n'
2018-11-25 13:05:01,574 : SwitchController : WARNING: Received duplicate switch state, which means this switch had some non-debounced state changes. This could be nothing, but if it happens a lot it could indicate noise or interference on the line. Switch: sw_left_lane_ro_button_1
2018-11-25 13:05:01,582 : SwitchController : WARNING: Received duplicate switch state, which means this switch had some non-debounced state changes. This could be nothing, but if it happens a lot it could indicate noise or interference on the line. Switch: sw_tilt
2018-11-25 13:05:01,589 : RASPPINBALL : PARSING:b'SWU:19;0\r\nSWU:27;0\r\nSWU:35;0\r\nSWU:4;0\r\nSWU:12;0\r\nSWU:20;0\r\nSWU:28;0\r\nSWU:36;0\r\nSWU:5;0\r\nSWU:13;0\r\nSW'
2018-11-25 13:05:01,591 : SwitchController : WARNING: Received duplicate switch state, which means this switch had some non-debounced state changes. This could be nothing, but if it happens a lot it could indicate noise or interference on the line. Switch: sw_left_outlane
2018-11-25 13:05:01,597 : RASPPINBALL : PARSING:b'U:21;0\r\nSWU:29;0\r\nSWU:37;0\r\nSWU:6;0\r\nSWU:14;0\r\nSWU:22;0\r\nSWU:30;0\r\nSWU:38;0\r\nSWU:7;0\r\nSWU:15;0\r\nSWU:'
2018-11-25 13:05:01,599 : SwitchController : WARNING: Received duplicate switch state, which means this switch had some non-debounced state changes. This could be nothing, but if it happens a lot it could indicate noise or interference on the line. Switch: sw_feed_lane
2018-11-25 13:05:01,605 : RASPPINBALL : PARSING:b'23;0\r\nSWU:31;0\r\nSWU:39;0\r\nSWU:8;0\r\nSWU:16;0\r\nSWU:24;0\r\nSWU:32;0\r\nSWU:40;0\r\nSWU:101;0\r\nSWU:102;0\r\nSWU'
2018-11-25 13:05:01,606 : SwitchController : WARNING: Received duplicate switch state, which means this switch had some non-debounced state changes. This could be nothing, but if it happens a lot it could indicate noise or interference on the line. Switch: sw_right_slingshot
2018-11-25 13:05:01,612 : RASPPINBALL : PARSING:b':103;0\r\nSWU:104;0\r\nACK:1;OK\r\n'
2018-11-25 13:05:01,613 : SwitchController : WARNING: Received duplicate switch state, which means this switch had some non-debounced state changes. This could be nothing, but if it happens a lot it could indicate noise or interference on the line. Switch: sw_right_bumper
2018-11-25 13:05:01,622 : SwitchController : WARNING: Received duplicate switch state, which means this switch had some non-debounced state changes. This could be nothing, but if it happens a lot it could indicate noise or interference on the line. Switch: sw_outhole
2018-11-25 13:05:01,633 : SwitchController : WARNING: Received duplicate switch state, which means this switch had some non-debounced state changes. This could be nothing, but if it happens a lot it could indicate noise or interference on the line. Switch: sw_slam_2
2018-11-25 13:05:01,639 : RASPPINBALL : resend frame 1:MI
2018-11-25 13:05:01,640 : RASPPINBALL : SEND:!1:MI

2018-11-25 13:05:01,642 : SwitchController : WARNING: Received duplicate switch state, which means this switch had some non-debounced state changes. This could be nothing, but if it happens a lot it could indicate noise or interference on the line. Switch: sw_saucer
2018-11-25 13:05:01,651 : SwitchController : WARNING: Received duplicate switch state, which means this switch had some non-debounced state changes. This could be nothing, but if it happens a lot it could indicate noise or interference on the line. Switch: sw_left_slingshot
2018-11-25 13:05:01,660 : RASPPINBALL : PARSING:b'DBG:PROTOCOL:1:MI.\r\nSWU:1;0\r\nSWU:9;0\r\nSWU:17;0\r\nSWU:25;0\r\nSWU:33;0\r\nSWU:2;0\r\nSWU:10;0\r\nSWU:18;0\r'
2018-11-25 13:05:01,662 : SwitchController : WARNING: Received duplicate switch state, which means this switch had some non-debounced state changes. This could be nothing, but if it happens a lot it could indicate noise or interference on the line. Switch: sw_left_bumper
2018-11-25 13:05:01,672 : SwitchController : WARNING: Received duplicate switch state, which means this switch had some non-debounced state changes. This could be nothing, but if it happens a lot it could indicate noise or interference on the line. Switch: bt_left_flipper
2018-11-25 13:05:01,679 : RASPPINBALL : PARSING:b'\nSWU:26;0\r\nSWU:34;0\r\nSWU:3;0\r\nSWU:11;0\r\nSWU:19;0\r\nSWU:27;0\r\nSWU:35;0\r\nSWU:4;0\r\nSWU:12;0\r\nSWU:20;0\r\nS'
2018-11-25 13:05:01,680 : SwitchController : WARNING: Received duplicate switch state, which means this switch had some non-debounced state changes. This could be nothing, but if it happens a lot it could indicate noise or interference on the line. Switch: bt_right_flipper
2018-11-25 13:05:01,687 : RASPPINBALL : PARSING:b'WU:28;0\r\nSWU:36;0\r\nSWU:5;0\r\nSWU:13;0\r\nSWU:21;0\r\nSWU:29;0\r\nSWU:37;0\r\nSWU:6;0\r\nSWU:14;0\r\nSWU:22;0\r\nSWU'
2018-11-25 13:05:01,688 : SwitchController : WARNING: Received duplicate switch state, which means this switch had some non-debounced state changes. This could be nothing, but if it happens a lot it could indicate noise or interference on the line. Switch: sw_credit_button
2018-11-25 13:05:01,694 : RASPPINBALL : PARSING:b':30;0\r\nSWU:38;0\r\nSWU:7;0'
2018-11-25 13:05:01,696 : SwitchController : Unknown switch 104 change to state 0 on platform <Platform.raspPinball>
2018-11-25 13:05:01,704 : RASPPINBALL : ACK frame done '{'time': 1543151101.6401117, 'msg': 'MI', 'retry': 5}'
2018-11-25 13:05:01,705 : RASPPINBALL : invalid parse frame, error='ValueError("invalid literal for int() with base 10: 'OK'",)', msg='ACK:1;OK'
2018-11-25 13:05:01,706 : Machine : Shutting down...
2018-11-25 13:05:01,708 : ball_device.bd_trough : Stopping ball device
2018-11-25 13:05:01,710 : RASPPINBALL : SEND:!2:MH

2018-11-25 13:05:01,712 : asyncio : Exception in callback PeriodicTask._run()
handle: <TimerHandle when=5016.976957244004 PeriodicTask._run()>
Traceback (most recent call last):
  File "/usr/lib/python3.4/asyncio/events.py", line 120, in _run
    self._callback(*self._args)
  File "/home/sysop/pinball/mpf/mpf/core/clock.py", line 37, in _run
    self._callback(None)
  File "/home/sysop/pinball/mpf/mpf/platforms/rasppinball/rasppinball.py", line 125, in tick
    self.communicator.peek_msg()
  File "/home/sysop/pinball/mpf/mpf/platforms/rasppinball/serial.py", line 53, in peek_msg
    self.platform.process_received_message(m)
  File "/home/sysop/pinball/mpf/mpf/platforms/rasppinball/rasppinball.py", line 331, in process_received_message
    self.log.debug("ACK frame:%d  ok:%s" % (int(params[0]), int(params[1])))
ValueError: invalid literal for int() with base 10: 'OK'
2018-11-25 13:05:01,742 : RASPPINBALL : PARSING:b'\r\nSWU:15;0\r\nSWU:23;0\r\nSWU:31;0\r\nSWU:39;0\r\nSWU:8;0\r\nSWU:16;0\r\nSWU:24;0\r\nSWU:32;0\r\nSWU:40;0\r\nSWU:101;0'
2018-11-25 13:05:01,749 : RASPPINBALL : PARSING:b'\r\nSWU:102;0\r\nSWU:103;0\r\nSWU:104;0\r\nACK:1;OK\r\n'
2018-11-25 13:05:01,750 : SwitchController : WARNING: Received duplicate switch state, which means this switch had some non-debounced state changes. This could be nothing, but if it happens a lot it could indicate noise or interference on the line. Switch: sw_drop_target_e
2018-11-25 13:05:01,757 : root : Event loop stopped before Future completed.
Traceback (most recent call last):
  File "/home/sysop/pinball/mpf/mpf/commands/game.py", line 181, in __init__
    MachineController(mpf_path, machine_path, vars(args)).run()
  File "/home/sysop/pinball/mpf/mpf/core/machine.py", line 134, in __init__
    self.clock.loop.run_until_complete(self._run_init_phases())
  File "/usr/lib/python3.4/asyncio/base_events.py", line 274, in run_until_complete
    raise RuntimeError('Event loop stopped before Future completed.')
RuntimeError: Event loop stopped before Future completed.
