2018-11-25 14:42:47,863 : Machine : Mission Pinball Framework Core Engine v0.33.46
2018-11-25 14:42:47,865 : Machine : Command line arguments: {'configfile': ['config'], 'mpfconfigfile': '/home/sysop/pinball/mpf/mpf/mpfconfig.yaml', 'bcp': True, 'no_load_cache': False, 'logfile': 'logs/2018-11-25-14-42-47-mpf-kivypie.log', 'create_config_cache': True, 'force_platform': None, 'force_assets_load': False, 'consoleloglevel': 20, 'pause': False, 'syslog_address': None, 'loglevel': 11, 'mc_file_name': None}
2018-11-25 14:42:47,866 : Machine : MPF path: /home/sysop/pinball/mpf/mpf
2018-11-25 14:42:47,866 : Machine : Machine path: /home/sysop/pinball/machines/supersonic
2018-11-25 14:42:47,867 : Machine : Platform: linux
2018-11-25 14:42:47,867 : Machine : Python executable location: /usr/bin/python3
2018-11-25 14:42:47,867 : Machine : Python version: 3.4.2 (32-bit)
2018-11-25 14:42:51,244 : Machine : Loading cached config: /tmp/b483c2bb19bc8f7f9bf445a6d20fd2dcconfig
2018-11-25 14:42:51,330 : RASPPINBALL : Configuring raspPinball hardware.
2018-11-25 14:42:51,331 : Machine : Setting default platform to 'rasppinball'
2018-11-25 14:42:51,332 : Machine : Loading core modules...
2018-11-25 14:42:51,332 : Machine : Loading 'mpf.core.events.EventManager' core module
2018-11-25 14:42:51,412 : Machine : Loading 'mpf.core.mode_controller.ModeController' core module
2018-11-25 14:42:51,524 : Machine : Loading 'mpf.core.config_processor.ConfigProcessor' core module
2018-11-25 14:42:51,527 : Machine : Loading 'mpf.core.shot_profile_manager.ShotProfileManager' core module
2018-11-25 14:42:51,548 : Machine : Loading 'mpf.core.device_manager.DeviceManager' core module
2018-11-25 14:42:51,549 : DeviceManager : Loading the DeviceManager
2018-11-25 14:42:51,556 : Machine : Loading 'mpf.core.switch_controller.SwitchController' core module
2018-11-25 14:42:51,573 : SwitchController : Loading the SwitchController
2018-11-25 14:42:51,579 : Machine : Loading 'mpf.core.ball_controller.BallController' core module
2018-11-25 14:42:51,590 : Machine : Loading 'mpf.core.assets.AsyncioSyncAssetManager' core module
2018-11-25 14:42:51,624 : Machine : Loading 'mpf.core.show_controller.ShowController' core module
2018-11-25 14:42:51,639 : Machine : Loading 'mpf.core.bcp.bcp.Bcp' core module
2018-11-25 14:42:51,674 : Machine : Loading 'mpf.core.logic_blocks.LogicBlocks' core module
2018-11-25 14:42:51,685 : Machine : Loading 'mpf.core.service_controller.ServiceController' core module
2018-11-25 14:42:51,695 : Machine : Loading 'mpf.core.settings_controller.SettingsController' core module
2018-11-25 14:42:51,707 : Machine : Loading 'mpf.core.placeholder_manager.PlaceholderManager' core module
2018-11-25 14:42:51,716 : Machine : Loading 'mpf.core.extra_balls.ExtraBallController' core module
2018-11-25 14:42:51,728 : RASPPINBALL : Initialize raspPinball hardware.
2018-11-25 14:42:51,730 : RASPPINBALL : Connecting to /dev/ttyAMA0 at 115200bps
2018-11-25 14:42:51,808 : Machine : Registering Plugin Config Players
2018-11-25 14:42:51,809 : Machine : Registering widget_player = mpfmc.config_players.plugins.widget_player:register_with_mpf
2018-11-25 14:42:51,837 : Machine : Registering sound_player = mpfmc.config_players.plugins.sound_player:register_with_mpf
2018-11-25 14:42:51,858 : Machine : Registering track_player = mpfmc.config_players.plugins.track_player:register_with_mpf
2018-11-25 14:42:51,877 : Machine : Registering slide_player = mpfmc.config_players.plugins.slide_player:register_with_mpf
2018-11-25 14:42:51,913 : Machine : Setting machine_var 'player1_score' to: 43900, (prior: 43900, change: 0)
2018-11-25 14:42:51,914 : Machine : Setting machine_var 'mpf_version' to: MPF v0.33.46, (prior: MPF v0.33.46, change: False)
2018-11-25 14:42:51,915 : Machine : Setting machine_var 'mpf_extended_version' to: MPF v0.33.46, Config version:4, Show version: 4, BCP version:1.1, (prior: MPF v0.33.46, Config version:4, Show version: 4, BCP version:1.1, change: False)
2018-11-25 14:42:51,916 : Machine : Setting machine_var 'python_version' to: 3.4.2, (prior: 3.4.2, change: False)
2018-11-25 14:42:51,923 : Machine : Setting machine_var 'platform' to: Linux-4.9.24-v7+-armv7l-with-debian-8.0, (prior: Linux-4.9.24-v7+-armv7l-with-debian-8.0, change: False)
2018-11-25 14:42:51,924 : Machine : Setting machine_var 'platform_system' to: Linux, (prior: Linux, change: False)
2018-11-25 14:42:51,925 : Machine : Setting machine_var 'platform_release' to: 4.9.24-v7+, (prior: 4.9.24-v7+, change: False)
2018-11-25 14:42:51,926 : Machine : Setting machine_var 'platform_version' to: #993 SMP Wed Apr 26 18:01:23 BST 2017, (prior: #993 SMP Wed Apr 26 18:01:23 BST 2017, change: False)
2018-11-25 14:42:51,927 : Machine : Setting machine_var 'platform_machine' to: armv7l, (prior: armv7l, change: False)
2018-11-25 14:42:51,928 : RASPPINBALL : SEND:!1:MI
2018-11-25 14:42:51,931 : DeviceManager : Loading devices...
2018-11-25 14:42:52,417 : ball_device.bd_trough : Platform Driver: None
2018-11-25 14:42:52,420 : ball_device.bd_trough : Configuring device with settings: '{'debug': True, 'hold_events': {}, 'confirm_eject_event': None, 'ball_missing_target': <playfield.playfield>, 'console_log': 'full', 'auto_fire_on_unexpected_ball': True, 'eject_events': {}, 'request_ball_events': [], 'max_eject_attempts': 0, 'entrance_events': {}, 'entrance_count_delay': 300, 'tags': ['trough', 'home', 'drain', 'ball_add_live'], 'confirm_eject_type': 'target', 'entrance_switch': None, 'entrance_switch_full_timeout': 0, 'ball_missing_timeouts': [], 'eject_timeouts': [], 'jam_switch': None, 'target_on_unexpected_ball': None, 'ball_switches': [<switch.sw_outhole>], 'file_log': 'full', 'eject_coil_jam_pulse': None, 'eject_targets': [<playfield.playfield>], 'exit_count_delay': 500, 'confirm_eject_switch': None, 'label': '%', 'retries_before_increasing_pulse': 4, 'player_controlled_eject_event': None, 'hold_coil_release_time': 1000, 'eject_coil': <coil.co_outhole_kicker>, 'hold_coil': None, 'mechanical_eject': False, 'ball_search_order': 200, 'captures_from': <playfield.playfield>, 'hold_switches': [], 'eject_coil_retry_pulse': None, 'eject_all_events': {}, 'ball_capacity': None}'
2018-11-25 14:42:52,489 : RASPDriver : Driver Settings for 30
2018-11-25 14:42:52,490 : RASPDriver : Driver Settings for 40
2018-11-25 14:42:52,490 : RASPDriver : Driver Settings for 38
2018-11-25 14:42:52,491 : RASPDriver : Driver Settings for 46
2018-11-25 14:42:52,492 : RASPDriver : Driver Settings for 32
2018-11-25 14:42:52,492 : RASPDriver : Driver Settings for 42
2018-11-25 14:42:52,493 : RASPDriver : Driver Settings for 28
2018-11-25 14:42:52,493 : RASPDriver : Driver Settings for 36
2018-11-25 14:42:52,494 : RASPDriver : Driver Settings for 44
2018-11-25 14:42:52,494 : RASPDriver : Driver Settings for 34
2018-11-25 14:42:52,495 : RASPDriver : Driver Settings for 26
2018-11-25 14:42:52,497 : RASPSwitch : Switch settings for 37
2018-11-25 14:42:52,497 : RASPSwitch : Switch settings for 21
2018-11-25 14:42:52,498 : RASPSwitch : Switch settings for 38
2018-11-25 14:42:52,499 : RASPSwitch : Switch settings for 20
2018-11-25 14:42:52,499 : RASPSwitch : Switch settings for 24
2018-11-25 14:42:52,500 : RASPSwitch : Switch settings for 26
2018-11-25 14:42:52,501 : RASPSwitch : Switch settings for 103
2018-11-25 14:42:52,503 : RASPSwitch : Switch settings for 39
2018-11-25 14:42:52,503 : RASPSwitch : Switch settings for 9
2018-11-25 14:42:52,504 : RASPSwitch : Switch settings for 35
2018-11-25 14:42:52,505 : RASPSwitch : Switch settings for 27
2018-11-25 14:42:52,505 : RASPSwitch : Switch settings for 101
2018-11-25 14:42:52,506 : RASPSwitch : Switch settings for 10
2018-11-25 14:42:52,507 : RASPSwitch : Switch settings for 13
2018-11-25 14:42:52,508 : RASPSwitch : Switch settings for 17
2018-11-25 14:42:52,509 : RASPSwitch : Switch settings for 12
2018-11-25 14:42:52,509 : RASPSwitch : Switch settings for 29
2018-11-25 14:42:52,510 : RASPSwitch : Switch settings for 28
2018-11-25 14:42:52,511 : RASPSwitch : Switch settings for 36
2018-11-25 14:42:52,511 : RASPSwitch : Switch settings for 33
2018-11-25 14:42:52,512 : RASPSwitch : Switch settings for 30
2018-11-25 14:42:52,513 : RASPSwitch : Switch settings for 40
2018-11-25 14:42:52,515 : RASPSwitch : Switch settings for 16
2018-11-25 14:42:52,515 : RASPSwitch : Switch settings for 192
2018-11-25 14:42:52,516 : RASPSwitch : Switch settings for 1
2018-11-25 14:42:52,517 : RASPSwitch : Switch settings for 102
2018-11-25 14:42:52,517 : RASPSwitch : Switch settings for 222
2018-11-25 14:42:52,518 : RASPSwitch : Switch settings for 11
2018-11-25 14:42:52,519 : RASPSwitch : Switch settings for 22
2018-11-25 14:42:52,520 : RASPSwitch : Switch settings for 182
2018-11-25 14:42:52,521 : RASPSwitch : Switch settings for 202
2018-11-25 14:42:52,522 : RASPSwitch : Switch settings for 34
2018-11-25 14:42:52,522 : RASPSwitch : Switch settings for 3
2018-11-25 14:42:52,523 : RASPSwitch : Switch settings for 31
2018-11-25 14:42:52,523 : RASPSwitch : Switch settings for 4
2018-11-25 14:42:52,524 : RASPSwitch : Switch settings for 23
2018-11-25 14:42:52,526 : RASPSwitch : Switch settings for 15
2018-11-25 14:42:52,527 : RASPSwitch : Switch settings for 18
2018-11-25 14:42:52,527 : RASPSwitch : Switch settings for 5
2018-11-25 14:42:52,528 : RASPSwitch : Switch settings for 8
2018-11-25 14:42:52,529 : RASPSwitch : Switch settings for 32
2018-11-25 14:42:52,529 : RASPSwitch : Switch settings for 7
2018-11-25 14:42:52,530 : RASPSwitch : Switch settings for 14
2018-11-25 14:42:52,532 : RASPSwitch : Switch settings for 2
2018-11-25 14:42:52,533 : RASPSwitch : Switch settings for 19
2018-11-25 14:42:52,619 : SwitchController : Registering switch handler: bt_left_flipper, <bound method ComboSwitch._switch_1_went_active of <combo_switch.both_flippers>>, state: 1, ms: 0, info: False, cb_kwargs: {}
2018-11-25 14:42:52,620 : SwitchController : Registering switch handler: bt_left_flipper, <bound method ComboSwitch._switch_1_went_inactive of <combo_switch.both_flippers>>, state: 0, ms: 0, info: False, cb_kwargs: {}
2018-11-25 14:42:52,620 : SwitchController : Registering switch handler: bt_right_flipper, <bound method ComboSwitch._switch_2_went_active of <combo_switch.both_flippers>>, state: 1, ms: 0, info: False, cb_kwargs: {}
2018-11-25 14:42:52,621 : SwitchController : Registering switch handler: bt_right_flipper, <bound method ComboSwitch._switch_2_went_inactive of <combo_switch.both_flippers>>, state: 0, ms: 0, info: False, cb_kwargs: {}
2018-11-25 14:42:52,623 : SwitchController : Registering switch handler: bt_left_flipper, <bound method TimedSwitch._activate of <timed_switch.flipper_cradle>>, state: 1, ms: 3000, info: True, cb_kwargs: {}
2018-11-25 14:42:52,624 : SwitchController : Registering switch handler: bt_left_flipper, <bound method TimedSwitch._deactivate of <timed_switch.flipper_cradle>>, state: 0, ms: 0, info: True, cb_kwargs: {}
2018-11-25 14:42:52,625 : SwitchController : Registering switch handler: bt_right_flipper, <bound method TimedSwitch._activate of <timed_switch.flipper_cradle>>, state: 1, ms: 3000, info: True, cb_kwargs: {}
2018-11-25 14:42:52,625 : SwitchController : Registering switch handler: bt_right_flipper, <bound method TimedSwitch._deactivate of <timed_switch.flipper_cradle>>, state: 0, ms: 0, info: True, cb_kwargs: {}
2018-11-25 14:42:52,632 : RASPPINBALL : SEND:!1:MI
2018-11-25 14:42:52,635 : RASPPINBALL : PARSING:b'DBG:PROTOCOL:1:MI.\r\nSWU:1;0\r\nSWU:9;0\r\nSWU:17;0\r\nSWU:25;0\r\nSWU:33;0\r\nSWU:2;0\r\nSWU:10;0\r\nSWU:18;0\r\nSWU'
2018-11-25 14:42:52,641 : RASPPINBALL : PARSING:b':26;0\r\nSWU:34;0\r\nSWU:3;0\r\nSWU:11;0\r\nSWU:19;0\r\nSWU:27;0\r\nSWU:35;0\r\nSWU:4;0\r\nSWU:12;0\r\nSWU:20;0\r\nSWU:2'
2018-11-25 14:42:52,642 : SwitchController : WARNING: Received duplicate switch state, which means this switch had some non-debounced state changes. This could be nothing, but if it happens a lot it could indicate noise or interference on the line. Switch: sw_drop_target_e
2018-11-25 14:42:52,647 : RASPPINBALL : PARSING:b'8;0\r\nSWU:36;0\r\nSWU:5;0\r\nSWU:13;0\r\nSWU:21;0\r\nSWU:29;0\r\nSWU:37;0\r\nSWU:6;0\r\nSWU:14;0\r\nSWU:22;0\r\nSWU:30;'
2018-11-25 14:42:52,648 : SwitchController : WARNING: Received duplicate switch state, which means this switch had some non-debounced state changes. This could be nothing, but if it happens a lot it could indicate noise or interference on the line. Switch: sw_coin_3_right
2018-11-25 14:42:52,655 : RASPPINBALL : PARSING:b'0\r\nSWU:38;0\r\nSWU:7;0\r\nSWU:15;0\r\nSWU:23;0\r\nSWU:31;0\r\nSWU:39;0\r\nSWU:8;0\r\nSWU:16;0\r\nSWU:24;0\r\nSWU:32;0\r'
2018-11-25 14:42:52,656 : SwitchController : WARNING: Received duplicate switch state, which means this switch had some non-debounced state changes. This could be nothing, but if it happens a lot it could indicate noise or interference on the line. Switch: sw_spinner
2018-11-25 14:42:52,660 : RASPPINBALL : PARSING:b'\nSWU:40;0\r\nSWU:101;0\r\nSWU:102;0\r\nSWU:103;0\r\nSWU:104;0\r\nACK:1;OK\r\n'
2018-11-25 14:42:52,661 : SwitchController : Unknown switch 25 change to state 0 on platform <Platform.raspPinball>
2018-11-25 14:42:52,668 : SwitchController : WARNING: Received duplicate switch state, which means this switch had some non-debounced state changes. This could be nothing, but if it happens a lot it could indicate noise or interference on the line. Switch: sw_bottom_bumper
2018-11-25 14:42:53,669 : RASPPINBALL : PARSING:b'DBG:PROTOCOL:1:MI.\r\nSWU:1;0\r\nSWU:9;0\r\nSWU:17;0\r\nSWU:25;0\r\nSWU:33;0\r\nSWU:2;0\r\nSWU:10;0\r\nSWU:18;0\r\nSWU'
2018-11-25 14:42:53,671 : SwitchController : WARNING: Received duplicate switch state, which means this switch had some non-debounced state changes. This could be nothing, but if it happens a lot it could indicate noise or interference on the line. Switch: sw_drop_target_d
2018-11-25 14:42:53,675 : RASPPINBALL : PARSING:b':26;0\r\nSWU:34;0\r\nSWU:3;0\r\nSWU:11;0\r\nSWU:19;0\r\nSWU:27;0\r\nSWU:35;0\r\nSWU:4;0\r\nSWU:12;0\r\nSWU:20;0\r\nSWU:2'
2018-11-25 14:42:53,677 : SwitchController : WARNING: Received duplicate switch state, which means this switch had some non-debounced state changes. This could be nothing, but if it happens a lot it could indicate noise or interference on the line. Switch: sw_coin_1_left
2018-11-25 14:42:53,681 : RASPPINBALL : PARSING:b'8;0\r\nSWU:36;0\r\nSWU:5;0\r\nSWU:13;0\r\nSWU:21;0\r\nSWU:29;0\r\nSWU:37;0\r\nSWU:6;0\r\nSWU:14;0\r\nSWU:22;0\r\nSWU:30;'
2018-11-25 14:42:53,683 : SwitchController : WARNING: Received duplicate switch state, which means this switch had some non-debounced state changes. This could be nothing, but if it happens a lot it could indicate noise or interference on the line. Switch: sw_top_ro_5
2018-11-25 14:42:53,688 : RASPPINBALL : PARSING:b'0\r\nSWU:38;0\r\nSWU:7;0\r\nSWU:15;0\r\nSWU:23;0\r\nSWU:31;0\r\nSWU:39;0\r\nSWU:8;0\r\nSWU:16;0\r\nSWU'
2018-11-25 14:42:53,691 : SwitchController : WARNING: Received duplicate switch state, which means this switch had some non-debounced state changes. This could be nothing, but if it happens a lot it could indicate noise or interference on the line. Switch: sw_star_5
2018-11-25 14:42:53,697 : SwitchController : WARNING: Received duplicate switch state, which means this switch had some non-debounced state changes. This could be nothing, but if it happens a lot it could indicate noise or interference on the line. Switch: sw_left_lane_ro_button_5
2018-11-25 14:42:53,701 : RASPPINBALL : SEND:!1:MI
2018-11-25 14:42:53,711 : RASPPINBALL : PARSING:b':24;0\r\nSWU:32;0\r\nSWU:40;0\r\nSWU:101;0\r\nSWU:102;0\r\nSWU:103;0\r\nSWU:104;0\r\nACK:1;OK\r\nTCK:1710\r\nDBG:T:333'
2018-11-25 14:42:53,713 : SwitchController : WARNING: Received duplicate switch state, which means this switch had some non-debounced state changes. This could be nothing, but if it happens a lot it could indicate noise or interference on the line. Switch: sw_drop_target_c
2018-11-25 14:42:53,718 : RASPPINBALL : PARSING:b'0725WD:0\r\n'
2018-11-25 14:42:53,719 : SwitchController : WARNING: Received duplicate switch state, which means this switch had some non-debounced state changes. This could be nothing, but if it happens a lot it could indicate noise or interference on the line. Switch: sw_coin_2_middle
2018-11-25 14:42:53,726 : SwitchController : WARNING: Received duplicate switch state, which means this switch had some non-debounced state changes. This could be nothing, but if it happens a lot it could indicate noise or interference on the line. Switch: sw_top_ro_4
2018-11-25 14:42:53,735 : SwitchController : WARNING: Received duplicate switch state, which means this switch had some non-debounced state changes. This could be nothing, but if it happens a lot it could indicate noise or interference on the line. Switch: sw_star_4
2018-11-25 14:42:53,741 : RASPPINBALL : PARSING:b'DBG:PROTOCOL:1:MI.\r\nSWU:1;0\r\nSWU:9;0\r\nSWU:17;0\r\nSWU:25;0\r\nSWU:33;0\r\nSWU:2;0\r\nSWU:10;0\r\nSWU:18;0\r\nSWU'
2018-11-25 14:42:53,742 : SwitchController : WARNING: Received duplicate switch state, which means this switch had some non-debounced state changes. This could be nothing, but if it happens a lot it could indicate noise or interference on the line. Switch: sw_left_lane_ro_button_4
2018-11-25 14:42:53,749 : RASPPINBALL : PARSING:b':26;0\r\nSWU:34;0\r\nSWU:3;0\r\nSWU:11;0\r\nSWU:19;0\r\nSWU:27;0\r\nSWU:35;0\r\nSWU:4;0\r\nSWU:12;0\r\nSWU:20;0\r\nSWU:2'
2018-11-25 14:42:53,750 : SwitchController : WARNING: Received duplicate switch state, which means this switch had some non-debounced state changes. This could be nothing, but if it happens a lot it could indicate noise or interference on the line. Switch: sw_drop_target_b
2018-11-25 14:42:53,755 : RASPPINBALL : PARSING:b'8;0\r\nSWU:36;0\r\nSWU:5;0\r\nSWU:13;0\r\nSWU:21;0\r\nSWU:29;0\r\nSWU:37;0\r\nSWU:6;0\r\nSWU:14;0\r\nSWU:2'
2018-11-25 14:42:53,756 : SwitchController : WARNING: Received duplicate switch state, which means this switch had some non-debounced state changes. This could be nothing, but if it happens a lot it could indicate noise or interference on the line. Switch: sw_top_ro_button
2018-11-25 14:42:53,767 : SwitchController : WARNING: Received duplicate switch state, which means this switch had some non-debounced state changes. This could be nothing, but if it happens a lot it could indicate noise or interference on the line. Switch: sw_top_ro_3
2018-11-25 14:42:53,772 : RASPPINBALL : PARSING:b'2;0\r\nSWU:30;0\r\nSWU:38;0\r\nSWU:7;0\r\nSWU:15;0\r\nSWU:23;0\r\nSWU:31;0\r\nSWU:39;0\r\nSWU:8;0\r\nSWU:16;0\r\nSWU:24;'
2018-11-25 14:42:53,773 : SwitchController : WARNING: Received duplicate switch state, which means this switch had some non-debounced state changes. This could be nothing, but if it happens a lot it could indicate noise or interference on the line. Switch: sw_star_3
2018-11-25 14:42:53,783 : RASPPINBALL : PARSING:b'0\r\nSWU:32;0\r\nSWU:40;0\r\nSWU:101;0\r\nSWU:102;0\r\nSWU:103;0\r\nSWU:104;0\r\nACK:1;OK\r\n'
2018-11-25 14:42:53,784 : SwitchController : WARNING: Received duplicate switch state, which means this switch had some non-debounced state changes. This could be nothing, but if it happens a lot it could indicate noise or interference on the line. Switch: sw_left_lane_ro_button_3
2018-11-25 14:42:53,801 : SwitchController : WARNING: Received duplicate switch state, which means this switch had some non-debounced state changes. This could be nothing, but if it happens a lot it could indicate noise or interference on the line. Switch: sw_drop_target_a
2018-11-25 14:42:53,806 : RASPPINBALL : SEND:!1:MI
2018-11-25 14:42:53,812 : SwitchController : WARNING: Received duplicate switch state, which means this switch had some non-debounced state changes. This could be nothing, but if it happens a lot it could indicate noise or interference on the line. Switch: sw_drop_target_rebound
2018-11-25 14:42:53,819 : SwitchController : WARNING: Received duplicate switch state, which means this switch had some non-debounced state changes. This could be nothing, but if it happens a lot it could indicate noise or interference on the line. Switch: sw_top_ro_2
2018-11-25 14:42:53,828 : RASPPINBALL : PARSING:b'DBG:PROTOCOL:1:MI.\r\nSWU:1;0\r\nSWU:9;0\r\nSWU:17;0\r\n'
2018-11-25 14:42:53,829 : SwitchController : WARNING: Received duplicate switch state, which means this switch had some non-debounced state changes. This could be nothing, but if it happens a lot it could indicate noise or interference on the line. Switch: sw_star_2
2018-11-25 14:42:53,835 : SwitchController : WARNING: Received duplicate switch state, which means this switch had some non-debounced state changes. This could be nothing, but if it happens a lot it could indicate noise or interference on the line. Switch: sw_left_lane_ro_button_2
2018-11-25 14:42:53,841 : RASPPINBALL : PARSING:b'SWU:25;0\r\nSWU:33;0\r\nSWU:2;0\r\nSWU:10;0\r\nSWU:18;0\r\nSWU:26;0\r\nSWU:34;0\r\nSWU:3;0\r\nSWU:11;0\r\nSWU:19;0\r\nSW'
2018-11-25 14:42:53,842 : SwitchController : Unknown switch 6 change to state 0 on platform <Platform.raspPinball>
2018-11-25 14:42:53,847 : RASPPINBALL : PARSING:b'U:27;0\r\nSWU:35;0\r\nSWU:4;0\r\nSWU:12;0\r\nSWU:20;0\r\nSWU:28;0\r\nSWU:36;0\r\nSWU:5;0\r\nSWU:13;0\r\nSWU:21'
2018-11-25 14:42:53,848 : SwitchController : WARNING: Received duplicate switch state, which means this switch had some non-debounced state changes. This could be nothing, but if it happens a lot it could indicate noise or interference on the line. Switch: sw_right_outlane
2018-11-25 14:42:53,855 : SwitchController : WARNING: Received duplicate switch state, which means this switch had some non-debounced state changes. This could be nothing, but if it happens a lot it could indicate noise or interference on the line. Switch: sw_top_ro_1
2018-11-25 14:42:53,861 : RASPPINBALL : PARSING:b';0\r\nSWU:29;0\r\nSWU:37;0\r\nSWU:6;0\r\nSWU:14;0\r\nSWU:22;0\r\nSWU:30;0\r\nSWU:38;0\r\nSWU:7;0\r\nSWU:15;0\r\nSWU:23;0'
2018-11-25 14:42:53,862 : SwitchController : WARNING: Received duplicate switch state, which means this switch had some non-debounced state changes. This could be nothing, but if it happens a lot it could indicate noise or interference on the line. Switch: sw_star_1
2018-11-25 14:42:53,867 : RASPPINBALL : PARSING:b'\r\nSWU:31;0\r\nSWU:39;0\r\nSWU:8;0\r\nSWU:16;0\r\nSWU:24;0\r\nSWU:32;0\r\nSWU:40;0\r\nSWU:101;0\r\nSWU:102;0\r\nSWU:103'
2018-11-25 14:42:53,868 : SwitchController : WARNING: Received duplicate switch state, which means this switch had some non-debounced state changes. This could be nothing, but if it happens a lot it could indicate noise or interference on the line. Switch: sw_left_lane_ro_button_1
2018-11-25 14:42:53,873 : RASPPINBALL : PARSING:b';0\r\nSWU:104;0\r\nACK:1;OK\r\n'
2018-11-25 14:42:53,874 : SwitchController : WARNING: Received duplicate switch state, which means this switch had some non-debounced state changes. This could be nothing, but if it happens a lot it could indicate noise or interference on the line. Switch: sw_tilt
2018-11-25 14:42:53,883 : SwitchController : WARNING: Received duplicate switch state, which means this switch had some non-debounced state changes. This could be nothing, but if it happens a lot it could indicate noise or interference on the line. Switch: sw_left_outlane
2018-11-25 14:42:53,889 : SwitchController : WARNING: Received duplicate switch state, which means this switch had some non-debounced state changes. This could be nothing, but if it happens a lot it could indicate noise or interference on the line. Switch: sw_feed_lane
2018-11-25 14:42:53,895 : SwitchController : WARNING: Received duplicate switch state, which means this switch had some non-debounced state changes. This could be nothing, but if it happens a lot it could indicate noise or interference on the line. Switch: sw_right_slingshot
2018-11-25 14:42:53,901 : SwitchController : WARNING: Received duplicate switch state, which means this switch had some non-debounced state changes. This could be nothing, but if it happens a lot it could indicate noise or interference on the line. Switch: sw_right_bumper
2018-11-25 14:42:53,906 : SwitchController : WARNING: Received duplicate switch state, which means this switch had some non-debounced state changes. This could be nothing, but if it happens a lot it could indicate noise or interference on the line. Switch: sw_outhole
2018-11-25 14:42:53,911 : RASPPINBALL : SEND:!1:MI
2018-11-25 14:42:53,914 : SwitchController : WARNING: Received duplicate switch state, which means this switch had some non-debounced state changes. This could be nothing, but if it happens a lot it could indicate noise or interference on the line. Switch: sw_slam_2
2018-11-25 14:42:53,920 : SwitchController : WARNING: Received duplicate switch state, which means this switch had some non-debounced state changes. This could be nothing, but if it happens a lot it could indicate noise or interference on the line. Switch: sw_saucer
2018-11-25 14:42:53,926 : RASPPINBALL : PARSING:b'DBG:PROTOCOL:1:M'
2018-11-25 14:42:53,928 : SwitchController : WARNING: Received duplicate switch state, which means this switch had some non-debounced state changes. This could be nothing, but if it happens a lot it could indicate noise or interference on the line. Switch: sw_left_slingshot
2018-11-25 14:42:53,934 : SwitchController : WARNING: Received duplicate switch state, which means this switch had some non-debounced state changes. This could be nothing, but if it happens a lot it could indicate noise or interference on the line. Switch: sw_left_bumper
2018-11-25 14:42:53,940 : RASPPINBALL : PARSING:b'I.\r\nSWU:1;0\r\nSWU:9;0\r\nSWU:17;0\r\nSWU:25;0\r\nSWU:33;0\r\nSWU:2;0\r\nSWU:10;0\r\nSWU:18;0\r\nSWU:26;0\r\nSWU:34;0\r'
2018-11-25 14:42:53,941 : SwitchController : WARNING: Received duplicate switch state, which means this switch had some non-debounced state changes. This could be nothing, but if it happens a lot it could indicate noise or interference on the line. Switch: bt_left_flipper
2018-11-25 14:42:53,946 : RASPPINBALL : PARSING:b'\nSWU:3;0\r\nSWU:11;0\r\nSWU:19;0\r\nSWU:27;0\r\nSWU:35;0\r\nSWU:4;0\r\nS'
2018-11-25 14:42:53,947 : SwitchController : WARNING: Received duplicate switch state, which means this switch had some non-debounced state changes. This could be nothing, but if it happens a lot it could indicate noise or interference on the line. Switch: bt_right_flipper
2018-11-25 14:42:53,954 : SwitchController : WARNING: Received duplicate switch state, which means this switch had some non-debounced state changes. This could be nothing, but if it happens a lot it could indicate noise or interference on the line. Switch: sw_credit_button
2018-11-25 14:42:53,960 : RASPPINBALL : PARSING:b'WU:12;0\r\nSWU:20;0\r\nSWU:28;0\r\nSWU:36;0\r\nSWU:5;0\r\nSWU:13;0\r\nSWU:21;0\r\nSWU:29;0\r\nSWU:37;0\r\nSWU:6;0\r\nSWU'
2018-11-25 14:42:53,961 : SwitchController : Unknown switch 104 change to state 0 on platform <Platform.raspPinball>
2018-11-25 14:42:53,966 : RASPPINBALL : PARSING:b':14;0\r\nSWU:22;0\r\nSWU:30;0\r\nSWU:38;0\r\nSWU:7;0\r\nSWU:15;0\r\nSWU:23;0\r\nSWU:31;0\r\nSWU:39;0\r\nSWU:8;0\r\nSWU:1'
2018-11-25 14:42:53,967 : RASPPINBALL : ACK frame done '{'msg': 'MI', 'retry': 5, 'time': 1543156973.911335}'
2018-11-25 14:42:53,971 : RASPPINBALL : PARSING:b'6;0\r\nSWU:24;0\r\nSWU:32;0\r\nSWU:40;0\r\nSWU:1'
2018-11-25 14:42:53,977 : SwitchController : WARNING: Received duplicate switch state, which means this switch had some non-debounced state changes. This could be nothing, but if it happens a lot it could indicate noise or interference on the line. Switch: sw_drop_target_e
2018-11-25 14:42:53,985 : RASPPINBALL : PARSING:b'01;0\r\nSWU:102;0\r\nSWU:103;0\r\nSWU:104;0\r\nACK:1;OK\r\n'
2018-11-25 14:42:53,986 : SwitchController : WARNING: Received duplicate switch state, which means this switch had some non-debounced state changes. This could be nothing, but if it happens a lot it could indicate noise or interference on the line. Switch: sw_coin_3_right
2018-11-25 14:42:53,991 : SwitchController : WARNING: Received duplicate switch state, which means this switch had some non-debounced state changes. This could be nothing, but if it happens a lot it could indicate noise or interference on the line. Switch: sw_spinner
2018-11-25 14:42:53,996 : SwitchController : Unknown switch 25 change to state 0 on platform <Platform.raspPinball>
2018-11-25 14:42:54,011 : SwitchController : WARNING: Received duplicate switch state, which means this switch had some non-debounced state changes. This could be nothing, but if it happens a lot it could indicate noise or interference on the line. Switch: sw_bottom_bumper
2018-11-25 14:42:54,016 : SwitchController : WARNING: Received duplicate switch state, which means this switch had some non-debounced state changes. This could be nothing, but if it happens a lot it could indicate noise or interference on the line. Switch: sw_drop_target_d
2018-11-25 14:42:54,023 : SwitchController : WARNING: Received duplicate switch state, which means this switch had some non-debounced state changes. This could be nothing, but if it happens a lot it could indicate noise or interference on the line. Switch: sw_coin_1_left
2018-11-25 14:42:54,032 : SwitchController : WARNING: Received duplicate switch state, which means this switch had some non-debounced state changes. This could be nothing, but if it happens a lot it could indicate noise or interference on the line. Switch: sw_top_ro_5
2018-11-25 14:42:54,039 : SwitchController : WARNING: Received duplicate switch state, which means this switch had some non-debounced state changes. This could be nothing, but if it happens a lot it could indicate noise or interference on the line. Switch: sw_star_5
2018-11-25 14:42:54,049 : SwitchController : WARNING: Received duplicate switch state, which means this switch had some non-debounced state changes. This could be nothing, but if it happens a lot it could indicate noise or interference on the line. Switch: sw_left_lane_ro_button_5
2018-11-25 14:42:54,055 : SwitchController : WARNING: Received duplicate switch state, which means this switch had some non-debounced state changes. This could be nothing, but if it happens a lot it could indicate noise or interference on the line. Switch: sw_drop_target_c
2018-11-25 14:42:54,061 : SwitchController : WARNING: Received duplicate switch state, which means this switch had some non-debounced state changes. This could be nothing, but if it happens a lot it could indicate noise or interference on the line. Switch: sw_coin_2_middle
2018-11-25 14:42:54,067 : SwitchController : WARNING: Received duplicate switch state, which means this switch had some non-debounced state changes. This could be nothing, but if it happens a lot it could indicate noise or interference on the line. Switch: sw_top_ro_4
2018-11-25 14:42:54,073 : SwitchController : WARNING: Received duplicate switch state, which means this switch had some non-debounced state changes. This could be nothing, but if it happens a lot it could indicate noise or interference on the line. Switch: sw_star_4
2018-11-25 14:42:54,078 : SwitchController : WARNING: Received duplicate switch state, which means this switch had some non-debounced state changes. This could be nothing, but if it happens a lot it could indicate noise or interference on the line. Switch: sw_left_lane_ro_button_4
2018-11-25 14:42:54,083 : SwitchController : WARNING: Received duplicate switch state, which means this switch had some non-debounced state changes. This could be nothing, but if it happens a lot it could indicate noise or interference on the line. Switch: sw_drop_target_b
2018-11-25 14:42:54,089 : SwitchController : WARNING: Received duplicate switch state, which means this switch had some non-debounced state changes. This could be nothing, but if it happens a lot it could indicate noise or interference on the line. Switch: sw_top_ro_button
2018-11-25 14:42:54,094 : SwitchController : WARNING: Received duplicate switch state, which means this switch had some non-debounced state changes. This could be nothing, but if it happens a lot it could indicate noise or interference on the line. Switch: sw_top_ro_3
2018-11-25 14:42:54,099 : SwitchController : WARNING: Received duplicate switch state, which means this switch had some non-debounced state changes. This could be nothing, but if it happens a lot it could indicate noise or interference on the line. Switch: sw_star_3
2018-11-25 14:42:54,105 : SwitchController : WARNING: Received duplicate switch state, which means this switch had some non-debounced state changes. This could be nothing, but if it happens a lot it could indicate noise or interference on the line. Switch: sw_left_lane_ro_button_3
2018-11-25 14:42:54,111 : SwitchController : WARNING: Received duplicate switch state, which means this switch had some non-debounced state changes. This could be nothing, but if it happens a lot it could indicate noise or interference on the line. Switch: sw_drop_target_a
2018-11-25 14:42:54,116 : SwitchController : WARNING: Received duplicate switch state, which means this switch had some non-debounced state changes. This could be nothing, but if it happens a lot it could indicate noise or interference on the line. Switch: sw_drop_target_rebound
2018-11-25 14:42:54,121 : SwitchController : WARNING: Received duplicate switch state, which means this switch had some non-debounced state changes. This could be nothing, but if it happens a lot it could indicate noise or interference on the line. Switch: sw_top_ro_2
2018-11-25 14:42:54,126 : SwitchController : WARNING: Received duplicate switch state, which means this switch had some non-debounced state changes. This could be nothing, but if it happens a lot it could indicate noise or interference on the line. Switch: sw_star_2
2018-11-25 14:42:54,132 : SwitchController : WARNING: Received duplicate switch state, which means this switch had some non-debounced state changes. This could be nothing, but if it happens a lot it could indicate noise or interference on the line. Switch: sw_left_lane_ro_button_2
2018-11-25 14:42:54,138 : SwitchController : Unknown switch 6 change to state 0 on platform <Platform.raspPinball>
2018-11-25 14:42:54,143 : SwitchController : WARNING: Received duplicate switch state, which means this switch had some non-debounced state changes. This could be nothing, but if it happens a lot it could indicate noise or interference on the line. Switch: sw_right_outlane
2018-11-25 14:42:54,149 : SwitchController : WARNING: Received duplicate switch state, which means this switch had some non-debounced state changes. This could be nothing, but if it happens a lot it could indicate noise or interference on the line. Switch: sw_top_ro_1
2018-11-25 14:42:54,154 : SwitchController : WARNING: Received duplicate switch state, which means this switch had some non-debounced state changes. This could be nothing, but if it happens a lot it could indicate noise or interference on the line. Switch: sw_star_1
2018-11-25 14:42:54,170 : SwitchController : WARNING: Received duplicate switch state, which means this switch had some non-debounced state changes. This could be nothing, but if it happens a lot it could indicate noise or interference on the line. Switch: sw_left_lane_ro_button_1
2018-11-25 14:42:54,177 : SwitchController : WARNING: Received duplicate switch state, which means this switch had some non-debounced state changes. This could be nothing, but if it happens a lot it could indicate noise or interference on the line. Switch: sw_tilt
2018-11-25 14:42:54,182 : SwitchController : WARNING: Received duplicate switch state, which means this switch had some non-debounced state changes. This could be nothing, but if it happens a lot it could indicate noise or interference on the line. Switch: sw_left_outlane
2018-11-25 14:42:54,191 : SwitchController : WARNING: Received duplicate switch state, which means this switch had some non-debounced state changes. This could be nothing, but if it happens a lot it could indicate noise or interference on the line. Switch: sw_feed_lane
2018-11-25 14:42:54,196 : SwitchController : WARNING: Received duplicate switch state, which means this switch had some non-debounced state changes. This could be nothing, but if it happens a lot it could indicate noise or interference on the line. Switch: sw_right_slingshot
2018-11-25 14:42:54,203 : SwitchController : WARNING: Received duplicate switch state, which means this switch had some non-debounced state changes. This could be nothing, but if it happens a lot it could indicate noise or interference on the line. Switch: sw_right_bumper
2018-11-25 14:42:54,208 : SwitchController : WARNING: Received duplicate switch state, which means this switch had some non-debounced state changes. This could be nothing, but if it happens a lot it could indicate noise or interference on the line. Switch: sw_outhole
2018-11-25 14:42:54,214 : SwitchController : WARNING: Received duplicate switch state, which means this switch had some non-debounced state changes. This could be nothing, but if it happens a lot it could indicate noise or interference on the line. Switch: sw_slam_2
2018-11-25 14:42:54,220 : SwitchController : WARNING: Received duplicate switch state, which means this switch had some non-debounced state changes. This could be nothing, but if it happens a lot it could indicate noise or interference on the line. Switch: sw_saucer
2018-11-25 14:42:54,225 : SwitchController : WARNING: Received duplicate switch state, which means this switch had some non-debounced state changes. This could be nothing, but if it happens a lot it could indicate noise or interference on the line. Switch: sw_left_slingshot
2018-11-25 14:42:54,230 : SwitchController : WARNING: Received duplicate switch state, which means this switch had some non-debounced state changes. This could be nothing, but if it happens a lot it could indicate noise or interference on the line. Switch: sw_left_bumper
2018-11-25 14:42:54,235 : SwitchController : WARNING: Received duplicate switch state, which means this switch had some non-debounced state changes. This could be nothing, but if it happens a lot it could indicate noise or interference on the line. Switch: bt_left_flipper
2018-11-25 14:42:54,240 : SwitchController : WARNING: Received duplicate switch state, which means this switch had some non-debounced state changes. This could be nothing, but if it happens a lot it could indicate noise or interference on the line. Switch: bt_right_flipper
2018-11-25 14:42:54,246 : SwitchController : WARNING: Received duplicate switch state, which means this switch had some non-debounced state changes. This could be nothing, but if it happens a lot it could indicate noise or interference on the line. Switch: sw_credit_button
2018-11-25 14:42:54,252 : SwitchController : Unknown switch 104 change to state 0 on platform <Platform.raspPinball>
2018-11-25 14:42:54,277 : SwitchController : WARNING: Received duplicate switch state, which means this switch had some non-debounced state changes. This could be nothing, but if it happens a lot it could indicate noise or interference on the line. Switch: sw_drop_target_e
2018-11-25 14:42:54,283 : SwitchController : WARNING: Received duplicate switch state, which means this switch had some non-debounced state changes. This could be nothing, but if it happens a lot it could indicate noise or interference on the line. Switch: sw_coin_3_right
2018-11-25 14:42:54,289 : SwitchController : WARNING: Received duplicate switch state, which means this switch had some non-debounced state changes. This could be nothing, but if it happens a lot it could indicate noise or interference on the line. Switch: sw_spinner
2018-11-25 14:42:54,293 : SwitchController : Unknown switch 25 change to state 0 on platform <Platform.raspPinball>
2018-11-25 14:42:54,299 : SwitchController : WARNING: Received duplicate switch state, which means this switch had some non-debounced state changes. This could be nothing, but if it happens a lot it could indicate noise or interference on the line. Switch: sw_bottom_bumper
2018-11-25 14:42:54,304 : SwitchController : WARNING: Received duplicate switch state, which means this switch had some non-debounced state changes. This could be nothing, but if it happens a lot it could indicate noise or interference on the line. Switch: sw_drop_target_d
2018-11-25 14:42:54,315 : SwitchController : WARNING: Received duplicate switch state, which means this switch had some non-debounced state changes. This could be nothing, but if it happens a lot it could indicate noise or interference on the line. Switch: sw_coin_1_left
2018-11-25 14:42:54,321 : SwitchController : WARNING: Received duplicate switch state, which means this switch had some non-debounced state changes. This could be nothing, but if it happens a lot it could indicate noise or interference on the line. Switch: sw_top_ro_5
2018-11-25 14:42:54,327 : SwitchController : WARNING: Received duplicate switch state, which means this switch had some non-debounced state changes. This could be nothing, but if it happens a lot it could indicate noise or interference on the line. Switch: sw_star_5
2018-11-25 14:42:54,334 : SwitchController : WARNING: Received duplicate switch state, which means this switch had some non-debounced state changes. This could be nothing, but if it happens a lot it could indicate noise or interference on the line. Switch: sw_left_lane_ro_button_5
2018-11-25 14:42:54,341 : SwitchController : WARNING: Received duplicate switch state, which means this switch had some non-debounced state changes. This could be nothing, but if it happens a lot it could indicate noise or interference on the line. Switch: sw_drop_target_c
2018-11-25 14:42:54,347 : SwitchController : WARNING: Received duplicate switch state, which means this switch had some non-debounced state changes. This could be nothing, but if it happens a lot it could indicate noise or interference on the line. Switch: sw_coin_2_middle
2018-11-25 14:42:54,353 : SwitchController : WARNING: Received duplicate switch state, which means this switch had some non-debounced state changes. This could be nothing, but if it happens a lot it could indicate noise or interference on the line. Switch: sw_top_ro_4
2018-11-25 14:42:54,357 : SwitchController : WARNING: Received duplicate switch state, which means this switch had some non-debounced state changes. This could be nothing, but if it happens a lot it could indicate noise or interference on the line. Switch: sw_star_4
2018-11-25 14:42:54,364 : SwitchController : WARNING: Received duplicate switch state, which means this switch had some non-debounced state changes. This could be nothing, but if it happens a lot it could indicate noise or interference on the line. Switch: sw_left_lane_ro_button_4
2018-11-25 14:42:54,369 : SwitchController : WARNING: Received duplicate switch state, which means this switch had some non-debounced state changes. This could be nothing, but if it happens a lot it could indicate noise or interference on the line. Switch: sw_drop_target_b
2018-11-25 14:42:54,374 : SwitchController : WARNING: Received duplicate switch state, which means this switch had some non-debounced state changes. This could be nothing, but if it happens a lot it could indicate noise or interference on the line. Switch: sw_top_ro_button
2018-11-25 14:42:54,379 : SwitchController : WARNING: Received duplicate switch state, which means this switch had some non-debounced state changes. This could be nothing, but if it happens a lot it could indicate noise or interference on the line. Switch: sw_top_ro_3
2018-11-25 14:42:54,386 : SwitchController : WARNING: Received duplicate switch state, which means this switch had some non-debounced state changes. This could be nothing, but if it happens a lot it could indicate noise or interference on the line. Switch: sw_star_3
2018-11-25 14:42:54,391 : SwitchController : WARNING: Received duplicate switch state, which means this switch had some non-debounced state changes. This could be nothing, but if it happens a lot it could indicate noise or interference on the line. Switch: sw_left_lane_ro_button_3
2018-11-25 14:42:54,397 : SwitchController : WARNING: Received duplicate switch state, which means this switch had some non-debounced state changes. This could be nothing, but if it happens a lot it could indicate noise or interference on the line. Switch: sw_drop_target_a
2018-11-25 14:42:54,403 : SwitchController : WARNING: Received duplicate switch state, which means this switch had some non-debounced state changes. This could be nothing, but if it happens a lot it could indicate noise or interference on the line. Switch: sw_drop_target_rebound
2018-11-25 14:42:54,408 : SwitchController : WARNING: Received duplicate switch state, which means this switch had some non-debounced state changes. This could be nothing, but if it happens a lot it could indicate noise or interference on the line. Switch: sw_top_ro_2
2018-11-25 14:42:54,413 : SwitchController : WARNING: Received duplicate switch state, which means this switch had some non-debounced state changes. This could be nothing, but if it happens a lot it could indicate noise or interference on the line. Switch: sw_star_2
2018-11-25 14:42:54,419 : SwitchController : WARNING: Received duplicate switch state, which means this switch had some non-debounced state changes. This could be nothing, but if it happens a lot it could indicate noise or interference on the line. Switch: sw_left_lane_ro_button_2
2018-11-25 14:42:54,424 : SwitchController : Unknown switch 6 change to state 0 on platform <Platform.raspPinball>
2018-11-25 14:42:54,429 : SwitchController : WARNING: Received duplicate switch state, which means this switch had some non-debounced state changes. This could be nothing, but if it happens a lot it could indicate noise or interference on the line. Switch: sw_right_outlane
2018-11-25 14:42:54,435 : SwitchController : WARNING: Received duplicate switch state, which means this switch had some non-debounced state changes. This could be nothing, but if it happens a lot it could indicate noise or interference on the line. Switch: sw_top_ro_1
2018-11-25 14:42:54,441 : SwitchController : WARNING: Received duplicate switch state, which means this switch had some non-debounced state changes. This could be nothing, but if it happens a lot it could indicate noise or interference on the line. Switch: sw_star_1
2018-11-25 14:42:54,447 : SwitchController : WARNING: Received duplicate switch state, which means this switch had some non-debounced state changes. This could be nothing, but if it happens a lot it could indicate noise or interference on the line. Switch: sw_left_lane_ro_button_1
2018-11-25 14:42:54,451 : SwitchController : WARNING: Received duplicate switch state, which means this switch had some non-debounced state changes. This could be nothing, but if it happens a lot it could indicate noise or interference on the line. Switch: sw_tilt
2018-11-25 14:42:54,463 : SwitchController : WARNING: Received duplicate switch state, which means this switch had some non-debounced state changes. This could be nothing, but if it happens a lot it could indicate noise or interference on the line. Switch: sw_left_outlane
2018-11-25 14:42:54,469 : SwitchController : WARNING: Received duplicate switch state, which means this switch had some non-debounced state changes. This could be nothing, but if it happens a lot it could indicate noise or interference on the line. Switch: sw_feed_lane
2018-11-25 14:42:54,474 : SwitchController : WARNING: Received duplicate switch state, which means this switch had some non-debounced state changes. This could be nothing, but if it happens a lot it could indicate noise or interference on the line. Switch: sw_right_slingshot
2018-11-25 14:42:54,483 : SwitchController : WARNING: Received duplicate switch state, which means this switch had some non-debounced state changes. This could be nothing, but if it happens a lot it could indicate noise or interference on the line. Switch: sw_right_bumper
2018-11-25 14:42:54,489 : SwitchController : WARNING: Received duplicate switch state, which means this switch had some non-debounced state changes. This could be nothing, but if it happens a lot it could indicate noise or interference on the line. Switch: sw_outhole
2018-11-25 14:42:54,495 : SwitchController : WARNING: Received duplicate switch state, which means this switch had some non-debounced state changes. This could be nothing, but if it happens a lot it could indicate noise or interference on the line. Switch: sw_slam_2
2018-11-25 14:42:54,502 : SwitchController : WARNING: Received duplicate switch state, which means this switch had some non-debounced state changes. This could be nothing, but if it happens a lot it could indicate noise or interference on the line. Switch: sw_saucer
2018-11-25 14:42:54,507 : SwitchController : WARNING: Received duplicate switch state, which means this switch had some non-debounced state changes. This could be nothing, but if it happens a lot it could indicate noise or interference on the line. Switch: sw_left_slingshot
2018-11-25 14:42:54,513 : SwitchController : WARNING: Received duplicate switch state, which means this switch had some non-debounced state changes. This could be nothing, but if it happens a lot it could indicate noise or interference on the line. Switch: sw_left_bumper
2018-11-25 14:42:54,519 : SwitchController : WARNING: Received duplicate switch state, which means this switch had some non-debounced state changes. This could be nothing, but if it happens a lot it could indicate noise or interference on the line. Switch: bt_left_flipper
2018-11-25 14:42:54,524 : SwitchController : WARNING: Received duplicate switch state, which means this switch had some non-debounced state changes. This could be nothing, but if it happens a lot it could indicate noise or interference on the line. Switch: bt_right_flipper
2018-11-25 14:42:54,533 : SwitchController : WARNING: Received duplicate switch state, which means this switch had some non-debounced state changes. This could be nothing, but if it happens a lot it could indicate noise or interference on the line. Switch: sw_credit_button
2018-11-25 14:42:54,539 : SwitchController : Unknown switch 104 change to state 0 on platform <Platform.raspPinball>
2018-11-25 14:42:54,554 : SwitchController : WARNING: Received duplicate switch state, which means this switch had some non-debounced state changes. This could be nothing, but if it happens a lot it could indicate noise or interference on the line. Switch: sw_drop_target_e
2018-11-25 14:42:54,560 : SwitchController : WARNING: Received duplicate switch state, which means this switch had some non-debounced state changes. This could be nothing, but if it happens a lot it could indicate noise or interference on the line. Switch: sw_coin_3_right
2018-11-25 14:42:54,565 : SwitchController : WARNING: Received duplicate switch state, which means this switch had some non-debounced state changes. This could be nothing, but if it happens a lot it could indicate noise or interference on the line. Switch: sw_spinner
2018-11-25 14:42:54,572 : SwitchController : Unknown switch 25 change to state 0 on platform <Platform.raspPinball>
2018-11-25 14:42:54,576 : SwitchController : WARNING: Received duplicate switch state, which means this switch had some non-debounced state changes. This could be nothing, but if it happens a lot it could indicate noise or interference on the line. Switch: sw_bottom_bumper
2018-11-25 14:42:54,584 : SwitchController : WARNING: Received duplicate switch state, which means this switch had some non-debounced state changes. This could be nothing, but if it happens a lot it could indicate noise or interference on the line. Switch: sw_drop_target_d
2018-11-25 14:42:54,588 : SwitchController : WARNING: Received duplicate switch state, which means this switch had some non-debounced state changes. This could be nothing, but if it happens a lot it could indicate noise or interference on the line. Switch: sw_coin_1_left
2018-11-25 14:42:54,596 : SwitchController : WARNING: Received duplicate switch state, which means this switch had some non-debounced state changes. This could be nothing, but if it happens a lot it could indicate noise or interference on the line. Switch: sw_top_ro_5
2018-11-25 14:42:54,603 : SwitchController : WARNING: Received duplicate switch state, which means this switch had some non-debounced state changes. This could be nothing, but if it happens a lot it could indicate noise or interference on the line. Switch: sw_star_5
2018-11-25 14:42:54,608 : SwitchController : WARNING: Received duplicate switch state, which means this switch had some non-debounced state changes. This could be nothing, but if it happens a lot it could indicate noise or interference on the line. Switch: sw_left_lane_ro_button_5
2018-11-25 14:42:54,616 : SwitchController : WARNING: Received duplicate switch state, which means this switch had some non-debounced state changes. This could be nothing, but if it happens a lot it could indicate noise or interference on the line. Switch: sw_drop_target_c
2018-11-25 14:42:54,622 : SwitchController : WARNING: Received duplicate switch state, which means this switch had some non-debounced state changes. This could be nothing, but if it happens a lot it could indicate noise or interference on the line. Switch: sw_coin_2_middle
2018-11-25 14:42:54,630 : SwitchController : WARNING: Received duplicate switch state, which means this switch had some non-debounced state changes. This could be nothing, but if it happens a lot it could indicate noise or interference on the line. Switch: sw_top_ro_4
2018-11-25 14:42:54,636 : SwitchController : WARNING: Received duplicate switch state, which means this switch had some non-debounced state changes. This could be nothing, but if it happens a lot it could indicate noise or interference on the line. Switch: sw_star_4
2018-11-25 14:42:54,643 : SwitchController : WARNING: Received duplicate switch state, which means this switch had some non-debounced state changes. This could be nothing, but if it happens a lot it could indicate noise or interference on the line. Switch: sw_left_lane_ro_button_4
2018-11-25 14:42:54,649 : SwitchController : WARNING: Received duplicate switch state, which means this switch had some non-debounced state changes. This could be nothing, but if it happens a lot it could indicate noise or interference on the line. Switch: sw_drop_target_b
2018-11-25 14:42:54,655 : SwitchController : WARNING: Received duplicate switch state, which means this switch had some non-debounced state changes. This could be nothing, but if it happens a lot it could indicate noise or interference on the line. Switch: sw_top_ro_button
2018-11-25 14:42:54,659 : SwitchController : WARNING: Received duplicate switch state, which means this switch had some non-debounced state changes. This could be nothing, but if it happens a lot it could indicate noise or interference on the line. Switch: sw_top_ro_3
2018-11-25 14:42:54,666 : SwitchController : WARNING: Received duplicate switch state, which means this switch had some non-debounced state changes. This could be nothing, but if it happens a lot it could indicate noise or interference on the line. Switch: sw_star_3
2018-11-25 14:42:54,671 : SwitchController : WARNING: Received duplicate switch state, which means this switch had some non-debounced state changes. This could be nothing, but if it happens a lot it could indicate noise or interference on the line. Switch: sw_left_lane_ro_button_3
2018-11-25 14:42:54,678 : SwitchController : WARNING: Received duplicate switch state, which means this switch had some non-debounced state changes. This could be nothing, but if it happens a lot it could indicate noise or interference on the line. Switch: sw_drop_target_a
2018-11-25 14:42:54,683 : SwitchController : WARNING: Received duplicate switch state, which means this switch had some non-debounced state changes. This could be nothing, but if it happens a lot it could indicate noise or interference on the line. Switch: sw_drop_target_rebound
2018-11-25 14:42:54,689 : SwitchController : WARNING: Received duplicate switch state, which means this switch had some non-debounced state changes. This could be nothing, but if it happens a lot it could indicate noise or interference on the line. Switch: sw_top_ro_2
2018-11-25 14:42:54,696 : SwitchController : WARNING: Received duplicate switch state, which means this switch had some non-debounced state changes. This could be nothing, but if it happens a lot it could indicate noise or interference on the line. Switch: sw_star_2
2018-11-25 14:42:54,700 : SwitchController : WARNING: Received duplicate switch state, which means this switch had some non-debounced state changes. This could be nothing, but if it happens a lot it could indicate noise or interference on the line. Switch: sw_left_lane_ro_button_2
2018-11-25 14:42:54,706 : SwitchController : Unknown switch 6 change to state 0 on platform <Platform.raspPinball>
2018-11-25 14:42:54,712 : SwitchController : WARNING: Received duplicate switch state, which means this switch had some non-debounced state changes. This could be nothing, but if it happens a lot it could indicate noise or interference on the line. Switch: sw_right_outlane
2018-11-25 14:42:54,716 : SwitchController : WARNING: Received duplicate switch state, which means this switch had some non-debounced state changes. This could be nothing, but if it happens a lot it could indicate noise or interference on the line. Switch: sw_top_ro_1
2018-11-25 14:42:54,722 : SwitchController : WARNING: Received duplicate switch state, which means this switch had some non-debounced state changes. This could be nothing, but if it happens a lot it could indicate noise or interference on the line. Switch: sw_star_1
2018-11-25 14:42:54,729 : SwitchController : WARNING: Received duplicate switch state, which means this switch had some non-debounced state changes. This could be nothing, but if it happens a lot it could indicate noise or interference on the line. Switch: sw_left_lane_ro_button_1
2018-11-25 14:42:54,733 : SwitchController : WARNING: Received duplicate switch state, which means this switch had some non-debounced state changes. This could be nothing, but if it happens a lot it could indicate noise or interference on the line. Switch: sw_tilt
2018-11-25 14:42:54,739 : SwitchController : WARNING: Received duplicate switch state, which means this switch had some non-debounced state changes. This could be nothing, but if it happens a lot it could indicate noise or interference on the line. Switch: sw_left_outlane
2018-11-25 14:42:54,747 : SwitchController : WARNING: Received duplicate switch state, which means this switch had some non-debounced state changes. This could be nothing, but if it happens a lot it could indicate noise or interference on the line. Switch: sw_feed_lane
2018-11-25 14:42:54,756 : SwitchController : WARNING: Received duplicate switch state, which means this switch had some non-debounced state changes. This could be nothing, but if it happens a lot it could indicate noise or interference on the line. Switch: sw_right_slingshot
2018-11-25 14:42:54,763 : SwitchController : WARNING: Received duplicate switch state, which means this switch had some non-debounced state changes. This could be nothing, but if it happens a lot it could indicate noise or interference on the line. Switch: sw_right_bumper
2018-11-25 14:42:54,773 : SwitchController : WARNING: Received duplicate switch state, which means this switch had some non-debounced state changes. This could be nothing, but if it happens a lot it could indicate noise or interference on the line. Switch: sw_outhole
2018-11-25 14:42:54,780 : SwitchController : WARNING: Received duplicate switch state, which means this switch had some non-debounced state changes. This could be nothing, but if it happens a lot it could indicate noise or interference on the line. Switch: sw_slam_2
2018-11-25 14:42:54,790 : SwitchController : WARNING: Received duplicate switch state, which means this switch had some non-debounced state changes. This could be nothing, but if it happens a lot it could indicate noise or interference on the line. Switch: sw_saucer
2018-11-25 14:42:54,798 : SwitchController : WARNING: Received duplicate switch state, which means this switch had some non-debounced state changes. This could be nothing, but if it happens a lot it could indicate noise or interference on the line. Switch: sw_left_slingshot
2018-11-25 14:42:54,806 : SwitchController : WARNING: Received duplicate switch state, which means this switch had some non-debounced state changes. This could be nothing, but if it happens a lot it could indicate noise or interference on the line. Switch: sw_left_bumper
2018-11-25 14:42:54,814 : SwitchController : WARNING: Received duplicate switch state, which means this switch had some non-debounced state changes. This could be nothing, but if it happens a lot it could indicate noise or interference on the line. Switch: bt_left_flipper
2018-11-25 14:42:54,819 : SwitchController : WARNING: Received duplicate switch state, which means this switch had some non-debounced state changes. This could be nothing, but if it happens a lot it could indicate noise or interference on the line. Switch: bt_right_flipper
2018-11-25 14:42:54,825 : SwitchController : WARNING: Received duplicate switch state, which means this switch had some non-debounced state changes. This could be nothing, but if it happens a lot it could indicate noise or interference on the line. Switch: sw_credit_button
2018-11-25 14:42:54,832 : SwitchController : Unknown switch 104 change to state 0 on platform <Platform.raspPinball>
2018-11-25 14:42:54,850 : SwitchController : WARNING: Received duplicate switch state, which means this switch had some non-debounced state changes. This could be nothing, but if it happens a lot it could indicate noise or interference on the line. Switch: sw_drop_target_e
2018-11-25 14:42:54,857 : SwitchController : WARNING: Received duplicate switch state, which means this switch had some non-debounced state changes. This could be nothing, but if it happens a lot it could indicate noise or interference on the line. Switch: sw_coin_3_right
2018-11-25 14:42:54,863 : SwitchController : WARNING: Received duplicate switch state, which means this switch had some non-debounced state changes. This could be nothing, but if it happens a lot it could indicate noise or interference on the line. Switch: sw_spinner
2018-11-25 14:42:54,871 : SwitchController : Unknown switch 25 change to state 0 on platform <Platform.raspPinball>
2018-11-25 14:42:54,876 : SwitchController : WARNING: Received duplicate switch state, which means this switch had some non-debounced state changes. This could be nothing, but if it happens a lot it could indicate noise or interference on the line. Switch: sw_bottom_bumper
2018-11-25 14:42:54,883 : SwitchController : WARNING: Received duplicate switch state, which means this switch had some non-debounced state changes. This could be nothing, but if it happens a lot it could indicate noise or interference on the line. Switch: sw_drop_target_d
2018-11-25 14:42:54,889 : SwitchController : WARNING: Received duplicate switch state, which means this switch had some non-debounced state changes. This could be nothing, but if it happens a lot it could indicate noise or interference on the line. Switch: sw_coin_1_left
2018-11-25 14:42:54,895 : SwitchController : WARNING: Received duplicate switch state, which means this switch had some non-debounced state changes. This could be nothing, but if it happens a lot it could indicate noise or interference on the line. Switch: sw_top_ro_5
2018-11-25 14:42:54,902 : SwitchController : WARNING: Received duplicate switch state, which means this switch had some non-debounced state changes. This could be nothing, but if it happens a lot it could indicate noise or interference on the line. Switch: sw_star_5
2018-11-25 14:42:54,909 : SwitchController : WARNING: Received duplicate switch state, which means this switch had some non-debounced state changes. This could be nothing, but if it happens a lot it could indicate noise or interference on the line. Switch: sw_left_lane_ro_button_5
2018-11-25 14:42:54,920 : SwitchController : WARNING: Received duplicate switch state, which means this switch had some non-debounced state changes. This could be nothing, but if it happens a lot it could indicate noise or interference on the line. Switch: sw_drop_target_c
2018-11-25 14:42:54,930 : SwitchController : WARNING: Received duplicate switch state, which means this switch had some non-debounced state changes. This could be nothing, but if it happens a lot it could indicate noise or interference on the line. Switch: sw_coin_2_middle
2018-11-25 14:42:54,936 : SwitchController : WARNING: Received duplicate switch state, which means this switch had some non-debounced state changes. This could be nothing, but if it happens a lot it could indicate noise or interference on the line. Switch: sw_top_ro_4
2018-11-25 14:42:54,947 : SwitchController : WARNING: Received duplicate switch state, which means this switch had some non-debounced state changes. This could be nothing, but if it happens a lot it could indicate noise or interference on the line. Switch: sw_star_4
2018-11-25 14:42:54,952 : SwitchController : WARNING: Received duplicate switch state, which means this switch had some non-debounced state changes. This could be nothing, but if it happens a lot it could indicate noise or interference on the line. Switch: sw_left_lane_ro_button_4
2018-11-25 14:42:54,961 : SwitchController : WARNING: Received duplicate switch state, which means this switch had some non-debounced state changes. This could be nothing, but if it happens a lot it could indicate noise or interference on the line. Switch: sw_drop_target_b
2018-11-25 14:42:54,968 : SwitchController : WARNING: Received duplicate switch state, which means this switch had some non-debounced state changes. This could be nothing, but if it happens a lot it could indicate noise or interference on the line. Switch: sw_top_ro_button
2018-11-25 14:42:54,975 : SwitchController : WARNING: Received duplicate switch state, which means this switch had some non-debounced state changes. This could be nothing, but if it happens a lot it could indicate noise or interference on the line. Switch: sw_top_ro_3
2018-11-25 14:42:54,981 : SwitchController : WARNING: Received duplicate switch state, which means this switch had some non-debounced state changes. This could be nothing, but if it happens a lot it could indicate noise or interference on the line. Switch: sw_star_3
2018-11-25 14:42:54,988 : SwitchController : WARNING: Received duplicate switch state, which means this switch had some non-debounced state changes. This could be nothing, but if it happens a lot it could indicate noise or interference on the line. Switch: sw_left_lane_ro_button_3
2018-11-25 14:42:54,995 : SwitchController : WARNING: Received duplicate switch state, which means this switch had some non-debounced state changes. This could be nothing, but if it happens a lot it could indicate noise or interference on the line. Switch: sw_drop_target_a
2018-11-25 14:42:55,001 : SwitchController : WARNING: Received duplicate switch state, which means this switch had some non-debounced state changes. This could be nothing, but if it happens a lot it could indicate noise or interference on the line. Switch: sw_drop_target_rebound
2018-11-25 14:42:55,007 : SwitchController : WARNING: Received duplicate switch state, which means this switch had some non-debounced state changes. This could be nothing, but if it happens a lot it could indicate noise or interference on the line. Switch: sw_top_ro_2
2018-11-25 14:42:55,014 : SwitchController : WARNING: Received duplicate switch state, which means this switch had some non-debounced state changes. This could be nothing, but if it happens a lot it could indicate noise or interference on the line. Switch: sw_star_2
2018-11-25 14:42:55,020 : SwitchController : WARNING: Received duplicate switch state, which means this switch had some non-debounced state changes. This could be nothing, but if it happens a lot it could indicate noise or interference on the line. Switch: sw_left_lane_ro_button_2
2018-11-25 14:42:55,027 : SwitchController : Unknown switch 6 change to state 0 on platform <Platform.raspPinball>
2018-11-25 14:42:55,032 : SwitchController : WARNING: Received duplicate switch state, which means this switch had some non-debounced state changes. This could be nothing, but if it happens a lot it could indicate noise or interference on the line. Switch: sw_right_outlane
2018-11-25 14:42:55,039 : SwitchController : WARNING: Received duplicate switch state, which means this switch had some non-debounced state changes. This could be nothing, but if it happens a lot it could indicate noise or interference on the line. Switch: sw_top_ro_1
2018-11-25 14:42:55,045 : SwitchController : WARNING: Received duplicate switch state, which means this switch had some non-debounced state changes. This could be nothing, but if it happens a lot it could indicate noise or interference on the line. Switch: sw_star_1
2018-11-25 14:42:55,051 : SwitchController : WARNING: Received duplicate switch state, which means this switch had some non-debounced state changes. This could be nothing, but if it happens a lot it could indicate noise or interference on the line. Switch: sw_left_lane_ro_button_1
2018-11-25 14:42:55,058 : SwitchController : WARNING: Received duplicate switch state, which means this switch had some non-debounced state changes. This could be nothing, but if it happens a lot it could indicate noise or interference on the line. Switch: sw_tilt
2018-11-25 14:42:55,065 : SwitchController : WARNING: Received duplicate switch state, which means this switch had some non-debounced state changes. This could be nothing, but if it happens a lot it could indicate noise or interference on the line. Switch: sw_left_outlane
2018-11-25 14:42:55,073 : SwitchController : WARNING: Received duplicate switch state, which means this switch had some non-debounced state changes. This could be nothing, but if it happens a lot it could indicate noise or interference on the line. Switch: sw_feed_lane
2018-11-25 14:42:55,085 : SwitchController : WARNING: Received duplicate switch state, which means this switch had some non-debounced state changes. This could be nothing, but if it happens a lot it could indicate noise or interference on the line. Switch: sw_right_slingshot
2018-11-25 14:42:55,094 : SwitchController : WARNING: Received duplicate switch state, which means this switch had some non-debounced state changes. This could be nothing, but if it happens a lot it could indicate noise or interference on the line. Switch: sw_right_bumper
2018-11-25 14:42:55,103 : SwitchController : WARNING: Received duplicate switch state, which means this switch had some non-debounced state changes. This could be nothing, but if it happens a lot it could indicate noise or interference on the line. Switch: sw_outhole
2018-11-25 14:42:55,110 : SwitchController : WARNING: Received duplicate switch state, which means this switch had some non-debounced state changes. This could be nothing, but if it happens a lot it could indicate noise or interference on the line. Switch: sw_slam_2
2018-11-25 14:42:55,119 : SwitchController : WARNING: Received duplicate switch state, which means this switch had some non-debounced state changes. This could be nothing, but if it happens a lot it could indicate noise or interference on the line. Switch: sw_saucer
2018-11-25 14:42:55,125 : SwitchController : WARNING: Received duplicate switch state, which means this switch had some non-debounced state changes. This could be nothing, but if it happens a lot it could indicate noise or interference on the line. Switch: sw_left_slingshot
2018-11-25 14:42:55,131 : SwitchController : WARNING: Received duplicate switch state, which means this switch had some non-debounced state changes. This could be nothing, but if it happens a lot it could indicate noise or interference on the line. Switch: sw_left_bumper
2018-11-25 14:42:55,136 : SwitchController : WARNING: Received duplicate switch state, which means this switch had some non-debounced state changes. This could be nothing, but if it happens a lot it could indicate noise or interference on the line. Switch: bt_left_flipper
2018-11-25 14:42:55,145 : SwitchController : WARNING: Received duplicate switch state, which means this switch had some non-debounced state changes. This could be nothing, but if it happens a lot it could indicate noise or interference on the line. Switch: bt_right_flipper
2018-11-25 14:42:55,151 : SwitchController : WARNING: Received duplicate switch state, which means this switch had some non-debounced state changes. This could be nothing, but if it happens a lot it could indicate noise or interference on the line. Switch: sw_credit_button
2018-11-25 14:42:55,156 : SwitchController : Unknown switch 104 change to state 0 on platform <Platform.raspPinball>
2018-11-25 14:42:57,939 : RASPPINBALL : PARSING:b'TCK:1695'
2018-11-25 14:42:57,944 : RASPPINBALL : PARSING:b'\r\nDBG:T:3335726WD:0\r\n'
2018-11-25 14:43:02,946 : RASPPINBALL : PARSING:b'TCK:1736\r\nDBG:T:3340727W'
2018-11-25 14:43:02,954 : RASPPINBALL : PARSING:b'D:0\r\n'
2018-11-25 14:43:04,471 : RASPPINBALL : PARSING:b'SWU:102;1\r\n'
2018-11-25 14:43:04,473 : SwitchController : <<<<<<< 'bt_right_flipper' active >>>>>>>
2018-11-25 14:43:04,475 : SwitchController : Found timed switch handler for k/v 3411.906709118 / {'state': 1, 'removed': False, 'callback_kwargs': {}, 'ms': 3000, 'switch_action': 'bt_right_flipper-1', 'callback': <bound method TimedSwitch._activate of <timed_switch.flipper_cradle>>, 'switch_name': 'bt_right_flipper', 'return_info': True}
2018-11-25 14:43:04,805 : RASPPINBALL : PARSING:b'SWU:102;'
2018-11-25 14:43:04,809 : RASPPINBALL : PARSING:b'0\r\n'
2018-11-25 14:43:04,811 : SwitchController : <<<<<<< 'bt_right_flipper' inactive >>>>>>>
2018-11-25 14:43:05,645 : RASPPINBALL : PARSING:b'SWU:102;'
2018-11-25 14:43:05,649 : RASPPINBALL : PARSING:b'1\r\n'
2018-11-25 14:43:05,651 : SwitchController : <<<<<<< 'bt_right_flipper' active >>>>>>>
2018-11-25 14:43:05,653 : SwitchController : Found timed switch handler for k/v 3413.084511309 / {'state': 1, 'removed': False, 'callback_kwargs': {}, 'ms': 3000, 'switch_action': 'bt_right_flipper-1', 'callback': <bound method TimedSwitch._activate of <timed_switch.flipper_cradle>>, 'switch_name': 'bt_right_flipper', 'return_info': True}
2018-11-25 14:43:06,143 : RASPPINBALL : PARSING:b'SWU:102;0\r\n'
2018-11-25 14:43:06,144 : SwitchController : <<<<<<< 'bt_right_flipper' inactive >>>>>>>
2018-11-25 14:43:07,132 : RASPPINBALL : PARSING:b'SWU:101;'
2018-11-25 14:43:07,136 : RASPPINBALL : PARSING:b'1\r\n'
2018-11-25 14:43:07,138 : SwitchController : <<<<<<< 'bt_left_flipper' active >>>>>>>
2018-11-25 14:43:07,140 : SwitchController : Found timed switch handler for k/v 3414.571633631 / {'state': 1, 'removed': False, 'callback_kwargs': {}, 'ms': 3000, 'switch_action': 'bt_left_flipper-1', 'callback': <bound method TimedSwitch._activate of <timed_switch.flipper_cradle>>, 'switch_name': 'bt_left_flipper', 'return_info': True}
2018-11-25 14:43:07,728 : RASPPINBALL : PARSING:b'SWU:101;'
2018-11-25 14:43:07,729 : RASPPINBALL : PARSING:b'0\r\n'
2018-11-25 14:43:07,730 : SwitchController : <<<<<<< 'bt_left_flipper' inactive >>>>>>>
2018-11-25 14:43:07,952 : RASPPINBALL : PARSING:b'TCK:1733'
2018-11-25 14:43:07,954 : RASPPINBALL : PARSING:b'\r\nDBG:T:3345728WD:337550'
2018-11-25 14:43:07,961 : RASPPINBALL : PARSING:b'4\r\n'
2018-11-25 14:43:08,073 : RASPPINBALL : PARSING:b'SWU:101;'
2018-11-25 14:43:08,077 : RASPPINBALL : PARSING:b'1\r\n'
2018-11-25 14:43:08,078 : SwitchController : <<<<<<< 'bt_left_flipper' active >>>>>>>
2018-11-25 14:43:08,080 : SwitchController : Found timed switch handler for k/v 3415.511855464 / {'state': 1, 'removed': False, 'callback_kwargs': {}, 'ms': 3000, 'switch_action': 'bt_left_flipper-1', 'callback': <bound method TimedSwitch._activate of <timed_switch.flipper_cradle>>, 'switch_name': 'bt_left_flipper', 'return_info': True}
2018-11-25 14:43:08,174 : RASPPINBALL : PARSING:b'SWU:101;'
2018-11-25 14:43:08,178 : RASPPINBALL : PARSING:b'0\r\n'
2018-11-25 14:43:08,179 : SwitchController : <<<<<<< 'bt_left_flipper' inactive >>>>>>>
2018-11-25 14:43:08,337 : RASPPINBALL : PARSING:b'SWU:101;'
2018-11-25 14:43:08,338 : RASPPINBALL : PARSING:b'1\r\n'
2018-11-25 14:43:08,339 : SwitchController : <<<<<<< 'bt_left_flipper' active >>>>>>>
2018-11-25 14:43:08,341 : SwitchController : Found timed switch handler for k/v 3415.772566658 / {'state': 1, 'removed': False, 'callback_kwargs': {}, 'ms': 3000, 'switch_action': 'bt_left_flipper-1', 'callback': <bound method TimedSwitch._activate of <timed_switch.flipper_cradle>>, 'switch_name': 'bt_left_flipper', 'return_info': True}
2018-11-25 14:43:08,443 : RASPPINBALL : PARSING:b'SWU:101;'
2018-11-25 14:43:08,446 : RASPPINBALL : PARSING:b'0\r\n'
2018-11-25 14:43:08,447 : SwitchController : <<<<<<< 'bt_left_flipper' inactive >>>>>>>
2018-11-25 14:43:08,829 : RASPPINBALL : PARSING:b'SWU:103;'
2018-11-25 14:43:08,833 : RASPPINBALL : PARSING:b'1\r\n'
2018-11-25 14:43:08,835 : SwitchController : <<<<<<< 'sw_credit_button' active >>>>>>>
2018-11-25 14:43:08,996 : RASPPINBALL : PARSING:b'SWU:103;'
2018-11-25 14:43:09,000 : RASPPINBALL : PARSING:b'0\r\n'
2018-11-25 14:43:09,001 : SwitchController : <<<<<<< 'sw_credit_button' inactive >>>>>>>
2018-11-25 14:43:09,354 : RASPPINBALL : PARSING:b'SWU:103;'
2018-11-25 14:43:09,358 : RASPPINBALL : PARSING:b'1\r\n'
2018-11-25 14:43:09,360 : SwitchController : <<<<<<< 'sw_credit_button' active >>>>>>>
2018-11-25 14:43:09,985 : RASPPINBALL : PARSING:b'SWU:103;'
2018-11-25 14:43:09,988 : RASPPINBALL : PARSING:b'0\r\n'
2018-11-25 14:43:09,989 : SwitchController : <<<<<<< 'sw_credit_button' inactive >>>>>>>
2018-11-25 14:43:10,431 : RASPPINBALL : PARSING:b'SWU:101;'
2018-11-25 14:43:10,435 : RASPPINBALL : PARSING:b'1\r\n'
2018-11-25 14:43:10,437 : SwitchController : <<<<<<< 'bt_left_flipper' active >>>>>>>
2018-11-25 14:43:10,439 : SwitchController : Found timed switch handler for k/v 3417.869972042 / {'state': 1, 'removed': False, 'callback_kwargs': {}, 'ms': 3000, 'switch_action': 'bt_left_flipper-1', 'callback': <bound method TimedSwitch._activate of <timed_switch.flipper_cradle>>, 'switch_name': 'bt_left_flipper', 'return_info': True}
2018-11-25 14:43:10,618 : RASPPINBALL : PARSING:b'SWU:101;'
2018-11-25 14:43:10,622 : RASPPINBALL : PARSING:b'0\r\n'
2018-11-25 14:43:10,624 : SwitchController : <<<<<<< 'bt_left_flipper' inactive >>>>>>>
2018-11-25 14:43:10,802 : RASPPINBALL : PARSING:b'SWU:103;'
2018-11-25 14:43:10,806 : RASPPINBALL : PARSING:b'1\r\n'
2018-11-25 14:43:10,808 : SwitchController : <<<<<<< 'sw_credit_button' active >>>>>>>
2018-11-25 14:43:10,988 : RASPPINBALL : PARSING:b'SWU:103;0\r\n'
2018-11-25 14:43:10,990 : SwitchController : <<<<<<< 'sw_credit_button' inactive >>>>>>>
2018-11-25 14:43:11,418 : RASPPINBALL : PARSING:b'SWU:102;'
2018-11-25 14:43:11,420 : RASPPINBALL : PARSING:b'1\r\n'
2018-11-25 14:43:11,422 : SwitchController : <<<<<<< 'bt_right_flipper' active >>>>>>>
2018-11-25 14:43:11,424 : SwitchController : Found timed switch handler for k/v 3418.855413185 / {'state': 1, 'removed': False, 'callback_kwargs': {}, 'ms': 3000, 'switch_action': 'bt_right_flipper-1', 'callback': <bound method TimedSwitch._activate of <timed_switch.flipper_cradle>>, 'switch_name': 'bt_right_flipper', 'return_info': True}
2018-11-25 14:43:11,928 : RASPPINBALL : PARSING:b'SWU:102;'
2018-11-25 14:43:11,931 : RASPPINBALL : PARSING:b'0\r\n'
2018-11-25 14:43:11,933 : SwitchController : <<<<<<< 'bt_right_flipper' inactive >>>>>>>
2018-11-25 14:43:12,172 : RASPPINBALL : PARSING:b'SWU:103;'
2018-11-25 14:43:12,174 : RASPPINBALL : PARSING:b'1\r\n'
2018-11-25 14:43:12,175 : SwitchController : <<<<<<< 'sw_credit_button' active >>>>>>>
2018-11-25 14:43:12,861 : RASPPINBALL : PARSING:b'SWU:103;0\r\n'
2018-11-25 14:43:12,863 : SwitchController : <<<<<<< 'sw_credit_button' inactive >>>>>>>
2018-11-25 14:43:12,959 : RASPPINBALL : PARSING:b'TCK:1730'
2018-11-25 14:43:12,963 : RASPPINBALL : PARSING:b'\r\nDBG:T:3350729WD:3380631\r\n'
2018-11-25 14:43:16,522 : RASPPINBALL : PARSING:b'SWU:8;1\r\n'
2018-11-25 14:43:16,524 : SwitchController : <<<<<<< 'sw_outhole' active >>>>>>>
2018-11-25 14:43:17,942 : RASPPINBALL : PARSING:b'SWU:103;'
2018-11-25 14:43:17,946 : RASPPINBALL : PARSING:b'1\r\n'
2018-11-25 14:43:17,947 : SwitchController : <<<<<<< 'sw_credit_button' active >>>>>>>
2018-11-25 14:43:17,966 : RASPPINBALL : PARSING:b'TCK:1733'
2018-11-25 14:43:17,968 : RASPPINBALL : PARSING:b'\r\nDBG:T:3355730WD:3385706\r\n'
2018-11-25 14:43:18,350 : RASPPINBALL : PARSING:b'SWU:103;0\r\n'
2018-11-25 14:43:18,352 : SwitchController : <<<<<<< 'sw_credit_button' inactive >>>>>>>
2018-11-25 14:43:20,348 : RASPPINBALL : PARSING:b'SWU:103;'
2018-11-25 14:43:20,352 : RASPPINBALL : PARSING:b'1\r\n'
2018-11-25 14:43:20,353 : SwitchController : <<<<<<< 'sw_credit_button' active >>>>>>>
2018-11-25 14:43:21,348 : RASPPINBALL : PARSING:b'SWU:103;'
2018-11-25 14:43:21,352 : RASPPINBALL : PARSING:b'0\r\n'
2018-11-25 14:43:21,354 : SwitchController : <<<<<<< 'sw_credit_button' inactive >>>>>>>
2018-11-25 14:43:21,819 : RASPPINBALL : PARSING:b'SWU:102;'
2018-11-25 14:43:21,823 : RASPPINBALL : PARSING:b'1\r\n'
2018-11-25 14:43:21,825 : SwitchController : <<<<<<< 'bt_right_flipper' active >>>>>>>
2018-11-25 14:43:21,827 : SwitchController : Found timed switch handler for k/v 3429.258237123 / {'state': 1, 'removed': False, 'callback_kwargs': {}, 'ms': 3000, 'switch_action': 'bt_right_flipper-1', 'callback': <bound method TimedSwitch._activate of <timed_switch.flipper_cradle>>, 'switch_name': 'bt_right_flipper', 'return_info': True}
2018-11-25 14:43:22,360 : RASPPINBALL : PARSING:b'SWU:102;0\r\n'
2018-11-25 14:43:22,361 : SwitchController : <<<<<<< 'bt_right_flipper' inactive >>>>>>>
2018-11-25 14:43:22,534 : RASPPINBALL : PARSING:b'SWU:102;1\r\n'
2018-11-25 14:43:22,536 : SwitchController : <<<<<<< 'bt_right_flipper' active >>>>>>>
2018-11-25 14:43:22,538 : SwitchController : Found timed switch handler for k/v 3429.969311863 / {'state': 1, 'removed': False, 'callback_kwargs': {}, 'ms': 3000, 'switch_action': 'bt_right_flipper-1', 'callback': <bound method TimedSwitch._activate of <timed_switch.flipper_cradle>>, 'switch_name': 'bt_right_flipper', 'return_info': True}
2018-11-25 14:43:22,560 : RASPPINBALL : PARSING:b'SWU:102;0\r\n'
2018-11-25 14:43:22,562 : SwitchController : <<<<<<< 'bt_right_flipper' inactive >>>>>>>
2018-11-25 14:43:22,684 : RASPPINBALL : PARSING:b'SWU:102;1\r\n'
2018-11-25 14:43:22,686 : SwitchController : <<<<<<< 'bt_right_flipper' active >>>>>>>
2018-11-25 14:43:22,687 : SwitchController : Found timed switch handler for k/v 3430.118647088 / {'state': 1, 'removed': False, 'callback_kwargs': {}, 'ms': 3000, 'switch_action': 'bt_right_flipper-1', 'callback': <bound method TimedSwitch._activate of <timed_switch.flipper_cradle>>, 'switch_name': 'bt_right_flipper', 'return_info': True}
2018-11-25 14:43:22,700 : RASPPINBALL : PARSING:b'SWU:102;'
2018-11-25 14:43:22,704 : RASPPINBALL : PARSING:b'0\r\n'
2018-11-25 14:43:22,705 : SwitchController : <<<<<<< 'bt_right_flipper' inactive >>>>>>>
2018-11-25 14:43:22,799 : RASPPINBALL : PARSING:b'SWU:102;'
2018-11-25 14:43:22,802 : RASPPINBALL : PARSING:b'1\r\n'
2018-11-25 14:43:22,804 : SwitchController : <<<<<<< 'bt_right_flipper' active >>>>>>>
2018-11-25 14:43:22,805 : SwitchController : Found timed switch handler for k/v 3430.23663303 / {'state': 1, 'removed': False, 'callback_kwargs': {}, 'ms': 3000, 'switch_action': 'bt_right_flipper-1', 'callback': <bound method TimedSwitch._activate of <timed_switch.flipper_cradle>>, 'switch_name': 'bt_right_flipper', 'return_info': True}
2018-11-25 14:43:22,838 : RASPPINBALL : PARSING:b'SWU:102;'
2018-11-25 14:43:22,841 : RASPPINBALL : PARSING:b'0\r\n'
2018-11-25 14:43:22,842 : SwitchController : <<<<<<< 'bt_right_flipper' inactive >>>>>>>
2018-11-25 14:43:22,923 : RASPPINBALL : PARSING:b'SWU:102;1\r\n'
2018-11-25 14:43:22,925 : SwitchController : <<<<<<< 'bt_right_flipper' active >>>>>>>
2018-11-25 14:43:22,926 : SwitchController : Found timed switch handler for k/v 3430.35780728 / {'state': 1, 'removed': False, 'callback_kwargs': {}, 'ms': 3000, 'switch_action': 'bt_right_flipper-1', 'callback': <bound method TimedSwitch._activate of <timed_switch.flipper_cradle>>, 'switch_name': 'bt_right_flipper', 'return_info': True}
2018-11-25 14:43:22,969 : RASPPINBALL : PARSING:b'SWU:102;'
2018-11-25 14:43:22,973 : RASPPINBALL : PARSING:b'0\r\nTCK:1730\r\nDBG:T:3360731WD:339072'
2018-11-25 14:43:22,974 : SwitchController : <<<<<<< 'bt_right_flipper' inactive >>>>>>>
2018-11-25 14:43:22,986 : RASPPINBALL : PARSING:b'9\r\n'
2018-11-25 14:43:23,627 : RASPPINBALL : PARSING:b'SWU:101;'
2018-11-25 14:43:23,631 : RASPPINBALL : PARSING:b'1\r\n'
2018-11-25 14:43:23,633 : SwitchController : <<<<<<< 'bt_left_flipper' active >>>>>>>
2018-11-25 14:43:23,635 : SwitchController : Found timed switch handler for k/v 3431.066346513 / {'state': 1, 'removed': False, 'callback_kwargs': {}, 'ms': 3000, 'switch_action': 'bt_left_flipper-1', 'callback': <bound method TimedSwitch._activate of <timed_switch.flipper_cradle>>, 'switch_name': 'bt_left_flipper', 'return_info': True}
2018-11-25 14:43:23,676 : RASPPINBALL : PARSING:b'SWU:101;'
2018-11-25 14:43:23,679 : RASPPINBALL : PARSING:b'0\r\n'
2018-11-25 14:43:23,680 : SwitchController : <<<<<<< 'bt_left_flipper' inactive >>>>>>>
2018-11-25 14:43:23,816 : RASPPINBALL : PARSING:b'SWU:101;'
2018-11-25 14:43:23,818 : RASPPINBALL : PARSING:b'1\r\n'
2018-11-25 14:43:23,820 : SwitchController : <<<<<<< 'bt_left_flipper' active >>>>>>>
2018-11-25 14:43:23,821 : SwitchController : Found timed switch handler for k/v 3431.252838214 / {'state': 1, 'removed': False, 'callback_kwargs': {}, 'ms': 3000, 'switch_action': 'bt_left_flipper-1', 'callback': <bound method TimedSwitch._activate of <timed_switch.flipper_cradle>>, 'switch_name': 'bt_left_flipper', 'return_info': True}
2018-11-25 14:43:23,871 : RASPPINBALL : PARSING:b'SWU:101;'
2018-11-25 14:43:23,873 : RASPPINBALL : PARSING:b'0\r\n'
2018-11-25 14:43:23,874 : SwitchController : <<<<<<< 'bt_left_flipper' inactive >>>>>>>
2018-11-25 14:43:24,001 : RASPPINBALL : PARSING:b'SWU:101;'
2018-11-25 14:43:24,004 : RASPPINBALL : PARSING:b'1\r\n'
2018-11-25 14:43:24,005 : SwitchController : <<<<<<< 'bt_left_flipper' active >>>>>>>
2018-11-25 14:43:24,007 : SwitchController : Found timed switch handler for k/v 3431.438534295 / {'state': 1, 'removed': False, 'callback_kwargs': {}, 'ms': 3000, 'switch_action': 'bt_left_flipper-1', 'callback': <bound method TimedSwitch._activate of <timed_switch.flipper_cradle>>, 'switch_name': 'bt_left_flipper', 'return_info': True}
2018-11-25 14:43:24,036 : RASPPINBALL : PARSING:b'SWU:101;'
2018-11-25 14:43:24,039 : RASPPINBALL : PARSING:b'0\r\n'
2018-11-25 14:43:24,041 : SwitchController : <<<<<<< 'bt_left_flipper' inactive >>>>>>>
2018-11-25 14:43:24,169 : RASPPINBALL : PARSING:b'SWU:101;'
2018-11-25 14:43:24,172 : RASPPINBALL : PARSING:b'1\r\n'
2018-11-25 14:43:24,173 : SwitchController : <<<<<<< 'bt_left_flipper' active >>>>>>>
2018-11-25 14:43:24,174 : SwitchController : Found timed switch handler for k/v 3431.606226456 / {'state': 1, 'removed': False, 'callback_kwargs': {}, 'ms': 3000, 'switch_action': 'bt_left_flipper-1', 'callback': <bound method TimedSwitch._activate of <timed_switch.flipper_cradle>>, 'switch_name': 'bt_left_flipper', 'return_info': True}
2018-11-25 14:43:24,226 : RASPPINBALL : PARSING:b'SWU:101;'
2018-11-25 14:43:24,229 : RASPPINBALL : PARSING:b'0\r\n'
2018-11-25 14:43:24,230 : SwitchController : <<<<<<< 'bt_left_flipper' inactive >>>>>>>
2018-11-25 14:43:24,929 : RASPPINBALL : PARSING:b'SWU:103;'
2018-11-25 14:43:24,933 : RASPPINBALL : PARSING:b'1\r\n'
2018-11-25 14:43:24,935 : SwitchController : <<<<<<< 'sw_credit_button' active >>>>>>>
2018-11-25 14:43:25,569 : RASPPINBALL : PARSING:b'SWU:103;'
2018-11-25 14:43:25,572 : RASPPINBALL : PARSING:b'0\r\n'
2018-11-25 14:43:25,573 : SwitchController : <<<<<<< 'sw_credit_button' inactive >>>>>>>
2018-11-25 14:43:25,995 : RASPPINBALL : PARSING:b'SWU:103;'
2018-11-25 14:43:25,999 : RASPPINBALL : PARSING:b'1\r\n'
2018-11-25 14:43:26,000 : SwitchController : <<<<<<< 'sw_credit_button' active >>>>>>>
2018-11-25 14:43:26,054 : RASPPINBALL : PARSING:b'SWU:103;0\r\n'
2018-11-25 14:43:26,056 : SwitchController : <<<<<<< 'sw_credit_button' inactive >>>>>>>
2018-11-25 14:43:26,172 : RASPPINBALL : PARSING:b'SWU:103;'
2018-11-25 14:43:26,174 : RASPPINBALL : PARSING:b'1\r\n'
2018-11-25 14:43:26,176 : SwitchController : <<<<<<< 'sw_credit_button' active >>>>>>>
2018-11-25 14:43:26,242 : RASPPINBALL : PARSING:b'SWU:103;0\r\n'
2018-11-25 14:43:26,243 : SwitchController : <<<<<<< 'sw_credit_button' inactive >>>>>>>
2018-11-25 14:43:26,351 : RASPPINBALL : PARSING:b'SWU:103;'
2018-11-25 14:43:26,354 : RASPPINBALL : PARSING:b'1\r\n'
2018-11-25 14:43:26,355 : SwitchController : <<<<<<< 'sw_credit_button' active >>>>>>>
2018-11-25 14:43:26,407 : RASPPINBALL : PARSING:b'SWU:103;'
2018-11-25 14:43:26,410 : RASPPINBALL : PARSING:b'0\r\n'
2018-11-25 14:43:26,411 : SwitchController : <<<<<<< 'sw_credit_button' inactive >>>>>>>
2018-11-25 14:43:26,508 : RASPPINBALL : PARSING:b'SWU:103;'
2018-11-25 14:43:26,511 : RASPPINBALL : PARSING:b'1\r\n'
2018-11-25 14:43:26,512 : SwitchController : <<<<<<< 'sw_credit_button' active >>>>>>>
2018-11-25 14:43:26,578 : RASPPINBALL : PARSING:b'SWU:103;'
2018-11-25 14:43:26,581 : RASPPINBALL : PARSING:b'0\r\n'
2018-11-25 14:43:26,582 : SwitchController : <<<<<<< 'sw_credit_button' inactive >>>>>>>
2018-11-25 14:43:26,896 : RASPPINBALL : PARSING:b'SWU:101;'
2018-11-25 14:43:26,897 : RASPPINBALL : PARSING:b'1\r\n'
2018-11-25 14:43:26,899 : SwitchController : <<<<<<< 'bt_left_flipper' active >>>>>>>
2018-11-25 14:43:26,900 : SwitchController : Found timed switch handler for k/v 3434.331706708 / {'state': 1, 'removed': False, 'callback_kwargs': {}, 'ms': 3000, 'switch_action': 'bt_left_flipper-1', 'callback': <bound method TimedSwitch._activate of <timed_switch.flipper_cradle>>, 'switch_name': 'bt_left_flipper', 'return_info': True}
2018-11-25 14:43:27,443 : RASPPINBALL : PARSING:b'SWU:101;'
2018-11-25 14:43:27,445 : RASPPINBALL : PARSING:b'0\r\n'
2018-11-25 14:43:27,446 : SwitchController : <<<<<<< 'bt_left_flipper' inactive >>>>>>>
2018-11-25 14:43:27,939 : RASPPINBALL : PARSING:b'SWU:8;0\r\n'
2018-11-25 14:43:27,940 : SwitchController : <<<<<<< 'sw_outhole' inactive >>>>>>>
2018-11-25 14:43:27,978 : RASPPINBALL : PARSING:b'TCK:1729'
2018-11-25 14:43:27,981 : RASPPINBALL : PARSING:b'\r\nDBG:T:3365732WD:3395693\r\n'
2018-11-25 14:43:28,705 : RASPPINBALL : PARSING:b'SWU:8;1\r\n'
2018-11-25 14:43:28,706 : SwitchController : <<<<<<< 'sw_outhole' active >>>>>>>
2018-11-25 14:43:29,887 : RASPPINBALL : PARSING:b'SWU:103;1\r\n'
2018-11-25 14:43:29,888 : SwitchController : <<<<<<< 'sw_credit_button' active >>>>>>>
2018-11-25 14:43:30,164 : RASPPINBALL : PARSING:b'SWU:103;0\r\n'
2018-11-25 14:43:30,166 : SwitchController : <<<<<<< 'sw_credit_button' inactive >>>>>>>
2018-11-25 14:43:30,446 : RASPPINBALL : PARSING:b'SWU:8;0\r\n'
2018-11-25 14:43:30,448 : SwitchController : <<<<<<< 'sw_outhole' inactive >>>>>>>
2018-11-25 14:43:32,985 : RASPPINBALL : PARSING:b'TCK:1733'
2018-11-25 14:43:32,987 : RASPPINBALL : PARSING:b'\r\nDBG:T:3370733WD:3398196\r\n'
2018-11-25 14:43:37,992 : RASPPINBALL : PARSING:b'TCK:1734'
2018-11-25 14:43:37,994 : RASPPINBALL : PARSING:b'\r\nDBG:T:3375734WD:3398196\r\n'
2018-11-25 14:43:42,998 : RASPPINBALL : PARSING:b'TCK:1734'
2018-11-25 14:43:43,001 : RASPPINBALL : PARSING:b'\r\nDBG:T:3380736WD:3398196\r\n'
2018-11-25 14:43:48,005 : RASPPINBALL : PARSING:b'TCK:1734'
2018-11-25 14:43:48,008 : RASPPINBALL : PARSING:b'\r\nDBG:T:3385737WD:3398196\r\n'
2018-11-25 14:43:53,012 : RASPPINBALL : PARSING:b'TCK:1734'
2018-11-25 14:43:53,014 : RASPPINBALL : PARSING:b'\r\nDBG:T:3390738WD:3398196\r\n'
2018-11-25 14:43:58,019 : RASPPINBALL : PARSING:b'TCK:1734\r\nDBG:T:'
2018-11-25 14:43:58,027 : RASPPINBALL : PARSING:b'3395739WD:3398196\r\n'
2018-11-25 14:44:00,479 : RASPPINBALL : PARSING:b'ERR:watc'
2018-11-25 14:44:00,481 : RASPPINBALL : PARSING:b'hdog timeout!\r\n'
2018-11-25 14:44:00,482 : RASPPINBALL : RECV:ERR:watchdog timeout!
