2018-11-25 14:40:42,329 : Machine : Mission Pinball Framework Core Engine v0.33.46
2018-11-25 14:40:42,331 : Machine : Command line arguments: {'pause': False, 'force_platform': None, 'force_assets_load': False, 'loglevel': 11, 'consoleloglevel': 20, 'mc_file_name': None, 'create_config_cache': True, 'mpfconfigfile': '/home/sysop/pinball/mpf/mpf/mpfconfig.yaml', 'logfile': 'logs/2018-11-25-14-40-42-mpf-kivypie.log', 'bcp': True, 'syslog_address': None, 'no_load_cache': False, 'configfile': ['config']}
2018-11-25 14:40:42,332 : Machine : MPF path: /home/sysop/pinball/mpf/mpf
2018-11-25 14:40:42,332 : Machine : Machine path: /home/sysop/pinball/machines/supersonic
2018-11-25 14:40:42,333 : Machine : Platform: linux
2018-11-25 14:40:42,333 : Machine : Python executable location: /usr/bin/python3
2018-11-25 14:40:42,334 : Machine : Python version: 3.4.2 (32-bit)
2018-11-25 14:40:45,614 : Machine : Loading cached config: /tmp/b483c2bb19bc8f7f9bf445a6d20fd2dcconfig
2018-11-25 14:40:45,706 : RASPPINBALL : Configuring raspPinball hardware.
2018-11-25 14:40:45,707 : Machine : Setting default platform to 'rasppinball'
2018-11-25 14:40:45,707 : Machine : Loading core modules...
2018-11-25 14:40:45,708 : Machine : Loading 'mpf.core.events.EventManager' core module
2018-11-25 14:40:45,789 : Machine : Loading 'mpf.core.mode_controller.ModeController' core module
2018-11-25 14:40:45,907 : Machine : Loading 'mpf.core.config_processor.ConfigProcessor' core module
2018-11-25 14:40:45,910 : Machine : Loading 'mpf.core.shot_profile_manager.ShotProfileManager' core module
2018-11-25 14:40:45,930 : Machine : Loading 'mpf.core.device_manager.DeviceManager' core module
2018-11-25 14:40:45,931 : DeviceManager : Loading the DeviceManager
2018-11-25 14:40:45,938 : Machine : Loading 'mpf.core.switch_controller.SwitchController' core module
2018-11-25 14:40:45,955 : SwitchController : Loading the SwitchController
2018-11-25 14:40:45,960 : Machine : Loading 'mpf.core.ball_controller.BallController' core module
2018-11-25 14:40:45,971 : Machine : Loading 'mpf.core.assets.AsyncioSyncAssetManager' core module
2018-11-25 14:40:46,006 : Machine : Loading 'mpf.core.show_controller.ShowController' core module
2018-11-25 14:40:46,019 : Machine : Loading 'mpf.core.bcp.bcp.Bcp' core module
2018-11-25 14:40:46,055 : Machine : Loading 'mpf.core.logic_blocks.LogicBlocks' core module
2018-11-25 14:40:46,066 : Machine : Loading 'mpf.core.service_controller.ServiceController' core module
2018-11-25 14:40:46,076 : Machine : Loading 'mpf.core.settings_controller.SettingsController' core module
2018-11-25 14:40:46,087 : Machine : Loading 'mpf.core.placeholder_manager.PlaceholderManager' core module
2018-11-25 14:40:46,096 : Machine : Loading 'mpf.core.extra_balls.ExtraBallController' core module
2018-11-25 14:40:46,109 : RASPPINBALL : Initialize raspPinball hardware.
2018-11-25 14:40:46,111 : RASPPINBALL : Connecting to /dev/ttyAMA0 at 115200bps
2018-11-25 14:40:46,117 : root : name 'frame_nb' is not defined
Traceback (most recent call last):
  File "/home/sysop/pinball/mpf/mpf/commands/game.py", line 181, in __init__
    MachineController(mpf_path, machine_path, vars(args)).run()
  File "/home/sysop/pinball/mpf/mpf/core/machine.py", line 127, in __init__
    self._initialize_platforms()
  File "/home/sysop/pinball/mpf/mpf/core/machine.py", line 198, in _initialize_platforms
    platform.initialize()
  File "/home/sysop/pinball/mpf/mpf/platforms/rasppinball/rasppinball.py", line 65, in initialize
    self._connect_to_hardware()
  File "/home/sysop/pinball/mpf/mpf/platforms/rasppinball/rasppinball.py", line 275, in _connect_to_hardware
    self.communicator.msg_init_platform()
  File "/home/sysop/pinball/mpf/mpf/platforms/rasppinball/serial.py", line 136, in msg_init_platform
    self.__send_msg(msg)
  File "/home/sysop/pinball/mpf/mpf/platforms/rasppinball/serial.py", line 82, in __send_msg
    self.frames[frame_nb] = {'msg': msg, 'time': time.time(), 'retry': 0}
NameError: name 'frame_nb' is not defined
